#
# A fatal error has been detected by the Java Runtime Environment:
#
#  EXCEPTION_ACCESS_VIOLATION (0xc0000005) at pc=0x000002b41921a460, pid=25360, tid=6704
#
# JRE version: Java(TM) SE Runtime Environment (12.0.1+12) (build 12.0.1+12)
# Java VM: Java HotSpot(TM) 64-Bit Server VM (12.0.1+12, mixed mode, sharing, tiered, compressed oops, g1 gc, windows-amd64)
# Problematic frame:
# J 155 c2 java.lang.String.length()I java.base@12.0.1 (11 bytes) @ 0x000002b41921a460 [0x000002b41921a420+0x0000000000000040]
#
# No core dump will be written. Minidumps are not enabled by default on client versions of Windows
#
# If you would like to submit a bug report, please visit:
#   http://bugreport.java.com/bugreport/crash.jsp
#

---------------  S U M M A R Y ------------

Command Line: 

Host: Intel(R) Core(TM) i9-9900K CPU @ 3.60GHz, 16 cores, 63G,  Windows 10 , 64 bit Build 19041 (10.0.19041.1566)
Time: Mon Apr 18 11:29:33 2022 Mountain Daylight Time elapsed time: 32 seconds (0d 0h 0m 32s)

---------------  T H R E A D  ---------------

Current thread (0x000002b3f5f0d000):  JavaThread "main" [_thread_in_Java, id=6704, stack(0x000000d0cc800000,0x000000d0cc9f0000)]

Stack: [0x000000d0cc800000,0x000000d0cc9f0000],  sp=0x000000d0cc9e8860,  free space=1954k
Native frames: (J=compiled Java code, j=interpreted, Vv=VM code, C=native code)
C  0x000002b41921a460


siginfo: EXCEPTION_ACCESS_VIOLATION (0xc0000005), reading address 0x00000003fe00000c


Register to memory mapping:

RIP=0x000002b41921a460 is at entry_point+64 in (nmethod*)0x000002b41921a290
RAX={method} {0x0000000800374e18} 'length' '()I' in 'java/lang/String'
RBX={method} {0x0000000800374e18} 'length' '()I' in 'java/lang/String'
RCX=0x000000043f726040 points into unknown readable memory: 05 00 00 00 00 00 00 00
RDX=0x000000043f726040 points into unknown readable memory: 05 00 00 00 00 00 00 00
RSP=0x000000d0cc9e8860 is pointing into the stack for thread: 0x000002b3f5f0d000
RBP=0x000000d0cc9e88e8 is pointing into the stack for thread: 0x000002b3f5f0d000
RSI=0x000002b3f5f0d000 is a thread
RDI=0x0000000000000002 is an unknown value
R8 =0x0 is NULL
R9 =0x0000000000000002 is an unknown value
R10=0x00007ffe8582eb80 points into unknown readable memory: 40 95 67 11 b4 02 00 00
R11=0x000000007fc00000 is an unknown value
R12=0x0 is NULL
R13=0x000000d0cc9e8890 is pointing into the stack for thread: 0x000002b3f5f0d000
R14=0x000000d0cc9e8900 is pointing into the stack for thread: 0x000002b3f5f0d000
R15=0x000002b3f5f0d000 is a thread


Registers:
RAX=0x0000000800374e10, RBX=0x0000000800374e10, RCX=0x000000043f726040, RDX=0x000000043f726040
RSP=0x000000d0cc9e8860, RBP=0x000000d0cc9e88e8, RSI=0x000002b3f5f0d000, RDI=0x0000000000000002
R8 =0x0000000000000000, R9 =0x0000000000000002, R10=0x00007ffe8582eb80, R11=0x000000007fc00000
R12=0x0000000000000000, R13=0x000000d0cc9e8890, R14=0x000000d0cc9e8900, R15=0x000002b3f5f0d000
RIP=0x000002b41921a460, EFLAGS=0x0000000000010206

Top of Stack: (sp=0x000000d0cc9e8860)
0x000000d0cc9e8860:   000002b44a7ed9e0 0000000440ce2700
0x000000d0cc9e8870:   000000d0cc9e88e8 000002b411679880
0x000000d0cc9e8880:   000000d0cc9e8898 000002b411679880
0x000000d0cc9e8890:   000000043f726040 000000043f726050
0x000000d0cc9e88a0:   000000d0cc9e88a0 000002b44a6b5e15
0x000000d0cc9e88b0:   000000d0cc9e8900 000002b44a6b6748
0x000000d0cc9e88c0:   000002b44a7ed848 00000004405c4d30
0x000000d0cc9e88d0:   000002b44a6b5e48 000000d0cc9e8890
0x000000d0cc9e88e0:   000000d0cc9e88f8 000000d0cc9e8ae0
0x000000d0cc9e88f0:   000002b411670a90 000000043f726040
0x000000d0cc9e8900:   000000043f726050 000000d0cc9e89c9
0x000000d0cc9e8910:   000000d0cc9e8e40 00007ffe86465e49
0x000000d0cc9e8920:   00007ffe866f99e2 000002b408c9b970
0x000000d0cc9e8930:   000000d0cc9e8a10 000002b300000000
0x000000d0cc9e8940:   000002b3f07ea4d0 0000000000000000
0x000000d0cc9e8950:   000002b3f0806828 0000005000000000 

Instructions: (pc=0x000002b41921a460)
0x000002b41921a440:   f8 66 66 90 0f 1f 84 00 00 00 00 00 66 66 66 90
0x000002b41921a450:   89 84 24 00 90 ff ff 55 48 83 ec 10 44 8b 5a 0c
0x000002b41921a460:   43 8b 44 dc 0c 0f be 4a 14 d3 f8 48 83 c4 10 5d
0x000002b41921a470:   4d 8b 97 08 01 00 00 41 85 02 c3 ba f6 ff ff ff 


Stack slot to memory mapping:
stack at sp + 0 slots: 0x000002b44a7ed9e0 is pointing into metadata
stack at sp + 1 slots: 0x0000000440ce2700 points into unknown readable memory: 01 b5 81 a8 5c 00 00 00
stack at sp + 2 slots: 0x000000d0cc9e88e8 is pointing into the stack for thread: 0x000002b3f5f0d000
stack at sp + 3 slots: 0x000002b411679880 is at code_begin+832 in an Interpreter codelet
invoke return entry points  [0x000002b411679540, 0x000002b411679f60]  2592 bytes
stack at sp + 4 slots: 0x000000d0cc9e8898 is pointing into the stack for thread: 0x000002b3f5f0d000
stack at sp + 5 slots: 0x000002b411679880 is at code_begin+832 in an Interpreter codelet
invoke return entry points  [0x000002b411679540, 0x000002b411679f60]  2592 bytes
stack at sp + 6 slots: 0x000000043f726040 points into unknown readable memory: 05 00 00 00 00 00 00 00
stack at sp + 7 slots: 0x000000043f726050 is an oop: java.io.StringReader 
{0x000000043f726050} - klass: 'java/io/StringReader'



---------------  P R O C E S S  ---------------

Threads class SMR info:
_java_thread_list=0x000002b4659f0520, length=18, elements={
0x000002b3f5f0d000, 0x000002b3f5f0c000, 0x000002b3f5f07000, 0x000002b3f5f0e000,
0x000002b3f0fab800, 0x000002b3f0fba000, 0x000002b3f0fba800, 0x000002b3f0fad000,
0x000002b3f0faa800, 0x000002b3f0fac000, 0x000002b4636a2800, 0x000002b3f0fb2000,
0x000002b3f0fb3800, 0x000002b3f0fb0800, 0x000002b3f0fb5000, 0x000002b3f0fb6000,
0x000002b3f0fb7800, 0x000002b3f0fb7000
}

Java Threads: ( => current thread )
=>0x000002b3f5f0d000 JavaThread "main" [_thread_in_Java, id=6704, stack(0x000000d0cc800000,0x000000d0cc9f0000)]
  0x000002b3f5f0c000 JavaThread "Reference Handler" daemon [_thread_blocked, id=12900, stack(0x000000d0d0fb0000,0x000000d0d11a0000)]
  0x000002b3f5f07000 JavaThread "Finalizer" daemon [_thread_blocked, id=15108, stack(0x000000d0d11a0000,0x000000d0d1390000)]
  0x000002b3f5f0e000 JavaThread "Signal Dispatcher" daemon [_thread_blocked, id=17264, stack(0x000000d0d1390000,0x000000d0d1580000)]
  0x000002b3f0fab800 JavaThread "Attach Listener" daemon [_thread_blocked, id=34688, stack(0x000000d0d1580000,0x000000d0d1770000)]
  0x000002b3f0fba000 JavaThread "C2 CompilerThread0" daemon [_thread_blocked, id=2116, stack(0x000000d0d1770000,0x000000d0d1960000)]
  0x000002b3f0fba800 JavaThread "C1 CompilerThread0" daemon [_thread_blocked, id=12864, stack(0x000000d0d1960000,0x000000d0d1b50000)]
  0x000002b3f0fad000 JavaThread "Sweeper thread" daemon [_thread_blocked, id=13040, stack(0x000000d0d1b50000,0x000000d0d1d40000)]
  0x000002b3f0faa800 JavaThread "Service Thread" daemon [_thread_blocked, id=3988, stack(0x000000d0d1f30000,0x000000d0d2120000)]
  0x000002b3f0fac000 JavaThread "Common-Cleaner" daemon [_thread_blocked, id=22028, stack(0x000000d0d2310000,0x000000d0d2500000)]
  0x000002b4636a2800 JavaThread "C1 CompilerThread1" daemon [_thread_blocked, id=35532, stack(0x000000d0d3290000,0x000000d0d3480000)]
  0x000002b3f0fb2000 JavaThread "C1 CompilerThread2" daemon [_thread_blocked, id=12012, stack(0x000000d0d3480000,0x000000d0d3670000)]
  0x000002b3f0fb3800 JavaThread "C1 CompilerThread3" daemon [_thread_blocked, id=36060, stack(0x000000d0d3670000,0x000000d0d3860000)]
  0x000002b3f0fb0800 JavaThread "C2 CompilerThread1" daemon [_thread_blocked, id=8848, stack(0x000000d0d3860000,0x000000d0d3a50000)]
  0x000002b3f0fb5000 JavaThread "C2 CompilerThread2" daemon [_thread_blocked, id=24368, stack(0x000000d0d3a50000,0x000000d0d3c40000)]
  0x000002b3f0fb6000 JavaThread "C2 CompilerThread3" daemon [_thread_blocked, id=33020, stack(0x000000d0d3c40000,0x000000d0d3e30000)]
  0x000002b3f0fb7800 JavaThread "C2 CompilerThread4" daemon [_thread_blocked, id=8212, stack(0x000000d0d3e30000,0x000000d0d4020000)]
  0x000002b3f0fb7000 JavaThread "C2 CompilerThread5" daemon [_thread_blocked, id=35800, stack(0x000000d0d4020000,0x000000d0d4210000)]

Other Threads:
  0x000002b3f0011800 VMThread "VM Thread" [stack: 0x000000d0d0dc0000,0x000000d0d0fb0000] [id=1076]
  0x000002b3f0519800 WatcherThread [stack: 0x000000d0d2120000,0x000000d0d2310000] [id=35856]
  0x000002b3f0823000 GCTaskThread "GC Thread#0" [stack: 0x000000d0d0410000,0x000000d0d0600000] [id=11456]
  0x000002b3f0caf000 ConcurrentGCThread "G1 Main Marker" [stack: 0x000000d0d0600000,0x000000d0d07f0000] [id=36000]
  0x000002b3f0cb0000 ConcurrentGCThread "G1 Conc#0" [stack: 0x000000d0d07f0000,0x000000d0d09e0000] [id=23716]
  0x000002b3f0e19800 ConcurrentGCThread "G1 Refine#0" [stack: 0x000000d0d09e0000,0x000000d0d0bd0000] [id=30376]
  0x000002b460506000 ConcurrentGCThread "G1 Refine#1" [stack: 0x000000d0d1d40000,0x000000d0d1f30000] [id=15076]
  0x000002b460500000 ConcurrentGCThread "G1 Refine#2" [stack: 0x000000d0d2500000,0x000000d0d26f0000] [id=28300]
  0x000002b4604ff800 ConcurrentGCThread "G1 Refine#3" [stack: 0x000000d0d26f0000,0x000000d0d28e0000] [id=32068]
  0x000002b46050b000 ConcurrentGCThread "G1 Refine#4" [stack: 0x000000d0d28e0000,0x000000d0d2ad0000] [id=35360]
  0x000002b460509800 ConcurrentGCThread "G1 Refine#5" [stack: 0x000000d0d2ad0000,0x000000d0d2cc0000] [id=26520]
  0x000002b46050a800 ConcurrentGCThread "G1 Refine#6" [stack: 0x000000d0d2cc0000,0x000000d0d2eb0000] [id=10636]
  0x000002b460508000 ConcurrentGCThread "G1 Refine#7" [stack: 0x000000d0d2eb0000,0x000000d0d30a0000] [id=13552]
  0x000002b460506800 ConcurrentGCThread "G1 Refine#8" [stack: 0x000000d0d30a0000,0x000000d0d3290000] [id=26740]
  0x000002b3f0e1a800 ConcurrentGCThread "G1 Young RemSet Sampling" [stack: 0x000000d0d0bd0000,0x000000d0d0dc0000] [id=21140]

Threads with active compile tasks:

VM state:not at safepoint (normal execution)

VM Mutex/Monitor currently owned by a thread: None

Heap address: 0x0000000401000000, size: 16368 MB, Compressed Oops mode: Zero based, Oop shift amount: 3
Narrow klass base: 0x0000000800000000, Narrow klass shift: 3
Compressed class space size: 1073741824 Address: 0x00000008011a0000

Heap:
 garbage-first heap   total 1048576K, used 81920K [0x0000000401000000, 0x0000000800000000)
  region size 4096K, 7 young (28672K), 0 survivors (0K)
 Metaspace       used 6036K, capacity 7548K, committed 7808K, reserved 1056768K
  class space    used 620K, capacity 844K, committed 896K, reserved 1048576K
Heap Regions: E=young(eden), S=young(survivor), O=old, HS=humongous(starts), HC=humongous(continues), CS=collection set, F=free, A=archive, TAMS=top-at-mark-start (previous, next)
|   0|0x0000000401000000, 0x0000000401400000, 0x0000000401400000|100%|HS|  |TAMS 0x0000000401000000, 0x0000000401000000| Complete 
|   1|0x0000000401400000, 0x0000000401800000, 0x0000000401800000|100%|HC|  |TAMS 0x0000000401400000, 0x0000000401400000| Complete 
|   2|0x0000000401800000, 0x0000000401c00000, 0x0000000401c00000|100%|HS|  |TAMS 0x0000000401800000, 0x0000000401800000| Complete 
|   3|0x0000000401c00000, 0x0000000402000000, 0x0000000402000000|100%|HC|  |TAMS 0x0000000401c00000, 0x0000000401c00000| Complete 
|   4|0x0000000402000000, 0x0000000402400000, 0x0000000402400000|100%|HC|  |TAMS 0x0000000402000000, 0x0000000402000000| Complete 
|   5|0x0000000402400000, 0x0000000402800000, 0x0000000402800000|100%|HC|  |TAMS 0x0000000402400000, 0x0000000402400000| Complete 
|   6|0x0000000402800000, 0x0000000402c00000, 0x0000000402c00000|100%|HC|  |TAMS 0x0000000402800000, 0x0000000402800000| Complete 
|   7|0x0000000402c00000, 0x0000000403000000, 0x0000000403000000|100%|HC|  |TAMS 0x0000000402c00000, 0x0000000402c00000| Complete 
|   8|0x0000000403000000, 0x0000000403400000, 0x0000000403400000|100%|HS|  |TAMS 0x0000000403000000, 0x0000000403000000| Complete 
|   9|0x0000000403400000, 0x0000000403800000, 0x0000000403800000|100%|HC|  |TAMS 0x0000000403400000, 0x0000000403400000| Complete 
|  10|0x0000000403800000, 0x0000000403c00000, 0x0000000403c00000|100%|HC|  |TAMS 0x0000000403800000, 0x0000000403800000| Complete 
|  11|0x0000000403c00000, 0x0000000404000000, 0x0000000404000000|100%|HC|  |TAMS 0x0000000403c00000, 0x0000000403c00000| Complete 
|  12|0x0000000404000000, 0x0000000404400000, 0x0000000404400000|100%|HC|  |TAMS 0x0000000404000000, 0x0000000404000000| Complete 
|  13|0x0000000404400000, 0x0000000404800000, 0x0000000404800000|100%|HC|  |TAMS 0x0000000404400000, 0x0000000404400000| Complete 
|  14|0x0000000404800000, 0x0000000404800000, 0x0000000404c00000|  0%| F|  |TAMS 0x0000000404800000, 0x0000000404800000| Untracked 
|  15|0x0000000404c00000, 0x0000000404c00000, 0x0000000405000000|  0%| F|  |TAMS 0x0000000404c00000, 0x0000000404c00000| Untracked 
|  16|0x0000000405000000, 0x0000000405000000, 0x0000000405400000|  0%| F|  |TAMS 0x0000000405000000, 0x0000000405000000| Untracked 
|  17|0x0000000405400000, 0x0000000405400000, 0x0000000405800000|  0%| F|  |TAMS 0x0000000405400000, 0x0000000405400000| Untracked 
|  18|0x0000000405800000, 0x0000000405800000, 0x0000000405c00000|  0%| F|  |TAMS 0x0000000405800000, 0x0000000405800000| Untracked 
|  19|0x0000000405c00000, 0x0000000405c00000, 0x0000000406000000|  0%| F|  |TAMS 0x0000000405c00000, 0x0000000405c00000| Untracked 
|  20|0x0000000406000000, 0x0000000406000000, 0x0000000406400000|  0%| F|  |TAMS 0x0000000406000000, 0x0000000406000000| Untracked 
|  21|0x0000000406400000, 0x0000000406400000, 0x0000000406800000|  0%| F|  |TAMS 0x0000000406400000, 0x0000000406400000| Untracked 
|  22|0x0000000406800000, 0x0000000406800000, 0x0000000406c00000|  0%| F|  |TAMS 0x0000000406800000, 0x0000000406800000| Untracked 
|  23|0x0000000406c00000, 0x0000000406c00000, 0x0000000407000000|  0%| F|  |TAMS 0x0000000406c00000, 0x0000000406c00000| Untracked 
|  24|0x0000000407000000, 0x0000000407000000, 0x0000000407400000|  0%| F|  |TAMS 0x0000000407000000, 0x0000000407000000| Untracked 
|  25|0x0000000407400000, 0x0000000407400000, 0x0000000407800000|  0%| F|  |TAMS 0x0000000407400000, 0x0000000407400000| Untracked 
|  26|0x0000000407800000, 0x0000000407800000, 0x0000000407c00000|  0%| F|  |TAMS 0x0000000407800000, 0x0000000407800000| Untracked 
|  27|0x0000000407c00000, 0x0000000407c00000, 0x0000000408000000|  0%| F|  |TAMS 0x0000000407c00000, 0x0000000407c00000| Untracked 
|  28|0x0000000408000000, 0x0000000408000000, 0x0000000408400000|  0%| F|  |TAMS 0x0000000408000000, 0x0000000408000000| Untracked 
|  29|0x0000000408400000, 0x0000000408400000, 0x0000000408800000|  0%| F|  |TAMS 0x0000000408400000, 0x0000000408400000| Untracked 
|  30|0x0000000408800000, 0x0000000408800000, 0x0000000408c00000|  0%| F|  |TAMS 0x0000000408800000, 0x0000000408800000| Untracked 
|  31|0x0000000408c00000, 0x0000000408c00000, 0x0000000409000000|  0%| F|  |TAMS 0x0000000408c00000, 0x0000000408c00000| Untracked 
|  32|0x0000000409000000, 0x0000000409000000, 0x0000000409400000|  0%| F|  |TAMS 0x0000000409000000, 0x0000000409000000| Untracked 
|  33|0x0000000409400000, 0x0000000409400000, 0x0000000409800000|  0%| F|  |TAMS 0x0000000409400000, 0x0000000409400000| Untracked 
|  34|0x0000000409800000, 0x0000000409800000, 0x0000000409c00000|  0%| F|  |TAMS 0x0000000409800000, 0x0000000409800000| Untracked 
|  35|0x0000000409c00000, 0x0000000409c00000, 0x000000040a000000|  0%| F|  |TAMS 0x0000000409c00000, 0x0000000409c00000| Untracked 
|  36|0x000000040a000000, 0x000000040a000000, 0x000000040a400000|  0%| F|  |TAMS 0x000000040a000000, 0x000000040a000000| Untracked 
|  37|0x000000040a400000, 0x000000040a400000, 0x000000040a800000|  0%| F|  |TAMS 0x000000040a400000, 0x000000040a400000| Untracked 
|  38|0x000000040a800000, 0x000000040a800000, 0x000000040ac00000|  0%| F|  |TAMS 0x000000040a800000, 0x000000040a800000| Untracked 
|  39|0x000000040ac00000, 0x000000040ac00000, 0x000000040b000000|  0%| F|  |TAMS 0x000000040ac00000, 0x000000040ac00000| Untracked 
|  40|0x000000040b000000, 0x000000040b000000, 0x000000040b400000|  0%| F|  |TAMS 0x000000040b000000, 0x000000040b000000| Untracked 
|  41|0x000000040b400000, 0x000000040b400000, 0x000000040b800000|  0%| F|  |TAMS 0x000000040b400000, 0x000000040b400000| Untracked 
|  42|0x000000040b800000, 0x000000040b800000, 0x000000040bc00000|  0%| F|  |TAMS 0x000000040b800000, 0x000000040b800000| Untracked 
|  43|0x000000040bc00000, 0x000000040bc00000, 0x000000040c000000|  0%| F|  |TAMS 0x000000040bc00000, 0x000000040bc00000| Untracked 
|  44|0x000000040c000000, 0x000000040c000000, 0x000000040c400000|  0%| F|  |TAMS 0x000000040c000000, 0x000000040c000000| Untracked 
|  45|0x000000040c400000, 0x000000040c400000, 0x000000040c800000|  0%| F|  |TAMS 0x000000040c400000, 0x000000040c400000| Untracked 
|  46|0x000000040c800000, 0x000000040c800000, 0x000000040cc00000|  0%| F|  |TAMS 0x000000040c800000, 0x000000040c800000| Untracked 
|  47|0x000000040cc00000, 0x000000040cc00000, 0x000000040d000000|  0%| F|  |TAMS 0x000000040cc00000, 0x000000040cc00000| Untracked 
|  48|0x000000040d000000, 0x000000040d000000, 0x000000040d400000|  0%| F|  |TAMS 0x000000040d000000, 0x000000040d000000| Untracked 
|  49|0x000000040d400000, 0x000000040d400000, 0x000000040d800000|  0%| F|  |TAMS 0x000000040d400000, 0x000000040d400000| Untracked 
|  50|0x000000040d800000, 0x000000040d800000, 0x000000040dc00000|  0%| F|  |TAMS 0x000000040d800000, 0x000000040d800000| Untracked 
|  51|0x000000040dc00000, 0x000000040dc00000, 0x000000040e000000|  0%| F|  |TAMS 0x000000040dc00000, 0x000000040dc00000| Untracked 
|  52|0x000000040e000000, 0x000000040e000000, 0x000000040e400000|  0%| F|  |TAMS 0x000000040e000000, 0x000000040e000000| Untracked 
|  53|0x000000040e400000, 0x000000040e400000, 0x000000040e800000|  0%| F|  |TAMS 0x000000040e400000, 0x000000040e400000| Untracked 
|  54|0x000000040e800000, 0x000000040e800000, 0x000000040ec00000|  0%| F|  |TAMS 0x000000040e800000, 0x000000040e800000| Untracked 
|  55|0x000000040ec00000, 0x000000040ec00000, 0x000000040f000000|  0%| F|  |TAMS 0x000000040ec00000, 0x000000040ec00000| Untracked 
|  56|0x000000040f000000, 0x000000040f000000, 0x000000040f400000|  0%| F|  |TAMS 0x000000040f000000, 0x000000040f000000| Untracked 
|  57|0x000000040f400000, 0x000000040f400000, 0x000000040f800000|  0%| F|  |TAMS 0x000000040f400000, 0x000000040f400000| Untracked 
|  58|0x000000040f800000, 0x000000040f800000, 0x000000040fc00000|  0%| F|  |TAMS 0x000000040f800000, 0x000000040f800000| Untracked 
|  59|0x000000040fc00000, 0x000000040fc00000, 0x0000000410000000|  0%| F|  |TAMS 0x000000040fc00000, 0x000000040fc00000| Untracked 
|  60|0x0000000410000000, 0x0000000410000000, 0x0000000410400000|  0%| F|  |TAMS 0x0000000410000000, 0x0000000410000000| Untracked 
|  61|0x0000000410400000, 0x0000000410400000, 0x0000000410800000|  0%| F|  |TAMS 0x0000000410400000, 0x0000000410400000| Untracked 
|  62|0x0000000410800000, 0x0000000410800000, 0x0000000410c00000|  0%| F|  |TAMS 0x0000000410800000, 0x0000000410800000| Untracked 
|  63|0x0000000410c00000, 0x0000000410c00000, 0x0000000411000000|  0%| F|  |TAMS 0x0000000410c00000, 0x0000000410c00000| Untracked 
|  64|0x0000000411000000, 0x0000000411000000, 0x0000000411400000|  0%| F|  |TAMS 0x0000000411000000, 0x0000000411000000| Untracked 
|  65|0x0000000411400000, 0x0000000411400000, 0x0000000411800000|  0%| F|  |TAMS 0x0000000411400000, 0x0000000411400000| Untracked 
|  66|0x0000000411800000, 0x0000000411800000, 0x0000000411c00000|  0%| F|  |TAMS 0x0000000411800000, 0x0000000411800000| Untracked 
|  67|0x0000000411c00000, 0x0000000411c00000, 0x0000000412000000|  0%| F|  |TAMS 0x0000000411c00000, 0x0000000411c00000| Untracked 
|  68|0x0000000412000000, 0x0000000412000000, 0x0000000412400000|  0%| F|  |TAMS 0x0000000412000000, 0x0000000412000000| Untracked 
|  69|0x0000000412400000, 0x0000000412400000, 0x0000000412800000|  0%| F|  |TAMS 0x0000000412400000, 0x0000000412400000| Untracked 
|  70|0x0000000412800000, 0x0000000412800000, 0x0000000412c00000|  0%| F|  |TAMS 0x0000000412800000, 0x0000000412800000| Untracked 
|  71|0x0000000412c00000, 0x0000000412c00000, 0x0000000413000000|  0%| F|  |TAMS 0x0000000412c00000, 0x0000000412c00000| Untracked 
|  72|0x0000000413000000, 0x0000000413000000, 0x0000000413400000|  0%| F|  |TAMS 0x0000000413000000, 0x0000000413000000| Untracked 
|  73|0x0000000413400000, 0x0000000413400000, 0x0000000413800000|  0%| F|  |TAMS 0x0000000413400000, 0x0000000413400000| Untracked 
|  74|0x0000000413800000, 0x0000000413800000, 0x0000000413c00000|  0%| F|  |TAMS 0x0000000413800000, 0x0000000413800000| Untracked 
|  75|0x0000000413c00000, 0x0000000413c00000, 0x0000000414000000|  0%| F|  |TAMS 0x0000000413c00000, 0x0000000413c00000| Untracked 
|  76|0x0000000414000000, 0x0000000414000000, 0x0000000414400000|  0%| F|  |TAMS 0x0000000414000000, 0x0000000414000000| Untracked 
|  77|0x0000000414400000, 0x0000000414400000, 0x0000000414800000|  0%| F|  |TAMS 0x0000000414400000, 0x0000000414400000| Untracked 
|  78|0x0000000414800000, 0x0000000414800000, 0x0000000414c00000|  0%| F|  |TAMS 0x0000000414800000, 0x0000000414800000| Untracked 
|  79|0x0000000414c00000, 0x0000000414c00000, 0x0000000415000000|  0%| F|  |TAMS 0x0000000414c00000, 0x0000000414c00000| Untracked 
|  80|0x0000000415000000, 0x0000000415000000, 0x0000000415400000|  0%| F|  |TAMS 0x0000000415000000, 0x0000000415000000| Untracked 
|  81|0x0000000415400000, 0x0000000415400000, 0x0000000415800000|  0%| F|  |TAMS 0x0000000415400000, 0x0000000415400000| Untracked 
|  82|0x0000000415800000, 0x0000000415800000, 0x0000000415c00000|  0%| F|  |TAMS 0x0000000415800000, 0x0000000415800000| Untracked 
|  83|0x0000000415c00000, 0x0000000415c00000, 0x0000000416000000|  0%| F|  |TAMS 0x0000000415c00000, 0x0000000415c00000| Untracked 
|  84|0x0000000416000000, 0x0000000416000000, 0x0000000416400000|  0%| F|  |TAMS 0x0000000416000000, 0x0000000416000000| Untracked 
|  85|0x0000000416400000, 0x0000000416400000, 0x0000000416800000|  0%| F|  |TAMS 0x0000000416400000, 0x0000000416400000| Untracked 
|  86|0x0000000416800000, 0x0000000416800000, 0x0000000416c00000|  0%| F|  |TAMS 0x0000000416800000, 0x0000000416800000| Untracked 
|  87|0x0000000416c00000, 0x0000000416c00000, 0x0000000417000000|  0%| F|  |TAMS 0x0000000416c00000, 0x0000000416c00000| Untracked 
|  88|0x0000000417000000, 0x0000000417000000, 0x0000000417400000|  0%| F|  |TAMS 0x0000000417000000, 0x0000000417000000| Untracked 
|  89|0x0000000417400000, 0x0000000417400000, 0x0000000417800000|  0%| F|  |TAMS 0x0000000417400000, 0x0000000417400000| Untracked 
|  90|0x0000000417800000, 0x0000000417800000, 0x0000000417c00000|  0%| F|  |TAMS 0x0000000417800000, 0x0000000417800000| Untracked 
|  91|0x0000000417c00000, 0x0000000417c00000, 0x0000000418000000|  0%| F|  |TAMS 0x0000000417c00000, 0x0000000417c00000| Untracked 
|  92|0x0000000418000000, 0x0000000418000000, 0x0000000418400000|  0%| F|  |TAMS 0x0000000418000000, 0x0000000418000000| Untracked 
|  93|0x0000000418400000, 0x0000000418400000, 0x0000000418800000|  0%| F|  |TAMS 0x0000000418400000, 0x0000000418400000| Untracked 
|  94|0x0000000418800000, 0x0000000418800000, 0x0000000418c00000|  0%| F|  |TAMS 0x0000000418800000, 0x0000000418800000| Untracked 
|  95|0x0000000418c00000, 0x0000000418c00000, 0x0000000419000000|  0%| F|  |TAMS 0x0000000418c00000, 0x0000000418c00000| Untracked 
|  96|0x0000000419000000, 0x0000000419000000, 0x0000000419400000|  0%| F|  |TAMS 0x0000000419000000, 0x0000000419000000| Untracked 
|  97|0x0000000419400000, 0x0000000419400000, 0x0000000419800000|  0%| F|  |TAMS 0x0000000419400000, 0x0000000419400000| Untracked 
|  98|0x0000000419800000, 0x0000000419800000, 0x0000000419c00000|  0%| F|  |TAMS 0x0000000419800000, 0x0000000419800000| Untracked 
|  99|0x0000000419c00000, 0x0000000419c00000, 0x000000041a000000|  0%| F|  |TAMS 0x0000000419c00000, 0x0000000419c00000| Untracked 
| 100|0x000000041a000000, 0x000000041a000000, 0x000000041a400000|  0%| F|  |TAMS 0x000000041a000000, 0x000000041a000000| Untracked 
| 101|0x000000041a400000, 0x000000041a400000, 0x000000041a800000|  0%| F|  |TAMS 0x000000041a400000, 0x000000041a400000| Untracked 
| 102|0x000000041a800000, 0x000000041a800000, 0x000000041ac00000|  0%| F|  |TAMS 0x000000041a800000, 0x000000041a800000| Untracked 
| 103|0x000000041ac00000, 0x000000041ac00000, 0x000000041b000000|  0%| F|  |TAMS 0x000000041ac00000, 0x000000041ac00000| Untracked 
| 104|0x000000041b000000, 0x000000041b000000, 0x000000041b400000|  0%| F|  |TAMS 0x000000041b000000, 0x000000041b000000| Untracked 
| 105|0x000000041b400000, 0x000000041b400000, 0x000000041b800000|  0%| F|  |TAMS 0x000000041b400000, 0x000000041b400000| Untracked 
| 106|0x000000041b800000, 0x000000041b800000, 0x000000041bc00000|  0%| F|  |TAMS 0x000000041b800000, 0x000000041b800000| Untracked 
| 107|0x000000041bc00000, 0x000000041bc00000, 0x000000041c000000|  0%| F|  |TAMS 0x000000041bc00000, 0x000000041bc00000| Untracked 
| 108|0x000000041c000000, 0x000000041c000000, 0x000000041c400000|  0%| F|  |TAMS 0x000000041c000000, 0x000000041c000000| Untracked 
| 109|0x000000041c400000, 0x000000041c400000, 0x000000041c800000|  0%| F|  |TAMS 0x000000041c400000, 0x000000041c400000| Untracked 
| 110|0x000000041c800000, 0x000000041c800000, 0x000000041cc00000|  0%| F|  |TAMS 0x000000041c800000, 0x000000041c800000| Untracked 
| 111|0x000000041cc00000, 0x000000041cc00000, 0x000000041d000000|  0%| F|  |TAMS 0x000000041cc00000, 0x000000041cc00000| Untracked 
| 112|0x000000041d000000, 0x000000041d000000, 0x000000041d400000|  0%| F|  |TAMS 0x000000041d000000, 0x000000041d000000| Untracked 
| 113|0x000000041d400000, 0x000000041d400000, 0x000000041d800000|  0%| F|  |TAMS 0x000000041d400000, 0x000000041d400000| Untracked 
| 114|0x000000041d800000, 0x000000041d800000, 0x000000041dc00000|  0%| F|  |TAMS 0x000000041d800000, 0x000000041d800000| Untracked 
| 115|0x000000041dc00000, 0x000000041dc00000, 0x000000041e000000|  0%| F|  |TAMS 0x000000041dc00000, 0x000000041dc00000| Untracked 
| 116|0x000000041e000000, 0x000000041e000000, 0x000000041e400000|  0%| F|  |TAMS 0x000000041e000000, 0x000000041e000000| Untracked 
| 117|0x000000041e400000, 0x000000041e400000, 0x000000041e800000|  0%| F|  |TAMS 0x000000041e400000, 0x000000041e400000| Untracked 
| 118|0x000000041e800000, 0x000000041e800000, 0x000000041ec00000|  0%| F|  |TAMS 0x000000041e800000, 0x000000041e800000| Untracked 
| 119|0x000000041ec00000, 0x000000041ec00000, 0x000000041f000000|  0%| F|  |TAMS 0x000000041ec00000, 0x000000041ec00000| Untracked 
| 120|0x000000041f000000, 0x000000041f000000, 0x000000041f400000|  0%| F|  |TAMS 0x000000041f000000, 0x000000041f000000| Untracked 
| 121|0x000000041f400000, 0x000000041f400000, 0x000000041f800000|  0%| F|  |TAMS 0x000000041f400000, 0x000000041f400000| Untracked 
| 122|0x000000041f800000, 0x000000041f800000, 0x000000041fc00000|  0%| F|  |TAMS 0x000000041f800000, 0x000000041f800000| Untracked 
| 123|0x000000041fc00000, 0x000000041fc00000, 0x0000000420000000|  0%| F|  |TAMS 0x000000041fc00000, 0x000000041fc00000| Untracked 
| 124|0x0000000420000000, 0x0000000420000000, 0x0000000420400000|  0%| F|  |TAMS 0x0000000420000000, 0x0000000420000000| Untracked 
| 125|0x0000000420400000, 0x0000000420400000, 0x0000000420800000|  0%| F|  |TAMS 0x0000000420400000, 0x0000000420400000| Untracked 
| 126|0x0000000420800000, 0x0000000420800000, 0x0000000420c00000|  0%| F|  |TAMS 0x0000000420800000, 0x0000000420800000| Untracked 
| 127|0x0000000420c00000, 0x0000000420c00000, 0x0000000421000000|  0%| F|  |TAMS 0x0000000420c00000, 0x0000000420c00000| Untracked 
| 128|0x0000000421000000, 0x0000000421000000, 0x0000000421400000|  0%| F|  |TAMS 0x0000000421000000, 0x0000000421000000| Untracked 
| 129|0x0000000421400000, 0x0000000421400000, 0x0000000421800000|  0%| F|  |TAMS 0x0000000421400000, 0x0000000421400000| Untracked 
| 130|0x0000000421800000, 0x0000000421800000, 0x0000000421c00000|  0%| F|  |TAMS 0x0000000421800000, 0x0000000421800000| Untracked 
| 131|0x0000000421c00000, 0x0000000421c00000, 0x0000000422000000|  0%| F|  |TAMS 0x0000000421c00000, 0x0000000421c00000| Untracked 
| 132|0x0000000422000000, 0x0000000422000000, 0x0000000422400000|  0%| F|  |TAMS 0x0000000422000000, 0x0000000422000000| Untracked 
| 133|0x0000000422400000, 0x0000000422400000, 0x0000000422800000|  0%| F|  |TAMS 0x0000000422400000, 0x0000000422400000| Untracked 
| 134|0x0000000422800000, 0x0000000422800000, 0x0000000422c00000|  0%| F|  |TAMS 0x0000000422800000, 0x0000000422800000| Untracked 
| 135|0x0000000422c00000, 0x0000000422c00000, 0x0000000423000000|  0%| F|  |TAMS 0x0000000422c00000, 0x0000000422c00000| Untracked 
| 136|0x0000000423000000, 0x0000000423000000, 0x0000000423400000|  0%| F|  |TAMS 0x0000000423000000, 0x0000000423000000| Untracked 
| 137|0x0000000423400000, 0x0000000423400000, 0x0000000423800000|  0%| F|  |TAMS 0x0000000423400000, 0x0000000423400000| Untracked 
| 138|0x0000000423800000, 0x0000000423800000, 0x0000000423c00000|  0%| F|  |TAMS 0x0000000423800000, 0x0000000423800000| Untracked 
| 139|0x0000000423c00000, 0x0000000423c00000, 0x0000000424000000|  0%| F|  |TAMS 0x0000000423c00000, 0x0000000423c00000| Untracked 
| 140|0x0000000424000000, 0x0000000424000000, 0x0000000424400000|  0%| F|  |TAMS 0x0000000424000000, 0x0000000424000000| Untracked 
| 141|0x0000000424400000, 0x0000000424400000, 0x0000000424800000|  0%| F|  |TAMS 0x0000000424400000, 0x0000000424400000| Untracked 
| 142|0x0000000424800000, 0x0000000424800000, 0x0000000424c00000|  0%| F|  |TAMS 0x0000000424800000, 0x0000000424800000| Untracked 
| 143|0x0000000424c00000, 0x0000000424c00000, 0x0000000425000000|  0%| F|  |TAMS 0x0000000424c00000, 0x0000000424c00000| Untracked 
| 144|0x0000000425000000, 0x0000000425000000, 0x0000000425400000|  0%| F|  |TAMS 0x0000000425000000, 0x0000000425000000| Untracked 
| 145|0x0000000425400000, 0x0000000425400000, 0x0000000425800000|  0%| F|  |TAMS 0x0000000425400000, 0x0000000425400000| Untracked 
| 146|0x0000000425800000, 0x0000000425800000, 0x0000000425c00000|  0%| F|  |TAMS 0x0000000425800000, 0x0000000425800000| Untracked 
| 147|0x0000000425c00000, 0x0000000425c00000, 0x0000000426000000|  0%| F|  |TAMS 0x0000000425c00000, 0x0000000425c00000| Untracked 
| 148|0x0000000426000000, 0x0000000426000000, 0x0000000426400000|  0%| F|  |TAMS 0x0000000426000000, 0x0000000426000000| Untracked 
| 149|0x0000000426400000, 0x0000000426400000, 0x0000000426800000|  0%| F|  |TAMS 0x0000000426400000, 0x0000000426400000| Untracked 
| 150|0x0000000426800000, 0x0000000426800000, 0x0000000426c00000|  0%| F|  |TAMS 0x0000000426800000, 0x0000000426800000| Untracked 
| 151|0x0000000426c00000, 0x0000000426c00000, 0x0000000427000000|  0%| F|  |TAMS 0x0000000426c00000, 0x0000000426c00000| Untracked 
| 152|0x0000000427000000, 0x0000000427000000, 0x0000000427400000|  0%| F|  |TAMS 0x0000000427000000, 0x0000000427000000| Untracked 
| 153|0x0000000427400000, 0x0000000427400000, 0x0000000427800000|  0%| F|  |TAMS 0x0000000427400000, 0x0000000427400000| Untracked 
| 154|0x0000000427800000, 0x0000000427800000, 0x0000000427c00000|  0%| F|  |TAMS 0x0000000427800000, 0x0000000427800000| Untracked 
| 155|0x0000000427c00000, 0x0000000427c00000, 0x0000000428000000|  0%| F|  |TAMS 0x0000000427c00000, 0x0000000427c00000| Untracked 
| 156|0x0000000428000000, 0x0000000428000000, 0x0000000428400000|  0%| F|  |TAMS 0x0000000428000000, 0x0000000428000000| Untracked 
| 157|0x0000000428400000, 0x0000000428400000, 0x0000000428800000|  0%| F|  |TAMS 0x0000000428400000, 0x0000000428400000| Untracked 
| 158|0x0000000428800000, 0x0000000428800000, 0x0000000428c00000|  0%| F|  |TAMS 0x0000000428800000, 0x0000000428800000| Untracked 
| 159|0x0000000428c00000, 0x0000000428c00000, 0x0000000429000000|  0%| F|  |TAMS 0x0000000428c00000, 0x0000000428c00000| Untracked 
| 160|0x0000000429000000, 0x0000000429000000, 0x0000000429400000|  0%| F|  |TAMS 0x0000000429000000, 0x0000000429000000| Untracked 
| 161|0x0000000429400000, 0x0000000429400000, 0x0000000429800000|  0%| F|  |TAMS 0x0000000429400000, 0x0000000429400000| Untracked 
| 162|0x0000000429800000, 0x0000000429800000, 0x0000000429c00000|  0%| F|  |TAMS 0x0000000429800000, 0x0000000429800000| Untracked 
| 163|0x0000000429c00000, 0x0000000429c00000, 0x000000042a000000|  0%| F|  |TAMS 0x0000000429c00000, 0x0000000429c00000| Untracked 
| 164|0x000000042a000000, 0x000000042a000000, 0x000000042a400000|  0%| F|  |TAMS 0x000000042a000000, 0x000000042a000000| Untracked 
| 165|0x000000042a400000, 0x000000042a400000, 0x000000042a800000|  0%| F|  |TAMS 0x000000042a400000, 0x000000042a400000| Untracked 
| 166|0x000000042a800000, 0x000000042a800000, 0x000000042ac00000|  0%| F|  |TAMS 0x000000042a800000, 0x000000042a800000| Untracked 
| 167|0x000000042ac00000, 0x000000042ac00000, 0x000000042b000000|  0%| F|  |TAMS 0x000000042ac00000, 0x000000042ac00000| Untracked 
| 168|0x000000042b000000, 0x000000042b000000, 0x000000042b400000|  0%| F|  |TAMS 0x000000042b000000, 0x000000042b000000| Untracked 
| 169|0x000000042b400000, 0x000000042b400000, 0x000000042b800000|  0%| F|  |TAMS 0x000000042b400000, 0x000000042b400000| Untracked 
| 170|0x000000042b800000, 0x000000042b800000, 0x000000042bc00000|  0%| F|  |TAMS 0x000000042b800000, 0x000000042b800000| Untracked 
| 171|0x000000042bc00000, 0x000000042bc00000, 0x000000042c000000|  0%| F|  |TAMS 0x000000042bc00000, 0x000000042bc00000| Untracked 
| 172|0x000000042c000000, 0x000000042c000000, 0x000000042c400000|  0%| F|  |TAMS 0x000000042c000000, 0x000000042c000000| Untracked 
| 173|0x000000042c400000, 0x000000042c400000, 0x000000042c800000|  0%| F|  |TAMS 0x000000042c400000, 0x000000042c400000| Untracked 
| 174|0x000000042c800000, 0x000000042c800000, 0x000000042cc00000|  0%| F|  |TAMS 0x000000042c800000, 0x000000042c800000| Untracked 
| 175|0x000000042cc00000, 0x000000042cc00000, 0x000000042d000000|  0%| F|  |TAMS 0x000000042cc00000, 0x000000042cc00000| Untracked 
| 176|0x000000042d000000, 0x000000042d000000, 0x000000042d400000|  0%| F|  |TAMS 0x000000042d000000, 0x000000042d000000| Untracked 
| 177|0x000000042d400000, 0x000000042d400000, 0x000000042d800000|  0%| F|  |TAMS 0x000000042d400000, 0x000000042d400000| Untracked 
| 178|0x000000042d800000, 0x000000042d800000, 0x000000042dc00000|  0%| F|  |TAMS 0x000000042d800000, 0x000000042d800000| Untracked 
| 179|0x000000042dc00000, 0x000000042dc00000, 0x000000042e000000|  0%| F|  |TAMS 0x000000042dc00000, 0x000000042dc00000| Untracked 
| 180|0x000000042e000000, 0x000000042e000000, 0x000000042e400000|  0%| F|  |TAMS 0x000000042e000000, 0x000000042e000000| Untracked 
| 181|0x000000042e400000, 0x000000042e400000, 0x000000042e800000|  0%| F|  |TAMS 0x000000042e400000, 0x000000042e400000| Untracked 
| 182|0x000000042e800000, 0x000000042e800000, 0x000000042ec00000|  0%| F|  |TAMS 0x000000042e800000, 0x000000042e800000| Untracked 
| 183|0x000000042ec00000, 0x000000042ec00000, 0x000000042f000000|  0%| F|  |TAMS 0x000000042ec00000, 0x000000042ec00000| Untracked 
| 184|0x000000042f000000, 0x000000042f000000, 0x000000042f400000|  0%| F|  |TAMS 0x000000042f000000, 0x000000042f000000| Untracked 
| 185|0x000000042f400000, 0x000000042f400000, 0x000000042f800000|  0%| F|  |TAMS 0x000000042f400000, 0x000000042f400000| Untracked 
| 186|0x000000042f800000, 0x000000042f800000, 0x000000042fc00000|  0%| F|  |TAMS 0x000000042f800000, 0x000000042f800000| Untracked 
| 187|0x000000042fc00000, 0x000000042fc00000, 0x0000000430000000|  0%| F|  |TAMS 0x000000042fc00000, 0x000000042fc00000| Untracked 
| 188|0x0000000430000000, 0x0000000430000000, 0x0000000430400000|  0%| F|  |TAMS 0x0000000430000000, 0x0000000430000000| Untracked 
| 189|0x0000000430400000, 0x0000000430400000, 0x0000000430800000|  0%| F|  |TAMS 0x0000000430400000, 0x0000000430400000| Untracked 
| 190|0x0000000430800000, 0x0000000430800000, 0x0000000430c00000|  0%| F|  |TAMS 0x0000000430800000, 0x0000000430800000| Untracked 
| 191|0x0000000430c00000, 0x0000000430c00000, 0x0000000431000000|  0%| F|  |TAMS 0x0000000430c00000, 0x0000000430c00000| Untracked 
| 192|0x0000000431000000, 0x0000000431000000, 0x0000000431400000|  0%| F|  |TAMS 0x0000000431000000, 0x0000000431000000| Untracked 
| 193|0x0000000431400000, 0x0000000431400000, 0x0000000431800000|  0%| F|  |TAMS 0x0000000431400000, 0x0000000431400000| Untracked 
| 194|0x0000000431800000, 0x0000000431800000, 0x0000000431c00000|  0%| F|  |TAMS 0x0000000431800000, 0x0000000431800000| Untracked 
| 195|0x0000000431c00000, 0x0000000431c00000, 0x0000000432000000|  0%| F|  |TAMS 0x0000000431c00000, 0x0000000431c00000| Untracked 
| 196|0x0000000432000000, 0x0000000432000000, 0x0000000432400000|  0%| F|  |TAMS 0x0000000432000000, 0x0000000432000000| Untracked 
| 197|0x0000000432400000, 0x0000000432400000, 0x0000000432800000|  0%| F|  |TAMS 0x0000000432400000, 0x0000000432400000| Untracked 
| 198|0x0000000432800000, 0x0000000432800000, 0x0000000432c00000|  0%| F|  |TAMS 0x0000000432800000, 0x0000000432800000| Untracked 
| 199|0x0000000432c00000, 0x0000000432c00000, 0x0000000433000000|  0%| F|  |TAMS 0x0000000432c00000, 0x0000000432c00000| Untracked 
| 200|0x0000000433000000, 0x0000000433000000, 0x0000000433400000|  0%| F|  |TAMS 0x0000000433000000, 0x0000000433000000| Untracked 
| 201|0x0000000433400000, 0x0000000433400000, 0x0000000433800000|  0%| F|  |TAMS 0x0000000433400000, 0x0000000433400000| Untracked 
| 202|0x0000000433800000, 0x0000000433800000, 0x0000000433c00000|  0%| F|  |TAMS 0x0000000433800000, 0x0000000433800000| Untracked 
| 203|0x0000000433c00000, 0x0000000433c00000, 0x0000000434000000|  0%| F|  |TAMS 0x0000000433c00000, 0x0000000433c00000| Untracked 
| 204|0x0000000434000000, 0x0000000434000000, 0x0000000434400000|  0%| F|  |TAMS 0x0000000434000000, 0x0000000434000000| Untracked 
| 205|0x0000000434400000, 0x0000000434400000, 0x0000000434800000|  0%| F|  |TAMS 0x0000000434400000, 0x0000000434400000| Untracked 
| 206|0x0000000434800000, 0x0000000434800000, 0x0000000434c00000|  0%| F|  |TAMS 0x0000000434800000, 0x0000000434800000| Untracked 
| 207|0x0000000434c00000, 0x0000000434c00000, 0x0000000435000000|  0%| F|  |TAMS 0x0000000434c00000, 0x0000000434c00000| Untracked 
| 208|0x0000000435000000, 0x0000000435000000, 0x0000000435400000|  0%| F|  |TAMS 0x0000000435000000, 0x0000000435000000| Untracked 
| 209|0x0000000435400000, 0x0000000435400000, 0x0000000435800000|  0%| F|  |TAMS 0x0000000435400000, 0x0000000435400000| Untracked 
| 210|0x0000000435800000, 0x0000000435800000, 0x0000000435c00000|  0%| F|  |TAMS 0x0000000435800000, 0x0000000435800000| Untracked 
| 211|0x0000000435c00000, 0x0000000435c00000, 0x0000000436000000|  0%| F|  |TAMS 0x0000000435c00000, 0x0000000435c00000| Untracked 
| 212|0x0000000436000000, 0x0000000436000000, 0x0000000436400000|  0%| F|  |TAMS 0x0000000436000000, 0x0000000436000000| Untracked 
| 213|0x0000000436400000, 0x0000000436400000, 0x0000000436800000|  0%| F|  |TAMS 0x0000000436400000, 0x0000000436400000| Untracked 
| 214|0x0000000436800000, 0x0000000436800000, 0x0000000436c00000|  0%| F|  |TAMS 0x0000000436800000, 0x0000000436800000| Untracked 
| 215|0x0000000436c00000, 0x0000000436c00000, 0x0000000437000000|  0%| F|  |TAMS 0x0000000436c00000, 0x0000000436c00000| Untracked 
| 216|0x0000000437000000, 0x0000000437000000, 0x0000000437400000|  0%| F|  |TAMS 0x0000000437000000, 0x0000000437000000| Untracked 
| 217|0x0000000437400000, 0x0000000437400000, 0x0000000437800000|  0%| F|  |TAMS 0x0000000437400000, 0x0000000437400000| Untracked 
| 218|0x0000000437800000, 0x0000000437800000, 0x0000000437c00000|  0%| F|  |TAMS 0x0000000437800000, 0x0000000437800000| Untracked 
| 219|0x0000000437c00000, 0x0000000437c00000, 0x0000000438000000|  0%| F|  |TAMS 0x0000000437c00000, 0x0000000437c00000| Untracked 
| 220|0x0000000438000000, 0x0000000438000000, 0x0000000438400000|  0%| F|  |TAMS 0x0000000438000000, 0x0000000438000000| Untracked 
| 221|0x0000000438400000, 0x0000000438400000, 0x0000000438800000|  0%| F|  |TAMS 0x0000000438400000, 0x0000000438400000| Untracked 
| 222|0x0000000438800000, 0x0000000438800000, 0x0000000438c00000|  0%| F|  |TAMS 0x0000000438800000, 0x0000000438800000| Untracked 
| 223|0x0000000438c00000, 0x0000000438c00000, 0x0000000439000000|  0%| F|  |TAMS 0x0000000438c00000, 0x0000000438c00000| Untracked 
| 224|0x0000000439000000, 0x0000000439000000, 0x0000000439400000|  0%| F|  |TAMS 0x0000000439000000, 0x0000000439000000| Untracked 
| 225|0x0000000439400000, 0x0000000439400000, 0x0000000439800000|  0%| F|  |TAMS 0x0000000439400000, 0x0000000439400000| Untracked 
| 226|0x0000000439800000, 0x0000000439800000, 0x0000000439c00000|  0%| F|  |TAMS 0x0000000439800000, 0x0000000439800000| Untracked 
| 227|0x0000000439c00000, 0x0000000439c00000, 0x000000043a000000|  0%| F|  |TAMS 0x0000000439c00000, 0x0000000439c00000| Untracked 
| 228|0x000000043a000000, 0x000000043a000000, 0x000000043a400000|  0%| F|  |TAMS 0x000000043a000000, 0x000000043a000000| Untracked 
| 229|0x000000043a400000, 0x000000043a400000, 0x000000043a800000|  0%| F|  |TAMS 0x000000043a400000, 0x000000043a400000| Untracked 
| 230|0x000000043a800000, 0x000000043a800000, 0x000000043ac00000|  0%| F|  |TAMS 0x000000043a800000, 0x000000043a800000| Untracked 
| 231|0x000000043ac00000, 0x000000043ac00000, 0x000000043b000000|  0%| F|  |TAMS 0x000000043ac00000, 0x000000043ac00000| Untracked 
| 232|0x000000043b000000, 0x000000043b000000, 0x000000043b400000|  0%| F|  |TAMS 0x000000043b000000, 0x000000043b000000| Untracked 
| 233|0x000000043b400000, 0x000000043b400000, 0x000000043b800000|  0%| F|  |TAMS 0x000000043b400000, 0x000000043b400000| Untracked 
| 234|0x000000043b800000, 0x000000043b800000, 0x000000043bc00000|  0%| F|  |TAMS 0x000000043b800000, 0x000000043b800000| Untracked 
| 235|0x000000043bc00000, 0x000000043bc00000, 0x000000043c000000|  0%| F|  |TAMS 0x000000043bc00000, 0x000000043bc00000| Untracked 
| 236|0x000000043c000000, 0x000000043c000000, 0x000000043c400000|  0%| F|  |TAMS 0x000000043c000000, 0x000000043c000000| Untracked 
| 237|0x000000043c400000, 0x000000043c400000, 0x000000043c800000|  0%| F|  |TAMS 0x000000043c400000, 0x000000043c400000| Untracked 
| 238|0x000000043c800000, 0x000000043c800000, 0x000000043cc00000|  0%| F|  |TAMS 0x000000043c800000, 0x000000043c800000| Untracked 
| 239|0x000000043cc00000, 0x000000043cc00000, 0x000000043d000000|  0%| F|  |TAMS 0x000000043cc00000, 0x000000043cc00000| Untracked 
| 240|0x000000043d000000, 0x000000043d000000, 0x000000043d400000|  0%| F|  |TAMS 0x000000043d000000, 0x000000043d000000| Untracked 
| 241|0x000000043d400000, 0x000000043d400000, 0x000000043d800000|  0%| F|  |TAMS 0x000000043d400000, 0x000000043d400000| Untracked 
| 242|0x000000043d800000, 0x000000043d800000, 0x000000043dc00000|  0%| F|  |TAMS 0x000000043d800000, 0x000000043d800000| Untracked 
| 243|0x000000043dc00000, 0x000000043dc00000, 0x000000043e000000|  0%| F|  |TAMS 0x000000043dc00000, 0x000000043dc00000| Untracked 
| 244|0x000000043e000000, 0x000000043e000000, 0x000000043e400000|  0%| F|  |TAMS 0x000000043e000000, 0x000000043e000000| Untracked 
| 245|0x000000043e400000, 0x000000043e400000, 0x000000043e800000|  0%| F|  |TAMS 0x000000043e400000, 0x000000043e400000| Untracked 
| 246|0x000000043e800000, 0x000000043e800000, 0x000000043ec00000|  0%| F|  |TAMS 0x000000043e800000, 0x000000043e800000| Untracked 
| 247|0x000000043ec00000, 0x000000043ec00000, 0x000000043f000000|  0%| F|  |TAMS 0x000000043ec00000, 0x000000043ec00000| Untracked 
| 248|0x000000043f000000, 0x000000043f000000, 0x000000043f400000|  0%| F|  |TAMS 0x000000043f000000, 0x000000043f000000| Untracked 
| 249|0x000000043f400000, 0x000000043f7d7910, 0x000000043f800000| 96%| E|  |TAMS 0x000000043f400000, 0x000000043f400000| Complete 
| 250|0x000000043f800000, 0x000000043fc00000, 0x000000043fc00000|100%| E|CS|TAMS 0x000000043f800000, 0x000000043f800000| Complete 
| 251|0x000000043fc00000, 0x0000000440000000, 0x0000000440000000|100%| E|CS|TAMS 0x000000043fc00000, 0x000000043fc00000| Complete 
| 252|0x0000000440000000, 0x0000000440400000, 0x0000000440400000|100%| E|CS|TAMS 0x0000000440000000, 0x0000000440000000| Complete 
| 253|0x0000000440400000, 0x0000000440800000, 0x0000000440800000|100%| E|CS|TAMS 0x0000000440400000, 0x0000000440400000| Complete 
| 254|0x0000000440800000, 0x0000000440c00000, 0x0000000440c00000|100%| E|CS|TAMS 0x0000000440800000, 0x0000000440800000| Complete 
| 255|0x0000000440c00000, 0x0000000441000000, 0x0000000441000000|100%| E|CS|TAMS 0x0000000440c00000, 0x0000000440c00000| Complete 

Card table byte_map: [0x000002b423640000,0x000002b425640000] _byte_map_base: 0x000002b421638000

Marking Bits (Prev, Next): (CMBitMap*) 0x000002b3f068ad68, (CMBitMap*) 0x000002b3f068ada8
 Prev Bits: [0x000002b427640000, 0x000002b437600000)
 Next Bits: [0x000002b437600000, 0x000002b4475c0000)

Polling page: 0x000002b3f6a30000

Metaspace:

Usage:
  Non-class:      6.55 MB capacity,     5.29 MB ( 81%) used,     1.23 MB ( 19%) free+waste,    24.50 KB ( <1%) overhead. 
      Class:    844.00 KB capacity,   620.96 KB ( 74%) used,   210.04 KB ( 25%) free+waste,    13.00 KB (  2%) overhead. 
       Both:      7.37 MB capacity,     5.90 MB ( 80%) used,     1.44 MB ( 20%) free+waste,    37.50 KB ( <1%) overhead. 

Virtual space:
  Non-class space:        8.00 MB reserved,       6.75 MB ( 84%) committed 
      Class space:        1.00 GB reserved,     896.00 KB ( <1%) committed 
             Both:        1.01 GB reserved,       7.63 MB ( <1%) committed 

Chunk freelists:
   Non-Class:  2.00 KB
       Class:  0 bytes
        Both:  2.00 KB

CodeHeap 'non-profiled nmethods': size=119168Kb used=616Kb max_used=616Kb free=118551Kb
 bounds [0x000002b419210000, 0x000002b419480000, 0x000002b420670000]
CodeHeap 'profiled nmethods': size=119168Kb used=3179Kb max_used=3179Kb free=115988Kb
 bounds [0x000002b411db0000, 0x000002b4120d0000, 0x000002b419210000]
CodeHeap 'non-nmethods': size=7424Kb used=2822Kb max_used=2870Kb free=4601Kb
 bounds [0x000002b411670000, 0x000002b4119c0000, 0x000002b411db0000]
 total_blobs=2259 nmethods=1512 adapters=358
 compilation: enabled
              stopped_count=0, restarted_count=0
 full_count=0

Compilation events (10 events):
Event: 32.952 Thread 0x000002b3f0fba800 nmethod 1508 0x000002b4120c3690 code [0x000002b4120c3880, 0x000002b4120c3f18]
Event: 32.953 Thread 0x000002b4636a2800 nmethod 1495 0x000002b4120c4090 code [0x000002b4120c4680, 0x000002b4120c7a00]
Event: 32.953 Thread 0x000002b3f0fb6000 nmethod 1429% 0x000002b419284d10 code [0x000002b419285100, 0x000002b419287220]
Event: 32.953 Thread 0x000002b3f0fb6000 1436       4       org.terrier.structures.indexing.classical.BasicIndexer$BasicTermProcessor::processTerm (29 bytes)
Event: 32.955 Thread 0x000002b3f0fb3800 1510       3       java.lang.Class::getComponentType (14 bytes)
Event: 32.955 Thread 0x000002b3f0fb3800 nmethod 1510 0x000002b4120c8a10 code [0x000002b4120c8be0, 0x000002b4120c8e10]
Event: 32.955 Thread 0x000002b3f0fb2000 1511       3       java.lang.AbstractStringBuilder::setLength (66 bytes)
Event: 32.955 Thread 0x000002b3f0fba800 1512       3       org.terrier.indexing.TaggedDocument::processEndOfDocument (44 bytes)
Event: 32.956 Thread 0x000002b3f0fb2000 nmethod 1511 0x000002b4120c8e90 code [0x000002b4120c90e0, 0x000002b4120c98e0]
Event: 32.956 Thread 0x000002b3f0fba800 nmethod 1512 0x000002b4120c9c10 code [0x000002b4120c9ec0, 0x000002b4120caa60]

GC Heap History (0 events):
No events

Deoptimization events (9 events):
Event: 0.078 Thread 0x000002b3f5f0d000 Uncommon trap: reason=unstable_if action=reinterpret pc=0x000002b419217eb8 method=java.util.zip.ZipFile$Source.isMetaName([BII)Z @ 43 c2
Event: 0.115 Thread 0x000002b3f5f0d000 Uncommon trap: reason=unstable_if action=reinterpret pc=0x000002b419215084 method=java.lang.String.hashCode()I @ 14 c2
Event: 0.167 Thread 0x000002b3f5f0d000 Uncommon trap: reason=unstable_if action=reinterpret pc=0x000002b41922adac method=java.io.BufferedReader.read()I @ 19 c2
Event: 0.167 Thread 0x000002b3f5f0d000 Uncommon trap: reason=unstable_if action=reinterpret pc=0x000002b41922b4c0 method=java.io.BufferedReader.read()I @ 19 c2
Event: 0.199 Thread 0x000002b3f5f0d000 Uncommon trap: reason=unstable_if action=reinterpret pc=0x000002b419220230 method=java.lang.String.charAt(I)C @ 4 c2
Event: 32.423 Thread 0x000002b3f5f0d000 Uncommon trap: reason=unstable_if action=reinterpret pc=0x000002b41923e018 method=java.util.Arrays.fill([Ljava/lang/Object;Ljava/lang/Object;)V @ 7 c2
Event: 32.732 Thread 0x000002b3f5f0d000 Uncommon trap: reason=unstable_if action=reinterpret pc=0x000002b41924242c method=java.util.concurrent.ConcurrentHashMap.get(Ljava/lang/Object;)Ljava/lang/Object; @ 76 c2
Event: 32.943 Thread 0x000002b3f5f0d000 Uncommon trap: reason=unstable_if action=reinterpret pc=0x000002b41928231c method=org.terrier.terms.PorterStemmer.step4()V @ 130 c2
Event: 32.944 Thread 0x000002b3f5f0d000 Uncommon trap: reason=unstable_if action=reinterpret pc=0x000002b41927e124 method=org.terrier.terms.PorterStemmer.step1()V @ 42 c2

Classes redefined (0 events):
No events

Internal exceptions (10 events):
Event: 32.459 Thread 0x000002b3f5f0d000 Exception <a 'java/lang/NoSuchMethodError'{0x00000004402bda38}: java.lang.invoke.DirectMethodHandle$Holder.invokeStatic(Ljava/lang/Object;Ljava/lang/Object;Ljava/lang/Object;Ljava/lang/Object;Ljava/lang/Object;Ljava/lang/Object;Ljava/lang/Object;J)Ljava/l
Event: 32.466 Thread 0x000002b3f5f0d000 Exception <a 'java/lang/NoSuchMethodError'{0x000000043fc4fc48}: java.lang.invoke.DirectMethodHandle$Holder.invokeStatic(Ljava/lang/Object;Ljava/lang/Object;Ljava/lang/Object;Ljava/lang/Object;Ljava/lang/Object;Ljava/lang/Object;Ljava/lang/Object;Ljava/lan
Event: 32.485 Thread 0x000002b3f5f0d000 Exception <a 'java/lang/NoSuchMethodError'{0x000000043fd8b730}: java.lang.invoke.DirectMethodHandle$Holder.invokeStatic(Ljava/lang/Object;Ljava/lang/Object;Ljava/lang/Object;Ljava/lang/Object;Ljava/lang/Object;Ljava/lang/Object;Ljava/lang/Object;Ljava/lan
Event: 32.485 Thread 0x000002b3f5f0d000 Exception <a 'java/lang/NoSuchMethodError'{0x000000043fd97728}: java.lang.invoke.DirectMethodHandle$Holder.invokeStatic(Ljava/lang/Object;Ljava/lang/Object;Ljava/lang/Object;Ljava/lang/Object;Ljava/lang/Object;Ljava/lang/Object;Ljava/lang/Object;Ljava/lan
Event: 32.486 Thread 0x000002b3f5f0d000 Exception <a 'java/lang/NoSuchMethodError'{0x000000043fda3940}: java.lang.invoke.DirectMethodHandle$Holder.invokeSpecial(Ljava/lang/Object;Ljava/lang/Object;JLjava/lang/Object;Ljava/lang/Object;Ljava/lang/Object;I)Ljava/lang/Object;> (0x000000043fda3940) 
Event: 32.486 Thread 0x000002b3f5f0d000 Exception <a 'java/lang/NoSuchMethodError'{0x000000043fda6a28}: java.lang.invoke.DelegatingMethodHandle$Holder.reinvoke_L(Ljava/lang/Object;JLjava/lang/Object;Ljava/lang/Object;Ljava/lang/Object;I)Ljava/lang/Object;> (0x000000043fda6a28) thrown at [t:/wor
Event: 32.487 Thread 0x000002b3f5f0d000 Exception <a 'java/lang/NoSuchMethodError'{0x000000043fdba8b8}: java.lang.invoke.DirectMethodHandle$Holder.invokeStatic(Ljava/lang/Object;Ljava/lang/Object;Ljava/lang/Object;Ljava/lang/Object;Ljava/lang/Object;J)Ljava/lang/Object;> (0x000000043fdba8b8) th
Event: 32.488 Thread 0x000002b3f5f0d000 Exception <a 'java/lang/NoSuchMethodError'{0x000000043fdd7cd8}: java.lang.invoke.DirectMethodHandle$Holder.invokeSpecial(Ljava/lang/Object;Ljava/lang/Object;Ljava/lang/Object;Ljava/lang/Object;Ljava/lang/Object;I)Ljava/lang/Object;> (0x000000043fdd7cd8) t
Event: 32.498 Thread 0x000002b3f5f0d000 Exception <a 'java/lang/NoSuchMethodError'{0x000000043fe51f38}: java.lang.invoke.DirectMethodHandle$Holder.invokeStaticInit(Ljava/lang/Object;IIII)Ljava/lang/Object;> (0x000000043fe51f38) thrown at [t:/workspace/open/src/hotspot/share/interpreter/linkReso
Event: 32.671 Thread 0x000002b3f5f0d000 Exception <a 'java/lang/NoSuchMethodError'{0x000000043fe8bc60}: java.lang.invoke.DirectMethodHandle$Holder.invokeStaticInit(Ljava/lang/Object;Ljava/lang/Object;IIII)Ljava/lang/Object;> (0x000000043fe8bc60) thrown at [t:/workspace/open/src/hotspot/share/in

Events (10 events):
Event: 32.909 Thread 0x000002b3f0fb7800 Thread added: 0x000002b3f0fb7800
Event: 32.943 Thread 0x000002b3f5f0d000 Uncommon trap: trap_request=0xffffff4d fr.pc=0x000002b41928231c relative=0x00000000000011fc
Event: 32.943 Thread 0x000002b3f5f0d000 DEOPT PACKING pc=0x000002b41928231c sp=0x000000d0cc9e9e50
Event: 32.943 Thread 0x000002b3f5f0d000 DEOPT UNPACKING pc=0x000002b411699c2f sp=0x000000d0cc9e9ca8 mode 2
Event: 32.944 Thread 0x000002b3f5f0d000 Uncommon trap: trap_request=0xffffff4d fr.pc=0x000002b41927e124 relative=0x0000000000001324
Event: 32.944 Thread 0x000002b3f5f0d000 DEOPT PACKING pc=0x000002b41927e124 sp=0x000000d0cc9e9df0
Event: 32.944 Thread 0x000002b3f5f0d000 DEOPT UNPACKING pc=0x000002b411699c2f sp=0x000000d0cc9e9c98 mode 2
Event: 32.952 Thread 0x000002b3f0fb7000 Thread added: 0x000002b3f0fb7000
Event: 32.954 Thread 0x000002b3f5f0d000 DEOPT PACKING pc=0x000002b41206e8b0 sp=0x000000d0cc9e9cb0
Event: 32.954 Thread 0x000002b3f5f0d000 DEOPT UNPACKING pc=0x000002b411699a4e sp=0x000000d0cc9e9150 mode 0


Dynamic libraries:
0x00007ff6593d0000 - 0x00007ff6593eb000 	c:\users\jncwi\appdata\local\programs\python\python37\python.exe
0x00007fff3eaf0000 - 0x00007fff3ece5000 	C:\WINDOWS\SYSTEM32\ntdll.dll
0x00007fff3de80000 - 0x00007fff3df3e000 	C:\WINDOWS\System32\KERNEL32.DLL
0x00007fff3c310000 - 0x00007fff3c5d8000 	C:\WINDOWS\System32\KERNELBASE.dll
0x00007fff3c630000 - 0x00007fff3c730000 	C:\WINDOWS\System32\ucrtbase.dll
0x00007fff1f6a0000 - 0x00007fff1f6b6000 	c:\users\jncwi\appdata\local\programs\python\python37\VCRUNTIME140.dll
0x00007ffe86440000 - 0x00007ffe86800000 	c:\users\jncwi\appdata\local\programs\python\python37\python37.dll
0x00007fff3cb50000 - 0x00007fff3cba5000 	C:\WINDOWS\System32\SHLWAPI.dll
0x00007fff3d5b0000 - 0x00007fff3d64e000 	C:\WINDOWS\System32\msvcrt.dll
0x00007fff3e7a0000 - 0x00007fff3e80b000 	C:\WINDOWS\System32\WS2_32.dll
0x00007fff35c00000 - 0x00007fff35c0a000 	C:\WINDOWS\SYSTEM32\VERSION.dll
0x00007fff3e660000 - 0x00007fff3e785000 	C:\WINDOWS\System32\RPCRT4.dll
0x00007fff3e070000 - 0x00007fff3e11e000 	C:\WINDOWS\System32\ADVAPI32.dll
0x00007fff3e5c0000 - 0x00007fff3e65c000 	C:\WINDOWS\System32\sechost.dll
0x00007fff3bbd0000 - 0x00007fff3bbe8000 	C:\WINDOWS\SYSTEM32\CRYPTSP.dll
0x00007fff3b2f0000 - 0x00007fff3b324000 	C:\WINDOWS\system32\rsaenh.dll
0x00007fff3cb20000 - 0x00007fff3cb47000 	C:\WINDOWS\System32\bcrypt.dll
0x00007fff3bbf0000 - 0x00007fff3bbfc000 	C:\WINDOWS\SYSTEM32\CRYPTBASE.dll
0x00007fff3c280000 - 0x00007fff3c302000 	C:\WINDOWS\System32\bcryptPrimitives.dll
0x00007fff223d0000 - 0x00007fff223df000 	c:\users\jncwi\appdata\local\programs\python\python37\python3.dll
0x00007fff1f620000 - 0x00007fff1f638000 	c:\users\jncwi\appdata\local\programs\python\python37\DLLs\_bz2.pyd
0x00007fff1c5c0000 - 0x00007fff1c601000 	c:\users\jncwi\appdata\local\programs\python\python37\DLLs\_lzma.pyd
0x00007fff1f610000 - 0x00007fff1f61d000 	c:\users\jncwi\appdata\local\programs\python\python37\DLLs\_hashlib.pyd
0x00007fff183b0000 - 0x00007fff186f5000 	c:\users\jncwi\appdata\local\programs\python\python37\DLLs\libcrypto-1_1.dll
0x00007fff3cdf0000 - 0x00007fff3cf90000 	C:\WINDOWS\System32\USER32.dll
0x00007fff3c730000 - 0x00007fff3c752000 	C:\WINDOWS\System32\win32u.dll
0x00007fff3d700000 - 0x00007fff3d72a000 	C:\WINDOWS\System32\GDI32.dll
0x00007fff3c810000 - 0x00007fff3c91b000 	C:\WINDOWS\System32\gdi32full.dll
0x00007fff3c920000 - 0x00007fff3c9bd000 	C:\WINDOWS\System32\msvcp_win.dll
0x00007fff3e950000 - 0x00007fff3e980000 	C:\WINDOWS\System32\IMM32.DLL
0x00007fff1c4d0000 - 0x00007fff1c4f3000 	c:\users\jncwi\appdata\local\programs\python\python37\DLLs\_ctypes.pyd
0x00007fff3e980000 - 0x00007fff3eaaa000 	C:\WINDOWS\System32\ole32.dll
0x00007fff3e180000 - 0x00007fff3e4d4000 	C:\WINDOWS\System32\combase.dll
0x00007fff3d070000 - 0x00007fff3d13d000 	C:\WINDOWS\System32\OLEAUT32.dll
0x00007fff3d730000 - 0x00007fff3de74000 	C:\WINDOWS\System32\shell32.DLL
0x00007fff1a3d0000 - 0x00007fff1a3e7000 	c:\users\jncwi\appdata\local\programs\python\python37\DLLs\_sqlite3.pyd
0x00007ffef6bb0000 - 0x00007ffef6ce9000 	c:\users\jncwi\appdata\local\programs\python\python37\DLLs\sqlite3.dll
0x00007fff1f5f0000 - 0x00007fff1f605000 	c:\users\jncwi\appdata\local\programs\python\python37\DLLs\_socket.pyd
0x00007fff1f5e0000 - 0x00007fff1f5e9000 	c:\users\jncwi\appdata\local\programs\python\python37\DLLs\select.pyd
0x00007fff1f540000 - 0x00007fff1f55f000 	c:\users\jncwi\appdata\local\programs\python\python37\DLLs\_ssl.pyd
0x00007fff3c9c0000 - 0x00007fff3cb16000 	C:\WINDOWS\System32\CRYPT32.dll
0x00007fff1c510000 - 0x00007fff1c5bc000 	c:\users\jncwi\appdata\local\programs\python\python37\DLLs\libssl-1_1.dll
0x00007fff1c410000 - 0x00007fff1c424000 	c:\users\jncwi\appdata\local\programs\python\python37\DLLs\_asyncio.pyd
0x00007fff1c4b0000 - 0x00007fff1c4bd000 	c:\users\jncwi\appdata\local\programs\python\python37\DLLs\_overlapped.pyd
0x00007fff3b9e0000 - 0x00007fff3ba4a000 	C:\WINDOWS\system32\mswsock.dll
0x00007fff1a650000 - 0x00007fff1a758000 	c:\users\jncwi\appdata\local\programs\python\python37\DLLs\unicodedata.pyd
0x00007fff1d330000 - 0x00007fff1d339000 	c:\users\jncwi\appdata\local\programs\python\python37\DLLs\_queue.pyd
0x00007fff102d0000 - 0x00007fff1035e000 	c:\users\jncwi\appdata\local\programs\python\python37\lib\site-packages\zmq\libzmq.cp37-win_amd64.pyd
0x00007fff3b680000 - 0x00007fff3b6bb000 	C:\WINDOWS\SYSTEM32\IPHLPAPI.DLL
0x00007fff0c5f0000 - 0x00007fff0c68d000 	c:\users\jncwi\appdata\local\programs\python\python37\lib\site-packages\zmq\MSVCP140.dll
0x00007fff1b7b0000 - 0x00007fff1b7c6000 	c:\users\jncwi\appdata\local\programs\python\python37\lib\site-packages\zmq\backend\cython\constants.cp37-win_amd64.pyd
0x00007fff1bf40000 - 0x00007fff1bf4d000 	c:\users\jncwi\appdata\local\programs\python\python37\lib\site-packages\zmq\backend\cython\error.cp37-win_amd64.pyd
0x00007fff1b720000 - 0x00007fff1b73a000 	c:\users\jncwi\appdata\local\programs\python\python37\lib\site-packages\zmq\backend\cython\message.cp37-win_amd64.pyd
0x00007fff1ad00000 - 0x00007fff1ad14000 	c:\users\jncwi\appdata\local\programs\python\python37\lib\site-packages\zmq\backend\cython\context.cp37-win_amd64.pyd
0x00007fff1a870000 - 0x00007fff1a893000 	c:\users\jncwi\appdata\local\programs\python\python37\lib\site-packages\zmq\backend\cython\socket.cp37-win_amd64.pyd
0x00007fff1b710000 - 0x00007fff1b71f000 	c:\users\jncwi\appdata\local\programs\python\python37\lib\site-packages\zmq\backend\cython\utils.cp37-win_amd64.pyd
0x00007fff1a630000 - 0x00007fff1a644000 	c:\users\jncwi\appdata\local\programs\python\python37\lib\site-packages\zmq\backend\cython\_poll.cp37-win_amd64.pyd
0x00007fff1b610000 - 0x00007fff1b61d000 	c:\users\jncwi\appdata\local\programs\python\python37\lib\site-packages\zmq\backend\cython\_version.cp37-win_amd64.pyd
0x00007fff1a3f0000 - 0x00007fff1a401000 	c:\users\jncwi\appdata\local\programs\python\python37\lib\site-packages\zmq\backend\cython\_device.cp37-win_amd64.pyd
0x00007fff1acf0000 - 0x00007fff1ad00000 	c:\users\jncwi\appdata\local\programs\python\python37\lib\site-packages\zmq\backend\cython\_proxy_steerable.cp37-win_amd64.pyd
0x00007fff1a8a0000 - 0x00007fff1a8e4000 	c:\users\jncwi\appdata\local\programs\python\python37\DLLs\_decimal.pyd
0x00007fff1aa50000 - 0x00007fff1aa60000 	c:\users\jncwi\appdata\local\programs\python\python37\lib\site-packages\simplejson\_speedups.cp37-win_amd64.pyd
0x00007fff1c500000 - 0x00007fff1c509000 	c:\users\jncwi\appdata\local\programs\python\python37\lib\site-packages\tornado\speedups.cp37-win_amd64.pyd
0x00007fff3ae30000 - 0x00007fff3ae42000 	C:\WINDOWS\SYSTEM32\kernel.appcore.dll
0x00007fff3e8c0000 - 0x00007fff3e8c8000 	C:\WINDOWS\System32\NSI.dll
0x00007fff34640000 - 0x00007fff34657000 	C:\WINDOWS\SYSTEM32\dhcpcsvc6.DLL
0x00007fff34610000 - 0x00007fff3462d000 	C:\WINDOWS\SYSTEM32\dhcpcsvc.DLL
0x00007fff3b6c0000 - 0x00007fff3b78b000 	C:\WINDOWS\SYSTEM32\DNSAPI.dll
0x00000000772d0000 - 0x00000000772f6000 	c:\users\jncwi\appdata\local\programs\python\python37\lib\site-packages\win32\win32api.pyd
0x0000000076810000 - 0x0000000076837000 	c:\users\jncwi\appdata\local\programs\python\python37\lib\site-packages\pywin32_system32\pywintypes37.dll
0x00007fff1dba0000 - 0x00007fff1dbac000 	C:\WINDOWS\SYSTEM32\secur32.dll
0x00007fff3c0d0000 - 0x00007fff3c102000 	C:\WINDOWS\SYSTEM32\SSPICLI.DLL
0x00000000767e0000 - 0x0000000076808000 	c:\users\jncwi\appdata\local\programs\python\python37\lib\site-packages\win32\win32security.pyd
0x00007fff25b30000 - 0x00007fff25b4a000 	C:\WINDOWS\SYSTEM32\NETAPI32.dll
0x00007fff3b830000 - 0x00007fff3b83c000 	C:\WINDOWS\SYSTEM32\NETUTILS.DLL
0x000002b3f79a0000 - 0x000002b3f79a3000 	C:\WINDOWS\SYSTEM32\security.dll
0x00007fff110e0000 - 0x00007fff1110a000 	C:\WINDOWS\SYSTEM32\ntdsapi.dll
0x00007fff3b790000 - 0x00007fff3b7d4000 	C:\WINDOWS\SYSTEM32\LOGONCLI.DLL
0x0000000067200000 - 0x0000000068f91000 	c:\users\jncwi\appdata\local\programs\python\python37\lib\site-packages\numpy\.libs\libopenblas.WCDJNK7YVMPZQ2ME2ZZHJJRJ3JIKNDB7.gfortran-win_amd64.dll
0x00007ffe86880000 - 0x00007ffe86b49000 	c:\users\jncwi\appdata\local\programs\python\python37\lib\site-packages\numpy\core\_multiarray_umath.cp37-win_amd64.pyd
0x00007fff18760000 - 0x00007fff18782000 	c:\users\jncwi\appdata\local\programs\python\python37\lib\site-packages\pickle5\_pickle.cp37-win_amd64.pyd
0x00007fff25cc0000 - 0x00007fff25cdf000 	c:\users\jncwi\appdata\local\programs\python\python37\lib\site-packages\numpy\core\_multiarray_tests.cp37-win_amd64.pyd
0x00007fff1f850000 - 0x00007fff1f859000 	c:\users\jncwi\appdata\local\programs\python\python37\lib\site-packages\numpy\linalg\lapack_lite.cp37-win_amd64.pyd
0x00007fff18730000 - 0x00007fff1875a000 	c:\users\jncwi\appdata\local\programs\python\python37\lib\site-packages\numpy\linalg\_umath_linalg.cp37-win_amd64.pyd
0x00007fff1a3b0000 - 0x00007fff1a3d0000 	c:\users\jncwi\appdata\local\programs\python\python37\lib\site-packages\numpy\fft\_pocketfft_internal.cp37-win_amd64.pyd
0x00007ffef86b0000 - 0x00007ffef873f000 	c:\users\jncwi\appdata\local\programs\python\python37\lib\site-packages\numpy\random\mtrand.cp37-win_amd64.pyd
0x00007fff18700000 - 0x00007fff18729000 	c:\users\jncwi\appdata\local\programs\python\python37\lib\site-packages\numpy\random\bit_generator.cp37-win_amd64.pyd
0x00007fff10c10000 - 0x00007fff10c41000 	c:\users\jncwi\appdata\local\programs\python\python37\lib\site-packages\numpy\random\_common.cp37-win_amd64.pyd
0x00007fff0c5b0000 - 0x00007fff0c5f0000 	c:\users\jncwi\appdata\local\programs\python\python37\lib\site-packages\numpy\random\_bounded_integers.cp37-win_amd64.pyd
0x00007fff10fc0000 - 0x00007fff10fd8000 	c:\users\jncwi\appdata\local\programs\python\python37\lib\site-packages\numpy\random\_mt19937.cp37-win_amd64.pyd
0x00007fff10ec0000 - 0x00007fff10ed7000 	c:\users\jncwi\appdata\local\programs\python\python37\lib\site-packages\numpy\random\_philox.cp37-win_amd64.pyd
0x00007fff10e80000 - 0x00007fff10e95000 	c:\users\jncwi\appdata\local\programs\python\python37\lib\site-packages\numpy\random\_pcg64.cp37-win_amd64.pyd
0x00007fff10d70000 - 0x00007fff10d82000 	c:\users\jncwi\appdata\local\programs\python\python37\lib\site-packages\numpy\random\_sfc64.cp37-win_amd64.pyd
0x00007ffef7d50000 - 0x00007ffef7df4000 	c:\users\jncwi\appdata\local\programs\python\python37\lib\site-packages\numpy\random\_generator.cp37-win_amd64.pyd
0x00007ffe771e0000 - 0x00007ffe77302000 	c:\users\jncwi\appdata\local\programs\python\python37\lib\site-packages\pandas\_libs\interval.cp37-win_amd64.pyd
0x00007ffe863b0000 - 0x00007ffe8643a000 	c:\users\jncwi\appdata\local\programs\python\python37\lib\site-packages\pandas\_libs\hashtable.cp37-win_amd64.pyd
0x00007fff10240000 - 0x00007fff1026e000 	c:\users\jncwi\appdata\local\programs\python\python37\lib\site-packages\pandas\_libs\missing.cp37-win_amd64.pyd
0x00007fff10120000 - 0x00007fff10140000 	c:\users\jncwi\appdata\local\programs\python\python37\lib\site-packages\pandas\_libs\tslibs\dtypes.cp37-win_amd64.pyd
0x00007fff046c0000 - 0x00007fff04700000 	c:\users\jncwi\appdata\local\programs\python\python37\lib\site-packages\pandas\_libs\tslibs\conversion.cp37-win_amd64.pyd
0x00007fff1f840000 - 0x00007fff1f850000 	c:\users\jncwi\appdata\local\programs\python\python37\lib\site-packages\pandas\_libs\tslibs\base.cp37-win_amd64.pyd
0x00007fff022f0000 - 0x00007fff02323000 	c:\users\jncwi\appdata\local\programs\python\python37\lib\site-packages\pandas\_libs\tslibs\nattype.cp37-win_amd64.pyd
0x00007fff1f710000 - 0x00007fff1f720000 	c:\users\jncwi\appdata\local\programs\python\python37\lib\site-packages\pandas\_libs\tslibs\np_datetime.cp37-win_amd64.pyd
0x00007ffefc4e0000 - 0x00007ffefc517000 	c:\users\jncwi\appdata\local\programs\python\python37\lib\site-packages\pandas\_libs\tslibs\timezones.cp37-win_amd64.pyd
0x00007ffef6e40000 - 0x00007ffef6e7e000 	c:\users\jncwi\appdata\local\programs\python\python37\lib\site-packages\pandas\_libs\tslibs\tzconversion.cp37-win_amd64.pyd
0x00007fff0fc80000 - 0x00007fff0fc93000 	c:\users\jncwi\appdata\local\programs\python\python37\lib\site-packages\pandas\_libs\tslibs\ccalendar.cp37-win_amd64.pyd
0x00007ffef6b50000 - 0x00007ffef6ba7000 	c:\users\jncwi\appdata\local\programs\python\python37\lib\site-packages\pandas\_libs\tslibs\parsing.cp37-win_amd64.pyd
0x00007ffe77100000 - 0x00007ffe771d8000 	c:\users\jncwi\appdata\local\programs\python\python37\lib\site-packages\pandas\_libs\tslibs\offsets.cp37-win_amd64.pyd
0x00007ffe9cfb0000 - 0x00007ffe9d014000 	c:\users\jncwi\appdata\local\programs\python\python37\lib\site-packages\pandas\_libs\tslibs\timedeltas.cp37-win_amd64.pyd
0x00007ffe92470000 - 0x00007ffe924d7000 	c:\users\jncwi\appdata\local\programs\python\python37\lib\site-packages\pandas\_libs\tslibs\timestamps.cp37-win_amd64.pyd
0x00007ffeea210000 - 0x00007ffeea24f000 	c:\users\jncwi\appdata\local\programs\python\python37\lib\site-packages\pandas\_libs\tslibs\fields.cp37-win_amd64.pyd
0x00007ffee9d40000 - 0x00007ffee9d92000 	c:\users\jncwi\appdata\local\programs\python\python37\lib\site-packages\pandas\_libs\tslibs\strptime.cp37-win_amd64.pyd
0x00007fff0fc40000 - 0x00007fff0fc54000 	c:\users\jncwi\appdata\local\programs\python\python37\lib\site-packages\pandas\_libs\properties.cp37-win_amd64.pyd
0x00007ffed5860000 - 0x00007ffed58bf000 	c:\users\jncwi\appdata\local\programs\python\python37\lib\site-packages\pandas\_libs\tslibs\period.cp37-win_amd64.pyd
0x00007ffed8dd0000 - 0x00007ffed8e07000 	c:\users\jncwi\appdata\local\programs\python\python37\lib\site-packages\pandas\_libs\tslibs\vectorized.cp37-win_amd64.pyd
0x00007fff04e00000 - 0x00007fff04e12000 	c:\users\jncwi\appdata\local\programs\python\python37\lib\site-packages\pandas\_libs\ops_dispatch.cp37-win_amd64.pyd
0x00007ffe76fb0000 - 0x00007ffe770f5000 	c:\users\jncwi\appdata\local\programs\python\python37\lib\site-packages\pandas\_libs\algos.cp37-win_amd64.pyd
0x00007ffe86800000 - 0x00007ffe86879000 	c:\users\jncwi\appdata\local\programs\python\python37\lib\site-packages\pandas\_libs\lib.cp37-win_amd64.pyd
0x00007fff04690000 - 0x00007fff046b8000 	c:\users\jncwi\appdata\local\programs\python\python37\lib\site-packages\pandas\_libs\tslib.cp37-win_amd64.pyd
0x00007fff03690000 - 0x00007fff036bd000 	c:\users\jncwi\appdata\local\programs\python\python37\lib\site-packages\pandas\_libs\hashing.cp37-win_amd64.pyd
0x00007ffe9ce90000 - 0x00007ffe9cec4000 	c:\users\jncwi\appdata\local\programs\python\python37\lib\site-packages\pandas\_libs\ops.cp37-win_amd64.pyd
0x00007ffe86330000 - 0x00007ffe863ad000 	c:\users\jncwi\appdata\local\programs\python\python37\lib\site-packages\pandas\_libs\index.cp37-win_amd64.pyd
0x00007ffe76ac0000 - 0x00007ffe76cba000 	c:\users\jncwi\appdata\local\programs\python\python37\lib\site-packages\pandas\_libs\join.cp37-win_amd64.pyd
0x00007ffe76ed0000 - 0x00007ffe76fa3000 	c:\users\jncwi\appdata\local\programs\python\python37\lib\site-packages\pandas\_libs\sparse.cp37-win_amd64.pyd
0x00007ffe9cc80000 - 0x00007ffe9ccbf000 	c:\users\jncwi\appdata\local\programs\python\python37\lib\site-packages\pandas\_libs\reshape.cp37-win_amd64.pyd
0x00007fff183a0000 - 0x00007fff183b0000 	c:\users\jncwi\appdata\local\programs\python\python37\lib\site-packages\pandas\_libs\indexing.cp37-win_amd64.pyd
0x00007ffe9cc10000 - 0x00007ffe9cc43000 	c:\users\jncwi\appdata\local\programs\python\python37\lib\site-packages\pandas\_libs\writers.cp37-win_amd64.pyd
0x00007ffe9c8c0000 - 0x00007ffe9c8fb000 	c:\users\jncwi\appdata\local\programs\python\python37\lib\site-packages\pandas\_libs\internals.cp37-win_amd64.pyd
0x00007ffe76a60000 - 0x00007ffe76abc000 	c:\users\jncwi\appdata\local\programs\python\python37\lib\site-packages\pandas\_libs\window\aggregations.cp37-win_amd64.pyd

dbghelp: loaded successfully - version: 4.0.5 - missing functions: none
symbol engine: initialized successfully - sym options: 0x614 - pdb path: .;c:\users\jncwi\appdata\local\programs\python\python37;C:\WINDOWS\SYSTEM32;c:\users\jncwi\appdata\local\programs\python\python37\DLLs;c:\users\jncwi\appdata\local\programs\python\python37\lib\site-packages\zmq;c:\users\jncwi\appdata\local\programs\python\python37\lib\site-packages\zmq\backend\cython;c:\users\jncwi\appdata\local\programs\python\python37\lib\site-packages\simplejson;c:\users\jncwi\appdata\local\programs\python\python37\lib\site-packages\tornado;c:\users\jncwi\appdata\local\programs\python\python37\lib\site-packages\win32;c:\users\jncwi\appdata\local\programs\python\python37\lib\site-packages\pywin32_system32;c:\users\jncwi\appdata\local\programs\python\python37\lib\site-packages\numpy\.libs;c:\users\jncwi\appdata\local\programs\python\python37\lib\site-packages\numpy\core;c:\users\jncwi\appdata\local\programs\python\python37\lib\site-packages\pickle5;c:\users\jncwi\appdata\local\programs\python\python37\lib\site-packages\numpy\linalg;c:\users\jncwi\appdata\local\programs\python\python37\lib\site-packages\numpy\fft;c:\users\jncwi\appdata\local\programs\python\python37\lib\site-packages\numpy\random;c:\users\jncwi\appdata\local\programs\python\python37\lib\site-packages\pandas\_libs;c:\users\jncwi\appdata\local\programs\python\python37\lib\site-packages\pandas\_libs\tslibs;c:\users\jncwi\appdata\local\programs\python\python37\lib\site-packages\pandas\_libs\window;c:\users\jncwi\appdata\local\programs\python\python37\lib\site-packages\jnius;C:\Program Files\Java\jdk-12.0.1\bin\server;C:\Program Files\Java\jdk-12.0.1\bin;C:\Users\jncwi\AppData\Local\Temp

VM Arguments:
java_command: <unknown>
java_class_path (initial): C:\Users\jncwi\.pyterrier\terrier-assemblies-5.6-jar-with-dependencies.jar;C:\Users\jncwi\.pyterrier\terrier-python-helper-0.0.6.jar;c:\users\jncwi\appdata\local\programs\python\python37\lib\site-packages\jnius\src
Launcher Type: generic

[Global flags]
     intx CICompilerCount                          = 12                                        {product} {ergonomic}
     uint ConcGCThreads                            = 3                                         {product} {ergonomic}
     uint G1ConcRefinementThreads                  = 13                                        {product} {ergonomic}
   size_t G1HeapRegionSize                         = 4194304                                   {product} {ergonomic}
    uintx GCDrainStackTargetSize                   = 64                                        {product} {ergonomic}
   size_t InitialHeapSize                          = 1073741824                                {product} {ergonomic}
   size_t MarkStackSize                            = 4194304                                   {product} {ergonomic}
   size_t MaxHeapSize                              = 17163091968                               {product} {ergonomic}
   size_t MaxNewSize                               = 10297016320                               {product} {ergonomic}
   size_t MinHeapDeltaBytes                        = 4194304                                   {product} {ergonomic}
    uintx NonNMethodCodeHeapSize                   = 7594288                                {pd product} {ergonomic}
    uintx NonProfiledCodeHeapSize                  = 122031976                              {pd product} {ergonomic}
    uintx ProfiledCodeHeapSize                     = 122031976                              {pd product} {ergonomic}
    uintx ReservedCodeCacheSize                    = 251658240                              {pd product} {ergonomic}
     bool SegmentedCodeCache                       = true                                      {product} {ergonomic}
     bool UseCompressedClassPointers               = true                                 {lp64_product} {ergonomic}
     bool UseCompressedOops                        = true                                 {lp64_product} {ergonomic}
     bool UseG1GC                                  = true                                      {product} {ergonomic}
     bool UseLargePagesIndividualAllocation        = false                                  {pd product} {ergonomic}

Logging:
Log output configuration:
 #0: stdout all=warning uptime,level,tags
 #1: stderr all=off uptime,level,tags

Environment Variables:
JAVA_HOME=C:\Program Files\Java\jdk-12.0.1in
PATH=c:\users\jncwi\appdata\local\programs\python\python37\lib\site-packages\pywin32_system32;c:\program files\nvidia gpu computing toolkit\cuda\v11.1\bin;c:\program files\nvidia gpu computing toolkit\cuda\v11.1\libnvvp;c:\users\jncwi\appdata\local\programs\protoc\bin\protoc.exe;c:\windows\system32;c:\program files\java\jdk-12.0.1\bin;c:\users\jncwi\php7\php7;c:\program files\nvidia gpu computing toolkit\cuda\v10.2\bin;c:\program files\nvidia gpu computing toolkit\cuda\v10.1\bin;c:\program files\nvidia gpu computing toolkit\cuda\v10.1\libnvvp;c:\program files\nvidia gpu computing toolkit\cuda\v11.2\bin;c:\program files\nvidia gpu computing toolkit\cuda\v11.2\libnvvp;c:\program files\nvidia gpu computing toolkit\cuda\v11.4\bin;c:\program files\nvidia gpu computing toolkit\cuda\v11.4\libnvvp;c:\windows;c:\windows\system32\wbem;c:\windows\system32\windowspowershell\v1.0\;c:\windows\system32\openssh\;c:\program files\apache-maven-3.6.1\bin;c:\program files\common files;c:\windows\system32;c:\windows;c:\windows\system32\wbem;c:\windows\system32\windowspowershell\v1.0\;c:\windows\system32\openssh\;c:\program files\dotnet\;c:\program files\microsoft sql server\130\tools\binn\;c:\program files\git\cmd;c:\program files (x86)\intel\intel(r) management engine components\dal;c:\program files\intel\intel(r) management engine components\dal;c:\program files\intel\wifi\bin\;c:\program;c:\users\jncwi\apache24\bin;c:\program files (x86)\dotnet\;c:\windows\system32;c:\windows;c:\windows\system32\wbem;c:\windows\system32\windowspowershell\v1.0\;c:\windows\system32\openssh\;c:\program files\nvidia corporation\nsight compute 2020.2.0\;;c:\program files\nvidia corporation\nvidia nvdlisr;C:\Program Files (x86)\NVIDIA Corporation\PhysX\Common;C:\Users\jncwi\AppData\Local\Programs\Python\Python37\Scripts\;C:\Users\jncwi\AppData\Local\Programs\Python\Python37\;C:\Program Files\MySQL\MySQL Shell 8.0\bin\;C:\Program Files\Intel\WiFi\bin\;C:\Program Files\Common Files\Intel\WirelessCommon\;C:\User
USERNAME=jncwi
OS=Windows_NT
PROCESSOR_IDENTIFIER=Intel64 Family 6 Model 158 Stepping 12, GenuineIntel



---------------  S Y S T E M  ---------------

OS: Windows 10 , 64 bit Build 19041 (10.0.19041.1566)

CPU:total 16 (initial active 16) (8 cores per cpu, 2 threads per core) family 6 model 158 stepping 12, cmov, cx8, fxsr, mmx, sse, sse2, sse3, ssse3, sse4.1, sse4.2, popcnt, avx, avx2, aes, clmul, erms, rtm, 3dnowpref, lzcnt, ht, tsc, tscinvbit, bmi1, bmi2, adx, fma

Memory: 4k page, system-wide physical 65468M (45445M free)
TotalPageFile size 94140M (AvailPageFile size 53628M)
current process WorkingSet (physical memory assigned to process): 633M, peak: 633M
current process commit charge ("private bytes"): 3709M, peak: 3720M

vm_info: Java HotSpot(TM) 64-Bit Server VM (12.0.1+12) for windows-amd64 JRE (12.0.1+12), built on Apr  2 2019 14:02:19 by "mach5one" with MS VC++ 15.5 (VS2017)

END.
