#
# A fatal error has been detected by the Java Runtime Environment:
#
#  EXCEPTION_ACCESS_VIOLATION (0xc0000005) at pc=0x000001d9fad5f3e0, pid=25532, tid=27824
#
# JRE version: Java(TM) SE Runtime Environment (12.0.1+12) (build 12.0.1+12)
# Java VM: Java HotSpot(TM) 64-Bit Server VM (12.0.1+12, mixed mode, sharing, tiered, compressed oops, g1 gc, windows-amd64)
# Problematic frame:
# J 211 c2 java.lang.String.length()I java.base@12.0.1 (11 bytes) @ 0x000001d9fad5f3e0 [0x000001d9fad5f3a0+0x0000000000000040]
#
# No core dump will be written. Minidumps are not enabled by default on client versions of Windows
#
# If you would like to submit a bug report, please visit:
#   http://bugreport.java.com/bugreport/crash.jsp
#

---------------  S U M M A R Y ------------

Command Line: 

Host: Intel(R) Core(TM) i9-9900K CPU @ 3.60GHz, 16 cores, 63G,  Windows 10 , 64 bit Build 19041 (10.0.19041.1566)
Time: Mon Apr 18 11:27:46 2022 Mountain Daylight Time elapsed time: 181 seconds (0d 0h 3m 1s)

---------------  T H R E A D  ---------------

Current thread (0x000001d9e9a55000):  JavaThread "main" [_thread_in_Java, id=27824, stack(0x0000006b9b200000,0x0000006b9b3f0000)]

Stack: [0x0000006b9b200000,0x0000006b9b3f0000],  sp=0x0000006b9b3e87d0,  free space=1953k
Native frames: (J=compiled Java code, j=interpreted, Vv=VM code, C=native code)
C  0x000001d9fad5f3e0


siginfo: EXCEPTION_ACCESS_VIOLATION (0xc0000005), reading address 0x00000003fe00000c


Register to memory mapping:

RIP=0x000001d9fad5f3e0 is at entry_point+64 in (nmethod*)0x000001d9fad5f210
RAX={method} {0x0000000800374e18} 'length' '()I' in 'java/lang/String'
RBX={method} {0x0000000800374e18} 'length' '()I' in 'java/lang/String'
RCX=0x000000043f0ceae8 points into unknown readable memory: 05 00 00 00 00 00 00 00
RDX=0x000000043f0ceae8 points into unknown readable memory: 05 00 00 00 00 00 00 00
RSP=0x0000006b9b3e87d0 is pointing into the stack for thread: 0x000001d9e9a55000
RBP=0x0000006b9b3e8858 is pointing into the stack for thread: 0x000001d9e9a55000
RSI=0x000001d9e9a55000 is a thread
RDI=0x0000000000000002 is an unknown value
R8 =0x0 is NULL
R9 =0x0000000000000002 is an unknown value
R10=0x00007ffe84f9eb80 points into unknown readable memory: 40 95 1b f3 d9 01 00 00
R11=0x000000007fc00000 is an unknown value
R12=0x0 is NULL
R13=0x0000006b9b3e8800 is pointing into the stack for thread: 0x000001d9e9a55000
R14=0x0000006b9b3e8870 is pointing into the stack for thread: 0x000001d9e9a55000
R15=0x000001d9e9a55000 is a thread


Registers:
RAX=0x0000000800374e10, RBX=0x0000000800374e10, RCX=0x000000043f0ceae8, RDX=0x000000043f0ceae8
RSP=0x0000006b9b3e87d0, RBP=0x0000006b9b3e8858, RSI=0x000001d9e9a55000, RDI=0x0000000000000002
R8 =0x0000000000000000, R9 =0x0000000000000002, R10=0x00007ffe84f9eb80, R11=0x000000007fc00000
R12=0x0000000000000000, R13=0x0000006b9b3e8800, R14=0x0000006b9b3e8870, R15=0x000001d9e9a55000
RIP=0x000001d9fad5f3e0, EFLAGS=0x0000000000010202

Top of Stack: (sp=0x0000006b9b3e87d0)
0x0000006b9b3e87d0:   000001da2a3e56c8 0000000440ce2690
0x0000006b9b3e87e0:   0000006b9b3e8858 000001d9f31b9880
0x0000006b9b3e87f0:   0000006b9b3e8808 000001d9f31b9880
0x0000006b9b3e8800:   000000043f0ceae8 000000043f0ceaf8
0x0000006b9b3e8810:   0000006b9b3e8810 000001da2a2a8fdd
0x0000006b9b3e8820:   0000006b9b3e8870 000001da2a2a9910
0x0000006b9b3e8830:   000001da2a3e5530 0000000440548b00
0x0000006b9b3e8840:   000001da2a2a9010 0000006b9b3e8800
0x0000006b9b3e8850:   0000006b9b3e8868 0000006b9b3e8a50
0x0000006b9b3e8860:   000001d9f31b0a90 000000043f0ceae8
0x0000006b9b3e8870:   000000043f0ceaf8 0000006b9b3e8939
0x0000006b9b3e8880:   0000006b9b3e8db0 00007ffe86465e49
0x0000006b9b3e8890:   00007ffe866f99e2 000001d9a9bb1630
0x0000006b9b3e88a0:   0000006b9b3e8980 000001d900000000
0x0000006b9b3e88b0:   000001d9e99f60f0 0000000000000000
0x0000006b9b3e88c0:   000001d9e9a0cdd8 0000005000000000 

Instructions: (pc=0x000001d9fad5f3e0)
0x000001d9fad5f3c0:   f8 66 66 90 0f 1f 84 00 00 00 00 00 66 66 66 90
0x000001d9fad5f3d0:   89 84 24 00 90 ff ff 55 48 83 ec 10 44 8b 5a 0c
0x000001d9fad5f3e0:   43 8b 44 dc 0c 0f be 4a 14 d3 f8 48 83 c4 10 5d
0x000001d9fad5f3f0:   4d 8b 97 08 01 00 00 41 85 02 c3 ba f6 ff ff ff 


Stack slot to memory mapping:
stack at sp + 0 slots: 0x000001da2a3e56c8 is pointing into metadata
stack at sp + 1 slots: 0x0000000440ce2690 points into unknown readable memory: 01 b5 81 a8 5c 00 00 00
stack at sp + 2 slots: 0x0000006b9b3e8858 is pointing into the stack for thread: 0x000001d9e9a55000
stack at sp + 3 slots: 0x000001d9f31b9880 is at code_begin+832 in an Interpreter codelet
invoke return entry points  [0x000001d9f31b9540, 0x000001d9f31b9f60]  2592 bytes
stack at sp + 4 slots: 0x0000006b9b3e8808 is pointing into the stack for thread: 0x000001d9e9a55000
stack at sp + 5 slots: 0x000001d9f31b9880 is at code_begin+832 in an Interpreter codelet
invoke return entry points  [0x000001d9f31b9540, 0x000001d9f31b9f60]  2592 bytes
stack at sp + 6 slots: 0x000000043f0ceae8 points into unknown readable memory: 05 00 00 00 00 00 00 00
stack at sp + 7 slots: 0x000000043f0ceaf8 is an oop: java.io.StringReader 
{0x000000043f0ceaf8} - klass: 'java/io/StringReader'



---------------  P R O C E S S  ---------------

Threads class SMR info:
_java_thread_list=0x000001da44f96510, length=19, elements={
0x000001d9e9a55000, 0x000001d9e9a54000, 0x000001d9e9a53800, 0x000001d9e9a52000,
0x000001d9e9a4f800, 0x000001d9e9a56000, 0x000001d9e9a50000, 0x000001d9e9a52800,
0x000001d9e9a5a000, 0x000001d9e9a5c800, 0x000001d9e9a8a000, 0x000001d9e9a89800,
0x000001d9e9a84800, 0x000001d9e9a8c800, 0x000001d9e9a8b000, 0x000001d9e9a8f000,
0x000001d9e9a8d800, 0x000001d9e9a8e000, 0x000001d9e9a8b800
}

Java Threads: ( => current thread )
=>0x000001d9e9a55000 JavaThread "main" [_thread_in_Java, id=27824, stack(0x0000006b9b200000,0x0000006b9b3f0000)]
  0x000001d9e9a54000 JavaThread "Reference Handler" daemon [_thread_blocked, id=18028, stack(0x0000006ba12e0000,0x0000006ba14d0000)]
  0x000001d9e9a53800 JavaThread "Finalizer" daemon [_thread_blocked, id=12464, stack(0x0000006ba14d0000,0x0000006ba16c0000)]
  0x000001d9e9a52000 JavaThread "Signal Dispatcher" daemon [_thread_blocked, id=35444, stack(0x0000006ba16c0000,0x0000006ba18b0000)]
  0x000001d9e9a4f800 JavaThread "Attach Listener" daemon [_thread_blocked, id=36712, stack(0x0000006ba18b0000,0x0000006ba1aa0000)]
  0x000001d9e9a56000 JavaThread "C2 CompilerThread0" daemon [_thread_blocked, id=36780, stack(0x0000006ba1aa0000,0x0000006ba1c90000)]
  0x000001d9e9a50000 JavaThread "C1 CompilerThread0" daemon [_thread_blocked, id=22748, stack(0x0000006ba1c90000,0x0000006ba1e80000)]
  0x000001d9e9a52800 JavaThread "Sweeper thread" daemon [_thread_blocked, id=25156, stack(0x0000006ba1e80000,0x0000006ba2070000)]
  0x000001d9e9a5a000 JavaThread "Service Thread" daemon [_thread_blocked, id=27696, stack(0x0000006ba2450000,0x0000006ba2640000)]
  0x000001d9e9a5c800 JavaThread "Common-Cleaner" daemon [_thread_blocked, id=6888, stack(0x0000006ba2830000,0x0000006ba2a20000)]
  0x000001d9e9a8a000 JavaThread "C1 CompilerThread1" daemon [_thread_blocked, id=34416, stack(0x0000006b9b3f0000,0x0000006b9b5e0000)]
  0x000001d9e9a89800 JavaThread "C1 CompilerThread2" daemon [_thread_blocked, id=34672, stack(0x0000006b9b5e0000,0x0000006b9b7d0000)]
  0x000001d9e9a84800 JavaThread "C1 CompilerThread3" daemon [_thread_blocked, id=35100, stack(0x0000006b9b7d0000,0x0000006b9b9c0000)]
  0x000001d9e9a8c800 JavaThread "C2 CompilerThread1" daemon [_thread_blocked, id=26432, stack(0x0000006ba2a20000,0x0000006ba2c10000)]
  0x000001d9e9a8b000 JavaThread "C2 CompilerThread2" daemon [_thread_blocked, id=28060, stack(0x0000006ba2c10000,0x0000006ba2e00000)]
  0x000001d9e9a8f000 JavaThread "C2 CompilerThread3" daemon [_thread_blocked, id=13888, stack(0x0000006ba39a0000,0x0000006ba3b90000)]
  0x000001d9e9a8d800 JavaThread "C2 CompilerThread4" daemon [_thread_blocked, id=35304, stack(0x0000006ba3b90000,0x0000006ba3d80000)]
  0x000001d9e9a8e000 JavaThread "C2 CompilerThread5" daemon [_thread_blocked, id=21968, stack(0x0000006ba3d80000,0x0000006ba3f70000)]
  0x000001d9e9a8b800 JavaThread "C2 CompilerThread6" daemon [_thread_blocked, id=25780, stack(0x0000006ba3f70000,0x0000006ba4160000)]

Other Threads:
  0x000001d9ce382000 VMThread "VM Thread" [stack: 0x0000006ba10f0000,0x0000006ba12e0000] [id=29284]
  0x000001d9e8fb6800 WatcherThread [stack: 0x0000006ba2640000,0x0000006ba2830000] [id=25688]
  0x000001d9ce37c000 GCTaskThread "GC Thread#0" [stack: 0x0000006ba0740000,0x0000006ba0930000] [id=6016]
  0x000001d9ce37a000 ConcurrentGCThread "G1 Main Marker" [stack: 0x0000006ba0930000,0x0000006ba0b20000] [id=31992]
  0x000001d9ce37c800 ConcurrentGCThread "G1 Conc#0" [stack: 0x0000006ba0b20000,0x0000006ba0d10000] [id=10816]
  0x000001d9ce377000 ConcurrentGCThread "G1 Refine#0" [stack: 0x0000006ba0d10000,0x0000006ba0f00000] [id=35880]
  0x000001da3b4d5800 ConcurrentGCThread "G1 Refine#1" [stack: 0x0000006ba2070000,0x0000006ba2260000] [id=29572]
  0x000001da3b4d7800 ConcurrentGCThread "G1 Refine#2" [stack: 0x0000006ba2260000,0x0000006ba2450000] [id=14436]
  0x000001da3b4d8800 ConcurrentGCThread "G1 Refine#3" [stack: 0x0000006ba2e00000,0x0000006ba2ff0000] [id=25276]
  0x000001da3b4d2000 ConcurrentGCThread "G1 Refine#4" [stack: 0x0000006ba2ff0000,0x0000006ba31e0000] [id=4088]
  0x000001da3b4d9000 ConcurrentGCThread "G1 Refine#5" [stack: 0x0000006ba31e0000,0x0000006ba33d0000] [id=20060]
  0x000001da3b4d2800 ConcurrentGCThread "G1 Refine#6" [stack: 0x0000006ba33d0000,0x0000006ba35c0000] [id=11716]
  0x000001da3b4da000 ConcurrentGCThread "G1 Refine#7" [stack: 0x0000006ba35c0000,0x0000006ba37b0000] [id=35672]
  0x000001da3b4d3800 ConcurrentGCThread "G1 Refine#8" [stack: 0x0000006ba37b0000,0x0000006ba39a0000] [id=10712]
  0x000001d9e8f89000 ConcurrentGCThread "G1 Young RemSet Sampling" [stack: 0x0000006ba0f00000,0x0000006ba10f0000] [id=27416]

Threads with active compile tasks:

VM state:not at safepoint (normal execution)

VM Mutex/Monitor currently owned by a thread: None

Heap address: 0x0000000401000000, size: 16368 MB, Compressed Oops mode: Zero based, Oop shift amount: 3
Narrow klass base: 0x0000000800000000, Narrow klass shift: 3
Compressed class space size: 1073741824 Address: 0x00000008011a0000

Heap:
 garbage-first heap   total 1048576K, used 135168K [0x0000000401000000, 0x0000000800000000)
  region size 4096K, 8 young (32768K), 0 survivors (0K)
 Metaspace       used 6064K, capacity 7548K, committed 7808K, reserved 1056768K
  class space    used 620K, capacity 844K, committed 896K, reserved 1048576K
Heap Regions: E=young(eden), S=young(survivor), O=old, HS=humongous(starts), HC=humongous(continues), CS=collection set, F=free, A=archive, TAMS=top-at-mark-start (previous, next)
|   0|0x0000000401000000, 0x0000000401400000, 0x0000000401400000|100%|HS|  |TAMS 0x0000000401000000, 0x0000000401000000| Complete 
|   1|0x0000000401400000, 0x0000000401800000, 0x0000000401800000|100%|HC|  |TAMS 0x0000000401400000, 0x0000000401400000| Complete 
|   2|0x0000000401800000, 0x0000000401c00000, 0x0000000401c00000|100%|HS|  |TAMS 0x0000000401800000, 0x0000000401800000| Complete 
|   3|0x0000000401c00000, 0x0000000402000000, 0x0000000402000000|100%|HC|  |TAMS 0x0000000401c00000, 0x0000000401c00000| Complete 
|   4|0x0000000402000000, 0x0000000402400000, 0x0000000402400000|100%|HC|  |TAMS 0x0000000402000000, 0x0000000402000000| Complete 
|   5|0x0000000402400000, 0x0000000402800000, 0x0000000402800000|100%|HC|  |TAMS 0x0000000402400000, 0x0000000402400000| Complete 
|   6|0x0000000402800000, 0x0000000402c00000, 0x0000000402c00000|100%|HC|  |TAMS 0x0000000402800000, 0x0000000402800000| Complete 
|   7|0x0000000402c00000, 0x0000000403000000, 0x0000000403000000|100%|HC|  |TAMS 0x0000000402c00000, 0x0000000402c00000| Complete 
|   8|0x0000000403000000, 0x0000000403400000, 0x0000000403400000|100%|HS|  |TAMS 0x0000000403000000, 0x0000000403000000| Complete 
|   9|0x0000000403400000, 0x0000000403800000, 0x0000000403800000|100%|HC|  |TAMS 0x0000000403400000, 0x0000000403400000| Complete 
|  10|0x0000000403800000, 0x0000000403c00000, 0x0000000403c00000|100%|HC|  |TAMS 0x0000000403800000, 0x0000000403800000| Complete 
|  11|0x0000000403c00000, 0x0000000404000000, 0x0000000404000000|100%|HC|  |TAMS 0x0000000403c00000, 0x0000000403c00000| Complete 
|  12|0x0000000404000000, 0x0000000404400000, 0x0000000404400000|100%|HC|  |TAMS 0x0000000404000000, 0x0000000404000000| Complete 
|  13|0x0000000404400000, 0x0000000404800000, 0x0000000404800000|100%|HC|  |TAMS 0x0000000404400000, 0x0000000404400000| Complete 
|  14|0x0000000404800000, 0x0000000404c00000, 0x0000000404c00000|100%|HS|  |TAMS 0x0000000404800000, 0x0000000404800000| Complete 
|  15|0x0000000404c00000, 0x0000000405000000, 0x0000000405000000|100%|HC|  |TAMS 0x0000000404c00000, 0x0000000404c00000| Complete 
|  16|0x0000000405000000, 0x0000000405400000, 0x0000000405400000|100%|HC|  |TAMS 0x0000000405000000, 0x0000000405000000| Complete 
|  17|0x0000000405400000, 0x0000000405800000, 0x0000000405800000|100%|HC|  |TAMS 0x0000000405400000, 0x0000000405400000| Complete 
|  18|0x0000000405800000, 0x0000000405c00000, 0x0000000405c00000|100%|HC|  |TAMS 0x0000000405800000, 0x0000000405800000| Complete 
|  19|0x0000000405c00000, 0x0000000406000000, 0x0000000406000000|100%|HC|  |TAMS 0x0000000405c00000, 0x0000000405c00000| Complete 
|  20|0x0000000406000000, 0x0000000406400000, 0x0000000406400000|100%|HS|  |TAMS 0x0000000406000000, 0x0000000406000000| Complete 
|  21|0x0000000406400000, 0x0000000406800000, 0x0000000406800000|100%|HC|  |TAMS 0x0000000406400000, 0x0000000406400000| Complete 
|  22|0x0000000406800000, 0x0000000406c00000, 0x0000000406c00000|100%|HC|  |TAMS 0x0000000406800000, 0x0000000406800000| Complete 
|  23|0x0000000406c00000, 0x0000000407000000, 0x0000000407000000|100%|HC|  |TAMS 0x0000000406c00000, 0x0000000406c00000| Complete 
|  24|0x0000000407000000, 0x0000000407400000, 0x0000000407400000|100%|HC|  |TAMS 0x0000000407000000, 0x0000000407000000| Complete 
|  25|0x0000000407400000, 0x0000000407800000, 0x0000000407800000|100%|HC|  |TAMS 0x0000000407400000, 0x0000000407400000| Complete 
|  26|0x0000000407800000, 0x0000000407800000, 0x0000000407c00000|  0%| F|  |TAMS 0x0000000407800000, 0x0000000407800000| Untracked 
|  27|0x0000000407c00000, 0x0000000407c00000, 0x0000000408000000|  0%| F|  |TAMS 0x0000000407c00000, 0x0000000407c00000| Untracked 
|  28|0x0000000408000000, 0x0000000408000000, 0x0000000408400000|  0%| F|  |TAMS 0x0000000408000000, 0x0000000408000000| Untracked 
|  29|0x0000000408400000, 0x0000000408400000, 0x0000000408800000|  0%| F|  |TAMS 0x0000000408400000, 0x0000000408400000| Untracked 
|  30|0x0000000408800000, 0x0000000408800000, 0x0000000408c00000|  0%| F|  |TAMS 0x0000000408800000, 0x0000000408800000| Untracked 
|  31|0x0000000408c00000, 0x0000000408c00000, 0x0000000409000000|  0%| F|  |TAMS 0x0000000408c00000, 0x0000000408c00000| Untracked 
|  32|0x0000000409000000, 0x0000000409000000, 0x0000000409400000|  0%| F|  |TAMS 0x0000000409000000, 0x0000000409000000| Untracked 
|  33|0x0000000409400000, 0x0000000409400000, 0x0000000409800000|  0%| F|  |TAMS 0x0000000409400000, 0x0000000409400000| Untracked 
|  34|0x0000000409800000, 0x0000000409800000, 0x0000000409c00000|  0%| F|  |TAMS 0x0000000409800000, 0x0000000409800000| Untracked 
|  35|0x0000000409c00000, 0x0000000409c00000, 0x000000040a000000|  0%| F|  |TAMS 0x0000000409c00000, 0x0000000409c00000| Untracked 
|  36|0x000000040a000000, 0x000000040a000000, 0x000000040a400000|  0%| F|  |TAMS 0x000000040a000000, 0x000000040a000000| Untracked 
|  37|0x000000040a400000, 0x000000040a400000, 0x000000040a800000|  0%| F|  |TAMS 0x000000040a400000, 0x000000040a400000| Untracked 
|  38|0x000000040a800000, 0x000000040a800000, 0x000000040ac00000|  0%| F|  |TAMS 0x000000040a800000, 0x000000040a800000| Untracked 
|  39|0x000000040ac00000, 0x000000040ac00000, 0x000000040b000000|  0%| F|  |TAMS 0x000000040ac00000, 0x000000040ac00000| Untracked 
|  40|0x000000040b000000, 0x000000040b000000, 0x000000040b400000|  0%| F|  |TAMS 0x000000040b000000, 0x000000040b000000| Untracked 
|  41|0x000000040b400000, 0x000000040b400000, 0x000000040b800000|  0%| F|  |TAMS 0x000000040b400000, 0x000000040b400000| Untracked 
|  42|0x000000040b800000, 0x000000040b800000, 0x000000040bc00000|  0%| F|  |TAMS 0x000000040b800000, 0x000000040b800000| Untracked 
|  43|0x000000040bc00000, 0x000000040bc00000, 0x000000040c000000|  0%| F|  |TAMS 0x000000040bc00000, 0x000000040bc00000| Untracked 
|  44|0x000000040c000000, 0x000000040c000000, 0x000000040c400000|  0%| F|  |TAMS 0x000000040c000000, 0x000000040c000000| Untracked 
|  45|0x000000040c400000, 0x000000040c400000, 0x000000040c800000|  0%| F|  |TAMS 0x000000040c400000, 0x000000040c400000| Untracked 
|  46|0x000000040c800000, 0x000000040c800000, 0x000000040cc00000|  0%| F|  |TAMS 0x000000040c800000, 0x000000040c800000| Untracked 
|  47|0x000000040cc00000, 0x000000040cc00000, 0x000000040d000000|  0%| F|  |TAMS 0x000000040cc00000, 0x000000040cc00000| Untracked 
|  48|0x000000040d000000, 0x000000040d000000, 0x000000040d400000|  0%| F|  |TAMS 0x000000040d000000, 0x000000040d000000| Untracked 
|  49|0x000000040d400000, 0x000000040d400000, 0x000000040d800000|  0%| F|  |TAMS 0x000000040d400000, 0x000000040d400000| Untracked 
|  50|0x000000040d800000, 0x000000040d800000, 0x000000040dc00000|  0%| F|  |TAMS 0x000000040d800000, 0x000000040d800000| Untracked 
|  51|0x000000040dc00000, 0x000000040dc00000, 0x000000040e000000|  0%| F|  |TAMS 0x000000040dc00000, 0x000000040dc00000| Untracked 
|  52|0x000000040e000000, 0x000000040e000000, 0x000000040e400000|  0%| F|  |TAMS 0x000000040e000000, 0x000000040e000000| Untracked 
|  53|0x000000040e400000, 0x000000040e400000, 0x000000040e800000|  0%| F|  |TAMS 0x000000040e400000, 0x000000040e400000| Untracked 
|  54|0x000000040e800000, 0x000000040e800000, 0x000000040ec00000|  0%| F|  |TAMS 0x000000040e800000, 0x000000040e800000| Untracked 
|  55|0x000000040ec00000, 0x000000040ec00000, 0x000000040f000000|  0%| F|  |TAMS 0x000000040ec00000, 0x000000040ec00000| Untracked 
|  56|0x000000040f000000, 0x000000040f000000, 0x000000040f400000|  0%| F|  |TAMS 0x000000040f000000, 0x000000040f000000| Untracked 
|  57|0x000000040f400000, 0x000000040f400000, 0x000000040f800000|  0%| F|  |TAMS 0x000000040f400000, 0x000000040f400000| Untracked 
|  58|0x000000040f800000, 0x000000040f800000, 0x000000040fc00000|  0%| F|  |TAMS 0x000000040f800000, 0x000000040f800000| Untracked 
|  59|0x000000040fc00000, 0x000000040fc00000, 0x0000000410000000|  0%| F|  |TAMS 0x000000040fc00000, 0x000000040fc00000| Untracked 
|  60|0x0000000410000000, 0x0000000410000000, 0x0000000410400000|  0%| F|  |TAMS 0x0000000410000000, 0x0000000410000000| Untracked 
|  61|0x0000000410400000, 0x0000000410400000, 0x0000000410800000|  0%| F|  |TAMS 0x0000000410400000, 0x0000000410400000| Untracked 
|  62|0x0000000410800000, 0x0000000410800000, 0x0000000410c00000|  0%| F|  |TAMS 0x0000000410800000, 0x0000000410800000| Untracked 
|  63|0x0000000410c00000, 0x0000000410c00000, 0x0000000411000000|  0%| F|  |TAMS 0x0000000410c00000, 0x0000000410c00000| Untracked 
|  64|0x0000000411000000, 0x0000000411000000, 0x0000000411400000|  0%| F|  |TAMS 0x0000000411000000, 0x0000000411000000| Untracked 
|  65|0x0000000411400000, 0x0000000411400000, 0x0000000411800000|  0%| F|  |TAMS 0x0000000411400000, 0x0000000411400000| Untracked 
|  66|0x0000000411800000, 0x0000000411800000, 0x0000000411c00000|  0%| F|  |TAMS 0x0000000411800000, 0x0000000411800000| Untracked 
|  67|0x0000000411c00000, 0x0000000411c00000, 0x0000000412000000|  0%| F|  |TAMS 0x0000000411c00000, 0x0000000411c00000| Untracked 
|  68|0x0000000412000000, 0x0000000412000000, 0x0000000412400000|  0%| F|  |TAMS 0x0000000412000000, 0x0000000412000000| Untracked 
|  69|0x0000000412400000, 0x0000000412400000, 0x0000000412800000|  0%| F|  |TAMS 0x0000000412400000, 0x0000000412400000| Untracked 
|  70|0x0000000412800000, 0x0000000412800000, 0x0000000412c00000|  0%| F|  |TAMS 0x0000000412800000, 0x0000000412800000| Untracked 
|  71|0x0000000412c00000, 0x0000000412c00000, 0x0000000413000000|  0%| F|  |TAMS 0x0000000412c00000, 0x0000000412c00000| Untracked 
|  72|0x0000000413000000, 0x0000000413000000, 0x0000000413400000|  0%| F|  |TAMS 0x0000000413000000, 0x0000000413000000| Untracked 
|  73|0x0000000413400000, 0x0000000413400000, 0x0000000413800000|  0%| F|  |TAMS 0x0000000413400000, 0x0000000413400000| Untracked 
|  74|0x0000000413800000, 0x0000000413800000, 0x0000000413c00000|  0%| F|  |TAMS 0x0000000413800000, 0x0000000413800000| Untracked 
|  75|0x0000000413c00000, 0x0000000413c00000, 0x0000000414000000|  0%| F|  |TAMS 0x0000000413c00000, 0x0000000413c00000| Untracked 
|  76|0x0000000414000000, 0x0000000414000000, 0x0000000414400000|  0%| F|  |TAMS 0x0000000414000000, 0x0000000414000000| Untracked 
|  77|0x0000000414400000, 0x0000000414400000, 0x0000000414800000|  0%| F|  |TAMS 0x0000000414400000, 0x0000000414400000| Untracked 
|  78|0x0000000414800000, 0x0000000414800000, 0x0000000414c00000|  0%| F|  |TAMS 0x0000000414800000, 0x0000000414800000| Untracked 
|  79|0x0000000414c00000, 0x0000000414c00000, 0x0000000415000000|  0%| F|  |TAMS 0x0000000414c00000, 0x0000000414c00000| Untracked 
|  80|0x0000000415000000, 0x0000000415000000, 0x0000000415400000|  0%| F|  |TAMS 0x0000000415000000, 0x0000000415000000| Untracked 
|  81|0x0000000415400000, 0x0000000415400000, 0x0000000415800000|  0%| F|  |TAMS 0x0000000415400000, 0x0000000415400000| Untracked 
|  82|0x0000000415800000, 0x0000000415800000, 0x0000000415c00000|  0%| F|  |TAMS 0x0000000415800000, 0x0000000415800000| Untracked 
|  83|0x0000000415c00000, 0x0000000415c00000, 0x0000000416000000|  0%| F|  |TAMS 0x0000000415c00000, 0x0000000415c00000| Untracked 
|  84|0x0000000416000000, 0x0000000416000000, 0x0000000416400000|  0%| F|  |TAMS 0x0000000416000000, 0x0000000416000000| Untracked 
|  85|0x0000000416400000, 0x0000000416400000, 0x0000000416800000|  0%| F|  |TAMS 0x0000000416400000, 0x0000000416400000| Untracked 
|  86|0x0000000416800000, 0x0000000416800000, 0x0000000416c00000|  0%| F|  |TAMS 0x0000000416800000, 0x0000000416800000| Untracked 
|  87|0x0000000416c00000, 0x0000000416c00000, 0x0000000417000000|  0%| F|  |TAMS 0x0000000416c00000, 0x0000000416c00000| Untracked 
|  88|0x0000000417000000, 0x0000000417000000, 0x0000000417400000|  0%| F|  |TAMS 0x0000000417000000, 0x0000000417000000| Untracked 
|  89|0x0000000417400000, 0x0000000417400000, 0x0000000417800000|  0%| F|  |TAMS 0x0000000417400000, 0x0000000417400000| Untracked 
|  90|0x0000000417800000, 0x0000000417800000, 0x0000000417c00000|  0%| F|  |TAMS 0x0000000417800000, 0x0000000417800000| Untracked 
|  91|0x0000000417c00000, 0x0000000417c00000, 0x0000000418000000|  0%| F|  |TAMS 0x0000000417c00000, 0x0000000417c00000| Untracked 
|  92|0x0000000418000000, 0x0000000418000000, 0x0000000418400000|  0%| F|  |TAMS 0x0000000418000000, 0x0000000418000000| Untracked 
|  93|0x0000000418400000, 0x0000000418400000, 0x0000000418800000|  0%| F|  |TAMS 0x0000000418400000, 0x0000000418400000| Untracked 
|  94|0x0000000418800000, 0x0000000418800000, 0x0000000418c00000|  0%| F|  |TAMS 0x0000000418800000, 0x0000000418800000| Untracked 
|  95|0x0000000418c00000, 0x0000000418c00000, 0x0000000419000000|  0%| F|  |TAMS 0x0000000418c00000, 0x0000000418c00000| Untracked 
|  96|0x0000000419000000, 0x0000000419000000, 0x0000000419400000|  0%| F|  |TAMS 0x0000000419000000, 0x0000000419000000| Untracked 
|  97|0x0000000419400000, 0x0000000419400000, 0x0000000419800000|  0%| F|  |TAMS 0x0000000419400000, 0x0000000419400000| Untracked 
|  98|0x0000000419800000, 0x0000000419800000, 0x0000000419c00000|  0%| F|  |TAMS 0x0000000419800000, 0x0000000419800000| Untracked 
|  99|0x0000000419c00000, 0x0000000419c00000, 0x000000041a000000|  0%| F|  |TAMS 0x0000000419c00000, 0x0000000419c00000| Untracked 
| 100|0x000000041a000000, 0x000000041a000000, 0x000000041a400000|  0%| F|  |TAMS 0x000000041a000000, 0x000000041a000000| Untracked 
| 101|0x000000041a400000, 0x000000041a400000, 0x000000041a800000|  0%| F|  |TAMS 0x000000041a400000, 0x000000041a400000| Untracked 
| 102|0x000000041a800000, 0x000000041a800000, 0x000000041ac00000|  0%| F|  |TAMS 0x000000041a800000, 0x000000041a800000| Untracked 
| 103|0x000000041ac00000, 0x000000041ac00000, 0x000000041b000000|  0%| F|  |TAMS 0x000000041ac00000, 0x000000041ac00000| Untracked 
| 104|0x000000041b000000, 0x000000041b000000, 0x000000041b400000|  0%| F|  |TAMS 0x000000041b000000, 0x000000041b000000| Untracked 
| 105|0x000000041b400000, 0x000000041b400000, 0x000000041b800000|  0%| F|  |TAMS 0x000000041b400000, 0x000000041b400000| Untracked 
| 106|0x000000041b800000, 0x000000041b800000, 0x000000041bc00000|  0%| F|  |TAMS 0x000000041b800000, 0x000000041b800000| Untracked 
| 107|0x000000041bc00000, 0x000000041bc00000, 0x000000041c000000|  0%| F|  |TAMS 0x000000041bc00000, 0x000000041bc00000| Untracked 
| 108|0x000000041c000000, 0x000000041c000000, 0x000000041c400000|  0%| F|  |TAMS 0x000000041c000000, 0x000000041c000000| Untracked 
| 109|0x000000041c400000, 0x000000041c400000, 0x000000041c800000|  0%| F|  |TAMS 0x000000041c400000, 0x000000041c400000| Untracked 
| 110|0x000000041c800000, 0x000000041c800000, 0x000000041cc00000|  0%| F|  |TAMS 0x000000041c800000, 0x000000041c800000| Untracked 
| 111|0x000000041cc00000, 0x000000041cc00000, 0x000000041d000000|  0%| F|  |TAMS 0x000000041cc00000, 0x000000041cc00000| Untracked 
| 112|0x000000041d000000, 0x000000041d000000, 0x000000041d400000|  0%| F|  |TAMS 0x000000041d000000, 0x000000041d000000| Untracked 
| 113|0x000000041d400000, 0x000000041d400000, 0x000000041d800000|  0%| F|  |TAMS 0x000000041d400000, 0x000000041d400000| Untracked 
| 114|0x000000041d800000, 0x000000041d800000, 0x000000041dc00000|  0%| F|  |TAMS 0x000000041d800000, 0x000000041d800000| Untracked 
| 115|0x000000041dc00000, 0x000000041dc00000, 0x000000041e000000|  0%| F|  |TAMS 0x000000041dc00000, 0x000000041dc00000| Untracked 
| 116|0x000000041e000000, 0x000000041e000000, 0x000000041e400000|  0%| F|  |TAMS 0x000000041e000000, 0x000000041e000000| Untracked 
| 117|0x000000041e400000, 0x000000041e400000, 0x000000041e800000|  0%| F|  |TAMS 0x000000041e400000, 0x000000041e400000| Untracked 
| 118|0x000000041e800000, 0x000000041e800000, 0x000000041ec00000|  0%| F|  |TAMS 0x000000041e800000, 0x000000041e800000| Untracked 
| 119|0x000000041ec00000, 0x000000041ec00000, 0x000000041f000000|  0%| F|  |TAMS 0x000000041ec00000, 0x000000041ec00000| Untracked 
| 120|0x000000041f000000, 0x000000041f000000, 0x000000041f400000|  0%| F|  |TAMS 0x000000041f000000, 0x000000041f000000| Untracked 
| 121|0x000000041f400000, 0x000000041f400000, 0x000000041f800000|  0%| F|  |TAMS 0x000000041f400000, 0x000000041f400000| Untracked 
| 122|0x000000041f800000, 0x000000041f800000, 0x000000041fc00000|  0%| F|  |TAMS 0x000000041f800000, 0x000000041f800000| Untracked 
| 123|0x000000041fc00000, 0x000000041fc00000, 0x0000000420000000|  0%| F|  |TAMS 0x000000041fc00000, 0x000000041fc00000| Untracked 
| 124|0x0000000420000000, 0x0000000420000000, 0x0000000420400000|  0%| F|  |TAMS 0x0000000420000000, 0x0000000420000000| Untracked 
| 125|0x0000000420400000, 0x0000000420400000, 0x0000000420800000|  0%| F|  |TAMS 0x0000000420400000, 0x0000000420400000| Untracked 
| 126|0x0000000420800000, 0x0000000420800000, 0x0000000420c00000|  0%| F|  |TAMS 0x0000000420800000, 0x0000000420800000| Untracked 
| 127|0x0000000420c00000, 0x0000000420c00000, 0x0000000421000000|  0%| F|  |TAMS 0x0000000420c00000, 0x0000000420c00000| Untracked 
| 128|0x0000000421000000, 0x0000000421000000, 0x0000000421400000|  0%| F|  |TAMS 0x0000000421000000, 0x0000000421000000| Untracked 
| 129|0x0000000421400000, 0x0000000421400000, 0x0000000421800000|  0%| F|  |TAMS 0x0000000421400000, 0x0000000421400000| Untracked 
| 130|0x0000000421800000, 0x0000000421800000, 0x0000000421c00000|  0%| F|  |TAMS 0x0000000421800000, 0x0000000421800000| Untracked 
| 131|0x0000000421c00000, 0x0000000421c00000, 0x0000000422000000|  0%| F|  |TAMS 0x0000000421c00000, 0x0000000421c00000| Untracked 
| 132|0x0000000422000000, 0x0000000422000000, 0x0000000422400000|  0%| F|  |TAMS 0x0000000422000000, 0x0000000422000000| Untracked 
| 133|0x0000000422400000, 0x0000000422400000, 0x0000000422800000|  0%| F|  |TAMS 0x0000000422400000, 0x0000000422400000| Untracked 
| 134|0x0000000422800000, 0x0000000422800000, 0x0000000422c00000|  0%| F|  |TAMS 0x0000000422800000, 0x0000000422800000| Untracked 
| 135|0x0000000422c00000, 0x0000000422c00000, 0x0000000423000000|  0%| F|  |TAMS 0x0000000422c00000, 0x0000000422c00000| Untracked 
| 136|0x0000000423000000, 0x0000000423000000, 0x0000000423400000|  0%| F|  |TAMS 0x0000000423000000, 0x0000000423000000| Untracked 
| 137|0x0000000423400000, 0x0000000423400000, 0x0000000423800000|  0%| F|  |TAMS 0x0000000423400000, 0x0000000423400000| Untracked 
| 138|0x0000000423800000, 0x0000000423800000, 0x0000000423c00000|  0%| F|  |TAMS 0x0000000423800000, 0x0000000423800000| Untracked 
| 139|0x0000000423c00000, 0x0000000423c00000, 0x0000000424000000|  0%| F|  |TAMS 0x0000000423c00000, 0x0000000423c00000| Untracked 
| 140|0x0000000424000000, 0x0000000424000000, 0x0000000424400000|  0%| F|  |TAMS 0x0000000424000000, 0x0000000424000000| Untracked 
| 141|0x0000000424400000, 0x0000000424400000, 0x0000000424800000|  0%| F|  |TAMS 0x0000000424400000, 0x0000000424400000| Untracked 
| 142|0x0000000424800000, 0x0000000424800000, 0x0000000424c00000|  0%| F|  |TAMS 0x0000000424800000, 0x0000000424800000| Untracked 
| 143|0x0000000424c00000, 0x0000000424c00000, 0x0000000425000000|  0%| F|  |TAMS 0x0000000424c00000, 0x0000000424c00000| Untracked 
| 144|0x0000000425000000, 0x0000000425000000, 0x0000000425400000|  0%| F|  |TAMS 0x0000000425000000, 0x0000000425000000| Untracked 
| 145|0x0000000425400000, 0x0000000425400000, 0x0000000425800000|  0%| F|  |TAMS 0x0000000425400000, 0x0000000425400000| Untracked 
| 146|0x0000000425800000, 0x0000000425800000, 0x0000000425c00000|  0%| F|  |TAMS 0x0000000425800000, 0x0000000425800000| Untracked 
| 147|0x0000000425c00000, 0x0000000425c00000, 0x0000000426000000|  0%| F|  |TAMS 0x0000000425c00000, 0x0000000425c00000| Untracked 
| 148|0x0000000426000000, 0x0000000426000000, 0x0000000426400000|  0%| F|  |TAMS 0x0000000426000000, 0x0000000426000000| Untracked 
| 149|0x0000000426400000, 0x0000000426400000, 0x0000000426800000|  0%| F|  |TAMS 0x0000000426400000, 0x0000000426400000| Untracked 
| 150|0x0000000426800000, 0x0000000426800000, 0x0000000426c00000|  0%| F|  |TAMS 0x0000000426800000, 0x0000000426800000| Untracked 
| 151|0x0000000426c00000, 0x0000000426c00000, 0x0000000427000000|  0%| F|  |TAMS 0x0000000426c00000, 0x0000000426c00000| Untracked 
| 152|0x0000000427000000, 0x0000000427000000, 0x0000000427400000|  0%| F|  |TAMS 0x0000000427000000, 0x0000000427000000| Untracked 
| 153|0x0000000427400000, 0x0000000427400000, 0x0000000427800000|  0%| F|  |TAMS 0x0000000427400000, 0x0000000427400000| Untracked 
| 154|0x0000000427800000, 0x0000000427800000, 0x0000000427c00000|  0%| F|  |TAMS 0x0000000427800000, 0x0000000427800000| Untracked 
| 155|0x0000000427c00000, 0x0000000427c00000, 0x0000000428000000|  0%| F|  |TAMS 0x0000000427c00000, 0x0000000427c00000| Untracked 
| 156|0x0000000428000000, 0x0000000428000000, 0x0000000428400000|  0%| F|  |TAMS 0x0000000428000000, 0x0000000428000000| Untracked 
| 157|0x0000000428400000, 0x0000000428400000, 0x0000000428800000|  0%| F|  |TAMS 0x0000000428400000, 0x0000000428400000| Untracked 
| 158|0x0000000428800000, 0x0000000428800000, 0x0000000428c00000|  0%| F|  |TAMS 0x0000000428800000, 0x0000000428800000| Untracked 
| 159|0x0000000428c00000, 0x0000000428c00000, 0x0000000429000000|  0%| F|  |TAMS 0x0000000428c00000, 0x0000000428c00000| Untracked 
| 160|0x0000000429000000, 0x0000000429000000, 0x0000000429400000|  0%| F|  |TAMS 0x0000000429000000, 0x0000000429000000| Untracked 
| 161|0x0000000429400000, 0x0000000429400000, 0x0000000429800000|  0%| F|  |TAMS 0x0000000429400000, 0x0000000429400000| Untracked 
| 162|0x0000000429800000, 0x0000000429800000, 0x0000000429c00000|  0%| F|  |TAMS 0x0000000429800000, 0x0000000429800000| Untracked 
| 163|0x0000000429c00000, 0x0000000429c00000, 0x000000042a000000|  0%| F|  |TAMS 0x0000000429c00000, 0x0000000429c00000| Untracked 
| 164|0x000000042a000000, 0x000000042a000000, 0x000000042a400000|  0%| F|  |TAMS 0x000000042a000000, 0x000000042a000000| Untracked 
| 165|0x000000042a400000, 0x000000042a400000, 0x000000042a800000|  0%| F|  |TAMS 0x000000042a400000, 0x000000042a400000| Untracked 
| 166|0x000000042a800000, 0x000000042a800000, 0x000000042ac00000|  0%| F|  |TAMS 0x000000042a800000, 0x000000042a800000| Untracked 
| 167|0x000000042ac00000, 0x000000042ac00000, 0x000000042b000000|  0%| F|  |TAMS 0x000000042ac00000, 0x000000042ac00000| Untracked 
| 168|0x000000042b000000, 0x000000042b000000, 0x000000042b400000|  0%| F|  |TAMS 0x000000042b000000, 0x000000042b000000| Untracked 
| 169|0x000000042b400000, 0x000000042b400000, 0x000000042b800000|  0%| F|  |TAMS 0x000000042b400000, 0x000000042b400000| Untracked 
| 170|0x000000042b800000, 0x000000042b800000, 0x000000042bc00000|  0%| F|  |TAMS 0x000000042b800000, 0x000000042b800000| Untracked 
| 171|0x000000042bc00000, 0x000000042bc00000, 0x000000042c000000|  0%| F|  |TAMS 0x000000042bc00000, 0x000000042bc00000| Untracked 
| 172|0x000000042c000000, 0x000000042c000000, 0x000000042c400000|  0%| F|  |TAMS 0x000000042c000000, 0x000000042c000000| Untracked 
| 173|0x000000042c400000, 0x000000042c400000, 0x000000042c800000|  0%| F|  |TAMS 0x000000042c400000, 0x000000042c400000| Untracked 
| 174|0x000000042c800000, 0x000000042c800000, 0x000000042cc00000|  0%| F|  |TAMS 0x000000042c800000, 0x000000042c800000| Untracked 
| 175|0x000000042cc00000, 0x000000042cc00000, 0x000000042d000000|  0%| F|  |TAMS 0x000000042cc00000, 0x000000042cc00000| Untracked 
| 176|0x000000042d000000, 0x000000042d000000, 0x000000042d400000|  0%| F|  |TAMS 0x000000042d000000, 0x000000042d000000| Untracked 
| 177|0x000000042d400000, 0x000000042d400000, 0x000000042d800000|  0%| F|  |TAMS 0x000000042d400000, 0x000000042d400000| Untracked 
| 178|0x000000042d800000, 0x000000042d800000, 0x000000042dc00000|  0%| F|  |TAMS 0x000000042d800000, 0x000000042d800000| Untracked 
| 179|0x000000042dc00000, 0x000000042dc00000, 0x000000042e000000|  0%| F|  |TAMS 0x000000042dc00000, 0x000000042dc00000| Untracked 
| 180|0x000000042e000000, 0x000000042e000000, 0x000000042e400000|  0%| F|  |TAMS 0x000000042e000000, 0x000000042e000000| Untracked 
| 181|0x000000042e400000, 0x000000042e400000, 0x000000042e800000|  0%| F|  |TAMS 0x000000042e400000, 0x000000042e400000| Untracked 
| 182|0x000000042e800000, 0x000000042e800000, 0x000000042ec00000|  0%| F|  |TAMS 0x000000042e800000, 0x000000042e800000| Untracked 
| 183|0x000000042ec00000, 0x000000042ec00000, 0x000000042f000000|  0%| F|  |TAMS 0x000000042ec00000, 0x000000042ec00000| Untracked 
| 184|0x000000042f000000, 0x000000042f000000, 0x000000042f400000|  0%| F|  |TAMS 0x000000042f000000, 0x000000042f000000| Untracked 
| 185|0x000000042f400000, 0x000000042f400000, 0x000000042f800000|  0%| F|  |TAMS 0x000000042f400000, 0x000000042f400000| Untracked 
| 186|0x000000042f800000, 0x000000042f800000, 0x000000042fc00000|  0%| F|  |TAMS 0x000000042f800000, 0x000000042f800000| Untracked 
| 187|0x000000042fc00000, 0x000000042fc00000, 0x0000000430000000|  0%| F|  |TAMS 0x000000042fc00000, 0x000000042fc00000| Untracked 
| 188|0x0000000430000000, 0x0000000430000000, 0x0000000430400000|  0%| F|  |TAMS 0x0000000430000000, 0x0000000430000000| Untracked 
| 189|0x0000000430400000, 0x0000000430400000, 0x0000000430800000|  0%| F|  |TAMS 0x0000000430400000, 0x0000000430400000| Untracked 
| 190|0x0000000430800000, 0x0000000430800000, 0x0000000430c00000|  0%| F|  |TAMS 0x0000000430800000, 0x0000000430800000| Untracked 
| 191|0x0000000430c00000, 0x0000000430c00000, 0x0000000431000000|  0%| F|  |TAMS 0x0000000430c00000, 0x0000000430c00000| Untracked 
| 192|0x0000000431000000, 0x0000000431000000, 0x0000000431400000|  0%| F|  |TAMS 0x0000000431000000, 0x0000000431000000| Untracked 
| 193|0x0000000431400000, 0x0000000431400000, 0x0000000431800000|  0%| F|  |TAMS 0x0000000431400000, 0x0000000431400000| Untracked 
| 194|0x0000000431800000, 0x0000000431800000, 0x0000000431c00000|  0%| F|  |TAMS 0x0000000431800000, 0x0000000431800000| Untracked 
| 195|0x0000000431c00000, 0x0000000431c00000, 0x0000000432000000|  0%| F|  |TAMS 0x0000000431c00000, 0x0000000431c00000| Untracked 
| 196|0x0000000432000000, 0x0000000432000000, 0x0000000432400000|  0%| F|  |TAMS 0x0000000432000000, 0x0000000432000000| Untracked 
| 197|0x0000000432400000, 0x0000000432400000, 0x0000000432800000|  0%| F|  |TAMS 0x0000000432400000, 0x0000000432400000| Untracked 
| 198|0x0000000432800000, 0x0000000432800000, 0x0000000432c00000|  0%| F|  |TAMS 0x0000000432800000, 0x0000000432800000| Untracked 
| 199|0x0000000432c00000, 0x0000000432c00000, 0x0000000433000000|  0%| F|  |TAMS 0x0000000432c00000, 0x0000000432c00000| Untracked 
| 200|0x0000000433000000, 0x0000000433000000, 0x0000000433400000|  0%| F|  |TAMS 0x0000000433000000, 0x0000000433000000| Untracked 
| 201|0x0000000433400000, 0x0000000433400000, 0x0000000433800000|  0%| F|  |TAMS 0x0000000433400000, 0x0000000433400000| Untracked 
| 202|0x0000000433800000, 0x0000000433800000, 0x0000000433c00000|  0%| F|  |TAMS 0x0000000433800000, 0x0000000433800000| Untracked 
| 203|0x0000000433c00000, 0x0000000433c00000, 0x0000000434000000|  0%| F|  |TAMS 0x0000000433c00000, 0x0000000433c00000| Untracked 
| 204|0x0000000434000000, 0x0000000434000000, 0x0000000434400000|  0%| F|  |TAMS 0x0000000434000000, 0x0000000434000000| Untracked 
| 205|0x0000000434400000, 0x0000000434400000, 0x0000000434800000|  0%| F|  |TAMS 0x0000000434400000, 0x0000000434400000| Untracked 
| 206|0x0000000434800000, 0x0000000434800000, 0x0000000434c00000|  0%| F|  |TAMS 0x0000000434800000, 0x0000000434800000| Untracked 
| 207|0x0000000434c00000, 0x0000000434c00000, 0x0000000435000000|  0%| F|  |TAMS 0x0000000434c00000, 0x0000000434c00000| Untracked 
| 208|0x0000000435000000, 0x0000000435000000, 0x0000000435400000|  0%| F|  |TAMS 0x0000000435000000, 0x0000000435000000| Untracked 
| 209|0x0000000435400000, 0x0000000435400000, 0x0000000435800000|  0%| F|  |TAMS 0x0000000435400000, 0x0000000435400000| Untracked 
| 210|0x0000000435800000, 0x0000000435800000, 0x0000000435c00000|  0%| F|  |TAMS 0x0000000435800000, 0x0000000435800000| Untracked 
| 211|0x0000000435c00000, 0x0000000435c00000, 0x0000000436000000|  0%| F|  |TAMS 0x0000000435c00000, 0x0000000435c00000| Untracked 
| 212|0x0000000436000000, 0x0000000436000000, 0x0000000436400000|  0%| F|  |TAMS 0x0000000436000000, 0x0000000436000000| Untracked 
| 213|0x0000000436400000, 0x0000000436400000, 0x0000000436800000|  0%| F|  |TAMS 0x0000000436400000, 0x0000000436400000| Untracked 
| 214|0x0000000436800000, 0x0000000436800000, 0x0000000436c00000|  0%| F|  |TAMS 0x0000000436800000, 0x0000000436800000| Untracked 
| 215|0x0000000436c00000, 0x0000000436c00000, 0x0000000437000000|  0%| F|  |TAMS 0x0000000436c00000, 0x0000000436c00000| Untracked 
| 216|0x0000000437000000, 0x0000000437000000, 0x0000000437400000|  0%| F|  |TAMS 0x0000000437000000, 0x0000000437000000| Untracked 
| 217|0x0000000437400000, 0x0000000437400000, 0x0000000437800000|  0%| F|  |TAMS 0x0000000437400000, 0x0000000437400000| Untracked 
| 218|0x0000000437800000, 0x0000000437800000, 0x0000000437c00000|  0%| F|  |TAMS 0x0000000437800000, 0x0000000437800000| Untracked 
| 219|0x0000000437c00000, 0x0000000437c00000, 0x0000000438000000|  0%| F|  |TAMS 0x0000000437c00000, 0x0000000437c00000| Untracked 
| 220|0x0000000438000000, 0x0000000438000000, 0x0000000438400000|  0%| F|  |TAMS 0x0000000438000000, 0x0000000438000000| Untracked 
| 221|0x0000000438400000, 0x0000000438400000, 0x0000000438800000|  0%| F|  |TAMS 0x0000000438400000, 0x0000000438400000| Untracked 
| 222|0x0000000438800000, 0x0000000438800000, 0x0000000438c00000|  0%| F|  |TAMS 0x0000000438800000, 0x0000000438800000| Untracked 
| 223|0x0000000438c00000, 0x0000000438c00000, 0x0000000439000000|  0%| F|  |TAMS 0x0000000438c00000, 0x0000000438c00000| Untracked 
| 224|0x0000000439000000, 0x0000000439000000, 0x0000000439400000|  0%| F|  |TAMS 0x0000000439000000, 0x0000000439000000| Untracked 
| 225|0x0000000439400000, 0x0000000439400000, 0x0000000439800000|  0%| F|  |TAMS 0x0000000439400000, 0x0000000439400000| Untracked 
| 226|0x0000000439800000, 0x0000000439800000, 0x0000000439c00000|  0%| F|  |TAMS 0x0000000439800000, 0x0000000439800000| Untracked 
| 227|0x0000000439c00000, 0x0000000439c00000, 0x000000043a000000|  0%| F|  |TAMS 0x0000000439c00000, 0x0000000439c00000| Untracked 
| 228|0x000000043a000000, 0x000000043a000000, 0x000000043a400000|  0%| F|  |TAMS 0x000000043a000000, 0x000000043a000000| Untracked 
| 229|0x000000043a400000, 0x000000043a400000, 0x000000043a800000|  0%| F|  |TAMS 0x000000043a400000, 0x000000043a400000| Untracked 
| 230|0x000000043a800000, 0x000000043a800000, 0x000000043ac00000|  0%| F|  |TAMS 0x000000043a800000, 0x000000043a800000| Untracked 
| 231|0x000000043ac00000, 0x000000043ac00000, 0x000000043b000000|  0%| F|  |TAMS 0x000000043ac00000, 0x000000043ac00000| Untracked 
| 232|0x000000043b000000, 0x000000043b000000, 0x000000043b400000|  0%| F|  |TAMS 0x000000043b000000, 0x000000043b000000| Untracked 
| 233|0x000000043b400000, 0x000000043b400000, 0x000000043b800000|  0%| F|  |TAMS 0x000000043b400000, 0x000000043b400000| Untracked 
| 234|0x000000043b800000, 0x000000043b800000, 0x000000043bc00000|  0%| F|  |TAMS 0x000000043b800000, 0x000000043b800000| Untracked 
| 235|0x000000043bc00000, 0x000000043bc00000, 0x000000043c000000|  0%| F|  |TAMS 0x000000043bc00000, 0x000000043bc00000| Untracked 
| 236|0x000000043c000000, 0x000000043c000000, 0x000000043c400000|  0%| F|  |TAMS 0x000000043c000000, 0x000000043c000000| Untracked 
| 237|0x000000043c400000, 0x000000043c400000, 0x000000043c800000|  0%| F|  |TAMS 0x000000043c400000, 0x000000043c400000| Untracked 
| 238|0x000000043c800000, 0x000000043c800000, 0x000000043cc00000|  0%| F|  |TAMS 0x000000043c800000, 0x000000043c800000| Untracked 
| 239|0x000000043cc00000, 0x000000043cc00000, 0x000000043d000000|  0%| F|  |TAMS 0x000000043cc00000, 0x000000043cc00000| Untracked 
| 240|0x000000043d000000, 0x000000043d000000, 0x000000043d400000|  0%| F|  |TAMS 0x000000043d000000, 0x000000043d000000| Untracked 
| 241|0x000000043d400000, 0x000000043d400000, 0x000000043d800000|  0%| F|  |TAMS 0x000000043d400000, 0x000000043d400000| Untracked 
| 242|0x000000043d800000, 0x000000043d800000, 0x000000043dc00000|  0%| F|  |TAMS 0x000000043d800000, 0x000000043d800000| Untracked 
| 243|0x000000043dc00000, 0x000000043dc00000, 0x000000043e000000|  0%| F|  |TAMS 0x000000043dc00000, 0x000000043dc00000| Untracked 
| 244|0x000000043e000000, 0x000000043e000000, 0x000000043e400000|  0%| F|  |TAMS 0x000000043e000000, 0x000000043e000000| Untracked 
| 245|0x000000043e400000, 0x000000043e400000, 0x000000043e800000|  0%| F|  |TAMS 0x000000043e400000, 0x000000043e400000| Untracked 
| 246|0x000000043e800000, 0x000000043e800000, 0x000000043ec00000|  0%| F|  |TAMS 0x000000043e800000, 0x000000043e800000| Untracked 
| 247|0x000000043ec00000, 0x000000043ec00000, 0x000000043f000000|  0%| F|  |TAMS 0x000000043ec00000, 0x000000043ec00000| Untracked 
| 248|0x000000043f000000, 0x000000043f0f6440, 0x000000043f400000| 24%| E|  |TAMS 0x000000043f000000, 0x000000043f000000| Complete 
| 249|0x000000043f400000, 0x000000043f800000, 0x000000043f800000|100%| E|CS|TAMS 0x000000043f400000, 0x000000043f400000| Complete 
| 250|0x000000043f800000, 0x000000043fc00000, 0x000000043fc00000|100%| E|CS|TAMS 0x000000043f800000, 0x000000043f800000| Complete 
| 251|0x000000043fc00000, 0x0000000440000000, 0x0000000440000000|100%| E|CS|TAMS 0x000000043fc00000, 0x000000043fc00000| Complete 
| 252|0x0000000440000000, 0x0000000440400000, 0x0000000440400000|100%| E|CS|TAMS 0x0000000440000000, 0x0000000440000000| Complete 
| 253|0x0000000440400000, 0x0000000440800000, 0x0000000440800000|100%| E|CS|TAMS 0x0000000440400000, 0x0000000440400000| Complete 
| 254|0x0000000440800000, 0x0000000440c00000, 0x0000000440c00000|100%| E|CS|TAMS 0x0000000440800000, 0x0000000440800000| Complete 
| 255|0x0000000440c00000, 0x0000000441000000, 0x0000000441000000|100%| E|CS|TAMS 0x0000000440c00000, 0x0000000440c00000| Complete 

Card table byte_map: [0x000001da041b0000,0x000001da061b0000] _byte_map_base: 0x000001da021a8000

Marking Bits (Prev, Next): (CMBitMap*) 0x000001d9ce5c7c88, (CMBitMap*) 0x000001d9ce5c7cc8
 Prev Bits: [0x000001da081b0000, 0x000001da18170000)
 Next Bits: [0x000001da18170000, 0x000001da28130000)

Polling page: 0x000001d994260000

Metaspace:

Usage:
  Non-class:      6.55 MB capacity,     5.32 MB ( 81%) used,     1.21 MB ( 18%) free+waste,    24.50 KB ( <1%) overhead. 
      Class:    844.00 KB capacity,   620.96 KB ( 74%) used,   210.04 KB ( 25%) free+waste,    13.00 KB (  2%) overhead. 
       Both:      7.37 MB capacity,     5.92 MB ( 80%) used,     1.41 MB ( 19%) free+waste,    37.50 KB ( <1%) overhead. 

Virtual space:
  Non-class space:        8.00 MB reserved,       6.75 MB ( 84%) committed 
      Class space:        1.00 GB reserved,     896.00 KB ( <1%) committed 
             Both:        1.01 GB reserved,       7.63 MB ( <1%) committed 

Chunk freelists:
   Non-Class:  2.00 KB
       Class:  0 bytes
        Both:  2.00 KB

CodeHeap 'non-profiled nmethods': size=119168Kb used=641Kb max_used=641Kb free=118526Kb
 bounds [0x000001d9fad50000, 0x000001d9fafc0000, 0x000001da021b0000]
CodeHeap 'profiled nmethods': size=119168Kb used=3226Kb max_used=3226Kb free=115941Kb
 bounds [0x000001d9f38f0000, 0x000001d9f3c20000, 0x000001d9fad50000]
CodeHeap 'non-nmethods': size=7424Kb used=2823Kb max_used=2875Kb free=4600Kb
 bounds [0x000001d9f31b0000, 0x000001d9f3500000, 0x000001d9f38f0000]
 total_blobs=2284 nmethods=1525 adapters=358
 compilation: enabled
              stopped_count=0, restarted_count=0
 full_count=0

Compilation events (10 events):
Event: 181.413 Thread 0x000001d9e9a50000 1521       3       org.apache.hadoop.io.Text::<init> (12 bytes)
Event: 181.413 Thread 0x000001d9e9a50000 nmethod 1521 0x000001d9f3c14310 code [0x000001d9f3c144e0, 0x000001d9f3c14798]
Event: 181.415 Thread 0x000001d9e9a84800 1522       3       java.lang.Class::getComponentType (14 bytes)
Event: 181.415 Thread 0x000001d9e9a84800 nmethod 1522 0x000001d9f3c14890 code [0x000001d9f3c14a60, 0x000001d9f3c14c90]
Event: 181.416 Thread 0x000001d9e9a50000 1523       3       java.lang.Character::isWhitespace (9 bytes)
Event: 181.416 Thread 0x000001d9e9a89800 1524       3       java.lang.AbstractStringBuilder::setLength (66 bytes)
Event: 181.416 Thread 0x000001d9e9a50000 nmethod 1523 0x000001d9f3c14d10 code [0x000001d9f3c14ee0, 0x000001d9f3c15140]
Event: 181.416 Thread 0x000001d9e9a50000 1525 %     3       gnu.trove.TObjectIntHashMap::forEachEntry @ 17 (66 bytes)
Event: 181.416 Thread 0x000001d9e9a50000 nmethod 1525% 0x000001d9f3c15210 code [0x000001d9f3c15400, 0x000001d9f3c15a30]
Event: 181.416 Thread 0x000001d9e9a89800 nmethod 1524 0x000001d9f3c15c90 code [0x000001d9f3c15ee0, 0x000001d9f3c166e0]

GC Heap History (0 events):
No events

Deoptimization events (10 events):
Event: 0.189 Thread 0x000001d9e9a55000 Uncommon trap: reason=unstable_if action=reinterpret pc=0x000001d9fad602b0 method=java.lang.String.charAt(I)C @ 4 c2
Event: 29.919 Thread 0x000001d9e9a55000 Uncommon trap: reason=unstable_if action=reinterpret pc=0x000001d9fad7de18 method=java.util.Arrays.fill([Ljava/lang/Object;Ljava/lang/Object;)V @ 7 c2
Event: 181.154 Thread 0x000001d9e9a55000 Uncommon trap: reason=unstable_if action=reinterpret pc=0x000001d9fad826ac method=java.util.concurrent.ConcurrentHashMap.get(Ljava/lang/Object;)Ljava/lang/Object; @ 76 c2
Event: 181.314 Thread 0x000001d9e9a55000 Uncommon trap: reason=unstable_if action=reinterpret pc=0x000001d9fadc4524 method=org.terrier.terms.PorterStemmer.step4()V @ 130 c2
Event: 181.316 Thread 0x000001d9e9a55000 Uncommon trap: reason=unstable_if action=reinterpret pc=0x000001d9fadbfe40 method=org.terrier.terms.PorterStemmer.step1()V @ 42 c2
Event: 181.414 Thread 0x000001d9e9a55000 Uncommon trap: reason=profile_predicate action=maybe_recompile pc=0x000001d9fadeda40 method=gnu.trove.TObjectIntHashMap.forEachEntry(Lgnu/trove/TObjectIntProcedure;)Z @ 17 c2
Event: 181.414 Thread 0x000001d9e9a55000 Uncommon trap: reason=profile_predicate action=maybe_recompile pc=0x000001d9fadeda40 method=gnu.trove.TObjectIntHashMap.forEachEntry(Lgnu/trove/TObjectIntProcedure;)Z @ 17 c2
Event: 181.415 Thread 0x000001d9e9a55000 Uncommon trap: reason=profile_predicate action=maybe_recompile pc=0x000001d9fadeda40 method=gnu.trove.TObjectIntHashMap.forEachEntry(Lgnu/trove/TObjectIntProcedure;)Z @ 17 c2
Event: 181.415 Thread 0x000001d9e9a55000 Uncommon trap: reason=profile_predicate action=maybe_recompile pc=0x000001d9fadc8e58 method=gnu.trove.TObjectIntHashMap.forEachEntry(Lgnu/trove/TObjectIntProcedure;)Z @ 17 c2
Event: 181.415 Thread 0x000001d9e9a55000 Uncommon trap: reason=profile_predicate action=maybe_recompile pc=0x000001d9fadeda40 method=gnu.trove.TObjectIntHashMap.forEachEntry(Lgnu/trove/TObjectIntProcedure;)Z @ 17 c2

Classes redefined (0 events):
No events

Internal exceptions (10 events):
Event: 29.994 Thread 0x000001d9e9a55000 Exception <a 'java/lang/NoSuchMethodError'{0x000000043fce6e38}: java.lang.invoke.DirectMethodHandle$Holder.invokeStatic(Ljava/lang/Object;Ljava/lang/Object;Ljava/lang/Object;Ljava/lang/Object;Ljava/lang/Object;Ljava/lang/Object;Ljava/lang/Object;Ljava/lan
Event: 29.995 Thread 0x000001d9e9a55000 Exception <a 'java/lang/NoSuchMethodError'{0x000000043fcf2e30}: java.lang.invoke.DirectMethodHandle$Holder.invokeStatic(Ljava/lang/Object;Ljava/lang/Object;Ljava/lang/Object;Ljava/lang/Object;Ljava/lang/Object;Ljava/lang/Object;Ljava/lang/Object;Ljava/lan
Event: 29.996 Thread 0x000001d9e9a55000 Exception <a 'java/lang/NoSuchMethodError'{0x000000043fcff2d8}: java.lang.invoke.DirectMethodHandle$Holder.invokeSpecial(Ljava/lang/Object;Ljava/lang/Object;JLjava/lang/Object;Ljava/lang/Object;Ljava/lang/Object;I)Ljava/lang/Object;> (0x000000043fcff2d8) 
Event: 29.996 Thread 0x000001d9e9a55000 Exception <a 'java/lang/NoSuchMethodError'{0x000000043fd023c0}: java.lang.invoke.DelegatingMethodHandle$Holder.reinvoke_L(Ljava/lang/Object;JLjava/lang/Object;Ljava/lang/Object;Ljava/lang/Object;I)Ljava/lang/Object;> (0x000000043fd023c0) thrown at [t:/wor
Event: 29.997 Thread 0x000001d9e9a55000 Exception <a 'java/lang/NoSuchMethodError'{0x000000043fd16250}: java.lang.invoke.DirectMethodHandle$Holder.invokeStatic(Ljava/lang/Object;Ljava/lang/Object;Ljava/lang/Object;Ljava/lang/Object;Ljava/lang/Object;J)Ljava/lang/Object;> (0x000000043fd16250) th
Event: 29.999 Thread 0x000001d9e9a55000 Exception <a 'java/lang/NoSuchMethodError'{0x000000043fd33670}: java.lang.invoke.DirectMethodHandle$Holder.invokeSpecial(Ljava/lang/Object;Ljava/lang/Object;Ljava/lang/Object;Ljava/lang/Object;Ljava/lang/Object;I)Ljava/lang/Object;> (0x000000043fd33670) t
Event: 30.014 Thread 0x000001d9e9a55000 Exception <a 'java/lang/NoSuchMethodError'{0x000000043fdad658}: java.lang.invoke.DirectMethodHandle$Holder.invokeStaticInit(Ljava/lang/Object;IIII)Ljava/lang/Object;> (0x000000043fdad658) thrown at [t:/workspace/open/src/hotspot/share/interpreter/linkReso
Event: 30.220 Thread 0x000001d9e9a55000 Exception <a 'java/lang/NoSuchMethodError'{0x000000043fde7048}: java.lang.invoke.DirectMethodHandle$Holder.invokeStaticInit(Ljava/lang/Object;Ljava/lang/Object;IIII)Ljava/lang/Object;> (0x000000043fde7048) thrown at [t:/workspace/open/src/hotspot/share/in
Event: 30.268 Thread 0x000001d9e9a55000 Exception <a 'java/lang/ClassCastException'{0x000000043fe2c868}: class java.lang.Integer cannot be cast to class java.lang.String (java.lang.Integer and java.lang.String are in module java.base of loader 'bootstrap')> (0x000000043fe2c868) thrown at [t:/wo
Event: 30.268 Thread 0x000001d9e9a55000 Exception <a 'java/lang/ClassCastException'{0x000000043fe2cc28}: class java.lang.Integer cannot be cast to class java.lang.String (java.lang.Integer and java.lang.String are in module java.base of loader 'bootstrap')> (0x000000043fe2cc28) thrown at [t:/wo

Events (10 events):
Event: 181.414 Thread 0x000001d9e9a55000 DEOPT UNPACKING pc=0x000001d9f31d9c2f sp=0x0000006b9b3e9be0 mode 2
Event: 181.415 Thread 0x000001d9e9a55000 Uncommon trap: trap_request=0xffffffbe fr.pc=0x000001d9fadeda40 relative=0x0000000000001c60
Event: 181.415 Thread 0x000001d9e9a55000 DEOPT PACKING pc=0x000001d9fadeda40 sp=0x0000006b9b3e9bc0
Event: 181.415 Thread 0x000001d9e9a55000 DEOPT UNPACKING pc=0x000001d9f31d9c2f sp=0x0000006b9b3e9be0 mode 2
Event: 181.415 Thread 0x000001d9e9a55000 Uncommon trap: trap_request=0xffffffbe fr.pc=0x000001d9fadc8e58 relative=0x0000000000001b58
Event: 181.415 Thread 0x000001d9e9a55000 DEOPT PACKING pc=0x000001d9fadc8e58 sp=0x0000006b9b3e9bc0
Event: 181.415 Thread 0x000001d9e9a55000 DEOPT UNPACKING pc=0x000001d9f31d9c2f sp=0x0000006b9b3e9be0 mode 2
Event: 181.415 Thread 0x000001d9e9a55000 Uncommon trap: trap_request=0xffffffbe fr.pc=0x000001d9fadeda40 relative=0x0000000000001c60
Event: 181.415 Thread 0x000001d9e9a55000 DEOPT PACKING pc=0x000001d9fadeda40 sp=0x0000006b9b3e9bc0
Event: 181.415 Thread 0x000001d9e9a55000 DEOPT UNPACKING pc=0x000001d9f31d9c2f sp=0x0000006b9b3e9be0 mode 2


Dynamic libraries:
0x00007ff6593d0000 - 0x00007ff6593eb000 	c:\users\jncwi\appdata\local\programs\python\python37\python.exe
0x00007fff3eaf0000 - 0x00007fff3ece5000 	C:\WINDOWS\SYSTEM32\ntdll.dll
0x00007fff3de80000 - 0x00007fff3df3e000 	C:\WINDOWS\System32\KERNEL32.DLL
0x00007fff3c310000 - 0x00007fff3c5d8000 	C:\WINDOWS\System32\KERNELBASE.dll
0x00007fff3c630000 - 0x00007fff3c730000 	C:\WINDOWS\System32\ucrtbase.dll
0x00007ffe86440000 - 0x00007ffe86800000 	c:\users\jncwi\appdata\local\programs\python\python37\python37.dll
0x00007fff1f6a0000 - 0x00007fff1f6b6000 	c:\users\jncwi\appdata\local\programs\python\python37\VCRUNTIME140.dll
0x00007fff3cb50000 - 0x00007fff3cba5000 	C:\WINDOWS\System32\SHLWAPI.dll
0x00007fff3d5b0000 - 0x00007fff3d64e000 	C:\WINDOWS\System32\msvcrt.dll
0x00007fff3e7a0000 - 0x00007fff3e80b000 	C:\WINDOWS\System32\WS2_32.dll
0x00007fff35c00000 - 0x00007fff35c0a000 	C:\WINDOWS\SYSTEM32\VERSION.dll
0x00007fff3e660000 - 0x00007fff3e785000 	C:\WINDOWS\System32\RPCRT4.dll
0x00007fff3e070000 - 0x00007fff3e11e000 	C:\WINDOWS\System32\ADVAPI32.dll
0x00007fff3e5c0000 - 0x00007fff3e65c000 	C:\WINDOWS\System32\sechost.dll
0x00007fff3bbd0000 - 0x00007fff3bbe8000 	C:\WINDOWS\SYSTEM32\CRYPTSP.dll
0x00007fff3b2f0000 - 0x00007fff3b324000 	C:\WINDOWS\system32\rsaenh.dll
0x00007fff3cb20000 - 0x00007fff3cb47000 	C:\WINDOWS\System32\bcrypt.dll
0x00007fff3bbf0000 - 0x00007fff3bbfc000 	C:\WINDOWS\SYSTEM32\CRYPTBASE.dll
0x00007fff3c280000 - 0x00007fff3c302000 	C:\WINDOWS\System32\bcryptPrimitives.dll
0x00007fff223d0000 - 0x00007fff223df000 	c:\users\jncwi\appdata\local\programs\python\python37\python3.dll
0x00007fff1f620000 - 0x00007fff1f638000 	c:\users\jncwi\appdata\local\programs\python\python37\DLLs\_bz2.pyd
0x00007fff1c5c0000 - 0x00007fff1c601000 	c:\users\jncwi\appdata\local\programs\python\python37\DLLs\_lzma.pyd
0x00007fff1f610000 - 0x00007fff1f61d000 	c:\users\jncwi\appdata\local\programs\python\python37\DLLs\_hashlib.pyd
0x00007fff183b0000 - 0x00007fff186f5000 	c:\users\jncwi\appdata\local\programs\python\python37\DLLs\libcrypto-1_1.dll
0x00007fff3cdf0000 - 0x00007fff3cf90000 	C:\WINDOWS\System32\USER32.dll
0x00007fff3c730000 - 0x00007fff3c752000 	C:\WINDOWS\System32\win32u.dll
0x00007fff3d700000 - 0x00007fff3d72a000 	C:\WINDOWS\System32\GDI32.dll
0x00007fff3c810000 - 0x00007fff3c91b000 	C:\WINDOWS\System32\gdi32full.dll
0x00007fff3c920000 - 0x00007fff3c9bd000 	C:\WINDOWS\System32\msvcp_win.dll
0x00007fff3e950000 - 0x00007fff3e980000 	C:\WINDOWS\System32\IMM32.DLL
0x00007fff1c4d0000 - 0x00007fff1c4f3000 	c:\users\jncwi\appdata\local\programs\python\python37\DLLs\_ctypes.pyd
0x00007fff3e980000 - 0x00007fff3eaaa000 	C:\WINDOWS\System32\ole32.dll
0x00007fff3e180000 - 0x00007fff3e4d4000 	C:\WINDOWS\System32\combase.dll
0x00007fff3d070000 - 0x00007fff3d13d000 	C:\WINDOWS\System32\OLEAUT32.dll
0x00007fff3d730000 - 0x00007fff3de74000 	C:\WINDOWS\System32\shell32.DLL
0x00007fff1a3d0000 - 0x00007fff1a3e7000 	c:\users\jncwi\appdata\local\programs\python\python37\DLLs\_sqlite3.pyd
0x00007ffef6bb0000 - 0x00007ffef6ce9000 	c:\users\jncwi\appdata\local\programs\python\python37\DLLs\sqlite3.dll
0x00007fff1f5f0000 - 0x00007fff1f605000 	c:\users\jncwi\appdata\local\programs\python\python37\DLLs\_socket.pyd
0x00007fff1f5e0000 - 0x00007fff1f5e9000 	c:\users\jncwi\appdata\local\programs\python\python37\DLLs\select.pyd
0x00007fff1f540000 - 0x00007fff1f55f000 	c:\users\jncwi\appdata\local\programs\python\python37\DLLs\_ssl.pyd
0x00007fff3c9c0000 - 0x00007fff3cb16000 	C:\WINDOWS\System32\CRYPT32.dll
0x00007fff1c510000 - 0x00007fff1c5bc000 	c:\users\jncwi\appdata\local\programs\python\python37\DLLs\libssl-1_1.dll
0x00007fff1c410000 - 0x00007fff1c424000 	c:\users\jncwi\appdata\local\programs\python\python37\DLLs\_asyncio.pyd
0x00007fff1c4b0000 - 0x00007fff1c4bd000 	c:\users\jncwi\appdata\local\programs\python\python37\DLLs\_overlapped.pyd
0x00007fff3b9e0000 - 0x00007fff3ba4a000 	C:\WINDOWS\system32\mswsock.dll
0x00007fff1a650000 - 0x00007fff1a758000 	c:\users\jncwi\appdata\local\programs\python\python37\DLLs\unicodedata.pyd
0x00007fff1d330000 - 0x00007fff1d339000 	c:\users\jncwi\appdata\local\programs\python\python37\DLLs\_queue.pyd
0x00007fff102d0000 - 0x00007fff1035e000 	c:\users\jncwi\appdata\local\programs\python\python37\lib\site-packages\zmq\libzmq.cp37-win_amd64.pyd
0x00007fff3b680000 - 0x00007fff3b6bb000 	C:\WINDOWS\SYSTEM32\IPHLPAPI.DLL
0x00007fff0c5f0000 - 0x00007fff0c68d000 	c:\users\jncwi\appdata\local\programs\python\python37\lib\site-packages\zmq\MSVCP140.dll
0x00007fff1b7b0000 - 0x00007fff1b7c6000 	c:\users\jncwi\appdata\local\programs\python\python37\lib\site-packages\zmq\backend\cython\constants.cp37-win_amd64.pyd
0x00007fff1bf40000 - 0x00007fff1bf4d000 	c:\users\jncwi\appdata\local\programs\python\python37\lib\site-packages\zmq\backend\cython\error.cp37-win_amd64.pyd
0x00007fff1b720000 - 0x00007fff1b73a000 	c:\users\jncwi\appdata\local\programs\python\python37\lib\site-packages\zmq\backend\cython\message.cp37-win_amd64.pyd
0x00007fff1ad00000 - 0x00007fff1ad14000 	c:\users\jncwi\appdata\local\programs\python\python37\lib\site-packages\zmq\backend\cython\context.cp37-win_amd64.pyd
0x00007fff1a870000 - 0x00007fff1a893000 	c:\users\jncwi\appdata\local\programs\python\python37\lib\site-packages\zmq\backend\cython\socket.cp37-win_amd64.pyd
0x00007fff1b710000 - 0x00007fff1b71f000 	c:\users\jncwi\appdata\local\programs\python\python37\lib\site-packages\zmq\backend\cython\utils.cp37-win_amd64.pyd
0x00007fff1a630000 - 0x00007fff1a644000 	c:\users\jncwi\appdata\local\programs\python\python37\lib\site-packages\zmq\backend\cython\_poll.cp37-win_amd64.pyd
0x00007fff1b610000 - 0x00007fff1b61d000 	c:\users\jncwi\appdata\local\programs\python\python37\lib\site-packages\zmq\backend\cython\_version.cp37-win_amd64.pyd
0x00007fff1a3f0000 - 0x00007fff1a401000 	c:\users\jncwi\appdata\local\programs\python\python37\lib\site-packages\zmq\backend\cython\_device.cp37-win_amd64.pyd
0x00007fff1acf0000 - 0x00007fff1ad00000 	c:\users\jncwi\appdata\local\programs\python\python37\lib\site-packages\zmq\backend\cython\_proxy_steerable.cp37-win_amd64.pyd
0x00007fff1a8a0000 - 0x00007fff1a8e4000 	c:\users\jncwi\appdata\local\programs\python\python37\DLLs\_decimal.pyd
0x00007fff1aa50000 - 0x00007fff1aa60000 	c:\users\jncwi\appdata\local\programs\python\python37\lib\site-packages\simplejson\_speedups.cp37-win_amd64.pyd
0x00007fff1c500000 - 0x00007fff1c509000 	c:\users\jncwi\appdata\local\programs\python\python37\lib\site-packages\tornado\speedups.cp37-win_amd64.pyd
0x00007fff3ae30000 - 0x00007fff3ae42000 	C:\WINDOWS\SYSTEM32\kernel.appcore.dll
0x00007fff3e8c0000 - 0x00007fff3e8c8000 	C:\WINDOWS\System32\NSI.dll
0x00007fff34640000 - 0x00007fff34657000 	C:\WINDOWS\SYSTEM32\dhcpcsvc6.DLL
0x00007fff34610000 - 0x00007fff3462d000 	C:\WINDOWS\SYSTEM32\dhcpcsvc.DLL
0x00007fff3b6c0000 - 0x00007fff3b78b000 	C:\WINDOWS\SYSTEM32\DNSAPI.dll
0x00000000772d0000 - 0x00000000772f6000 	c:\users\jncwi\appdata\local\programs\python\python37\lib\site-packages\win32\win32api.pyd
0x0000000076810000 - 0x0000000076837000 	c:\users\jncwi\appdata\local\programs\python\python37\lib\site-packages\pywin32_system32\pywintypes37.dll
0x00007fff1dba0000 - 0x00007fff1dbac000 	C:\WINDOWS\SYSTEM32\secur32.dll
0x00007fff3c0d0000 - 0x00007fff3c102000 	C:\WINDOWS\SYSTEM32\SSPICLI.DLL
0x00000000767e0000 - 0x0000000076808000 	c:\users\jncwi\appdata\local\programs\python\python37\lib\site-packages\win32\win32security.pyd
0x00007fff25b30000 - 0x00007fff25b4a000 	C:\WINDOWS\SYSTEM32\NETAPI32.dll
0x00007fff3b830000 - 0x00007fff3b83c000 	C:\WINDOWS\SYSTEM32\NETUTILS.DLL
0x000001d917020000 - 0x000001d917023000 	C:\WINDOWS\SYSTEM32\security.dll
0x00007fff110e0000 - 0x00007fff1110a000 	C:\WINDOWS\SYSTEM32\ntdsapi.dll
0x00007fff3b790000 - 0x00007fff3b7d4000 	C:\WINDOWS\SYSTEM32\LOGONCLI.DLL
0x0000000067200000 - 0x0000000068f91000 	c:\users\jncwi\appdata\local\programs\python\python37\lib\site-packages\numpy\.libs\libopenblas.WCDJNK7YVMPZQ2ME2ZZHJJRJ3JIKNDB7.gfortran-win_amd64.dll
0x00007ffe86880000 - 0x00007ffe86b49000 	c:\users\jncwi\appdata\local\programs\python\python37\lib\site-packages\numpy\core\_multiarray_umath.cp37-win_amd64.pyd
0x00007fff18760000 - 0x00007fff18782000 	c:\users\jncwi\appdata\local\programs\python\python37\lib\site-packages\pickle5\_pickle.cp37-win_amd64.pyd
0x00007fff25cc0000 - 0x00007fff25cdf000 	c:\users\jncwi\appdata\local\programs\python\python37\lib\site-packages\numpy\core\_multiarray_tests.cp37-win_amd64.pyd
0x00007fff1f850000 - 0x00007fff1f859000 	c:\users\jncwi\appdata\local\programs\python\python37\lib\site-packages\numpy\linalg\lapack_lite.cp37-win_amd64.pyd
0x00007fff18730000 - 0x00007fff1875a000 	c:\users\jncwi\appdata\local\programs\python\python37\lib\site-packages\numpy\linalg\_umath_linalg.cp37-win_amd64.pyd
0x00007fff1a3b0000 - 0x00007fff1a3d0000 	c:\users\jncwi\appdata\local\programs\python\python37\lib\site-packages\numpy\fft\_pocketfft_internal.cp37-win_amd64.pyd
0x00007ffef86b0000 - 0x00007ffef873f000 	c:\users\jncwi\appdata\local\programs\python\python37\lib\site-packages\numpy\random\mtrand.cp37-win_amd64.pyd
0x00007fff18700000 - 0x00007fff18729000 	c:\users\jncwi\appdata\local\programs\python\python37\lib\site-packages\numpy\random\bit_generator.cp37-win_amd64.pyd
0x00007fff10c10000 - 0x00007fff10c41000 	c:\users\jncwi\appdata\local\programs\python\python37\lib\site-packages\numpy\random\_common.cp37-win_amd64.pyd
0x00007fff0c5b0000 - 0x00007fff0c5f0000 	c:\users\jncwi\appdata\local\programs\python\python37\lib\site-packages\numpy\random\_bounded_integers.cp37-win_amd64.pyd
0x00007fff10fc0000 - 0x00007fff10fd8000 	c:\users\jncwi\appdata\local\programs\python\python37\lib\site-packages\numpy\random\_mt19937.cp37-win_amd64.pyd
0x00007fff10ec0000 - 0x00007fff10ed7000 	c:\users\jncwi\appdata\local\programs\python\python37\lib\site-packages\numpy\random\_philox.cp37-win_amd64.pyd
0x00007fff10e80000 - 0x00007fff10e95000 	c:\users\jncwi\appdata\local\programs\python\python37\lib\site-packages\numpy\random\_pcg64.cp37-win_amd64.pyd
0x00007fff10d70000 - 0x00007fff10d82000 	c:\users\jncwi\appdata\local\programs\python\python37\lib\site-packages\numpy\random\_sfc64.cp37-win_amd64.pyd
0x00007ffef7d50000 - 0x00007ffef7df4000 	c:\users\jncwi\appdata\local\programs\python\python37\lib\site-packages\numpy\random\_generator.cp37-win_amd64.pyd
0x00007ffe771e0000 - 0x00007ffe77302000 	c:\users\jncwi\appdata\local\programs\python\python37\lib\site-packages\pandas\_libs\interval.cp37-win_amd64.pyd
0x00007ffe863b0000 - 0x00007ffe8643a000 	c:\users\jncwi\appdata\local\programs\python\python37\lib\site-packages\pandas\_libs\hashtable.cp37-win_amd64.pyd
0x00007fff10240000 - 0x00007fff1026e000 	c:\users\jncwi\appdata\local\programs\python\python37\lib\site-packages\pandas\_libs\missing.cp37-win_amd64.pyd
0x00007fff10120000 - 0x00007fff10140000 	c:\users\jncwi\appdata\local\programs\python\python37\lib\site-packages\pandas\_libs\tslibs\dtypes.cp37-win_amd64.pyd
0x00007fff046c0000 - 0x00007fff04700000 	c:\users\jncwi\appdata\local\programs\python\python37\lib\site-packages\pandas\_libs\tslibs\conversion.cp37-win_amd64.pyd
0x00007fff1f840000 - 0x00007fff1f850000 	c:\users\jncwi\appdata\local\programs\python\python37\lib\site-packages\pandas\_libs\tslibs\base.cp37-win_amd64.pyd
0x00007fff022f0000 - 0x00007fff02323000 	c:\users\jncwi\appdata\local\programs\python\python37\lib\site-packages\pandas\_libs\tslibs\nattype.cp37-win_amd64.pyd
0x00007fff1f710000 - 0x00007fff1f720000 	c:\users\jncwi\appdata\local\programs\python\python37\lib\site-packages\pandas\_libs\tslibs\np_datetime.cp37-win_amd64.pyd
0x00007ffefc4e0000 - 0x00007ffefc517000 	c:\users\jncwi\appdata\local\programs\python\python37\lib\site-packages\pandas\_libs\tslibs\timezones.cp37-win_amd64.pyd
0x00007ffef6e40000 - 0x00007ffef6e7e000 	c:\users\jncwi\appdata\local\programs\python\python37\lib\site-packages\pandas\_libs\tslibs\tzconversion.cp37-win_amd64.pyd
0x00007fff0fc80000 - 0x00007fff0fc93000 	c:\users\jncwi\appdata\local\programs\python\python37\lib\site-packages\pandas\_libs\tslibs\ccalendar.cp37-win_amd64.pyd
0x00007ffef6b50000 - 0x00007ffef6ba7000 	c:\users\jncwi\appdata\local\programs\python\python37\lib\site-packages\pandas\_libs\tslibs\parsing.cp37-win_amd64.pyd
0x00007ffe77100000 - 0x00007ffe771d8000 	c:\users\jncwi\appdata\local\programs\python\python37\lib\site-packages\pandas\_libs\tslibs\offsets.cp37-win_amd64.pyd
0x00007ffe9cfb0000 - 0x00007ffe9d014000 	c:\users\jncwi\appdata\local\programs\python\python37\lib\site-packages\pandas\_libs\tslibs\timedeltas.cp37-win_amd64.pyd
0x00007ffe92470000 - 0x00007ffe924d7000 	c:\users\jncwi\appdata\local\programs\python\python37\lib\site-packages\pandas\_libs\tslibs\timestamps.cp37-win_amd64.pyd
0x00007ffeea210000 - 0x00007ffeea24f000 	c:\users\jncwi\appdata\local\programs\python\python37\lib\site-packages\pandas\_libs\tslibs\fields.cp37-win_amd64.pyd
0x00007ffee9d40000 - 0x00007ffee9d92000 	c:\users\jncwi\appdata\local\programs\python\python37\lib\site-packages\pandas\_libs\tslibs\strptime.cp37-win_amd64.pyd
0x00007fff0fc40000 - 0x00007fff0fc54000 	c:\users\jncwi\appdata\local\programs\python\python37\lib\site-packages\pandas\_libs\properties.cp37-win_amd64.pyd
0x00007ffed5860000 - 0x00007ffed58bf000 	c:\users\jncwi\appdata\local\programs\python\python37\lib\site-packages\pandas\_libs\tslibs\period.cp37-win_amd64.pyd
0x00007ffed8dd0000 - 0x00007ffed8e07000 	c:\users\jncwi\appdata\local\programs\python\python37\lib\site-packages\pandas\_libs\tslibs\vectorized.cp37-win_amd64.pyd
0x00007fff04e00000 - 0x00007fff04e12000 	c:\users\jncwi\appdata\local\programs\python\python37\lib\site-packages\pandas\_libs\ops_dispatch.cp37-win_amd64.pyd
0x00007ffe76fb0000 - 0x00007ffe770f5000 	c:\users\jncwi\appdata\local\programs\python\python37\lib\site-packages\pandas\_libs\algos.cp37-win_amd64.pyd
0x00007ffe86800000 - 0x00007ffe86879000 	c:\users\jncwi\appdata\local\programs\python\python37\lib\site-packages\pandas\_libs\lib.cp37-win_amd64.pyd
0x00007fff04690000 - 0x00007fff046b8000 	c:\users\jncwi\appdata\local\programs\python\python37\lib\site-packages\pandas\_libs\tslib.cp37-win_amd64.pyd
0x00007fff03690000 - 0x00007fff036bd000 	c:\users\jncwi\appdata\local\programs\python\python37\lib\site-packages\pandas\_libs\hashing.cp37-win_amd64.pyd
0x00007ffe9ce90000 - 0x00007ffe9cec4000 	c:\users\jncwi\appdata\local\programs\python\python37\lib\site-packages\pandas\_libs\ops.cp37-win_amd64.pyd
0x00007ffe86330000 - 0x00007ffe863ad000 	c:\users\jncwi\appdata\local\programs\python\python37\lib\site-packages\pandas\_libs\index.cp37-win_amd64.pyd
0x00007ffe76ac0000 - 0x00007ffe76cba000 	c:\users\jncwi\appdata\local\programs\python\python37\lib\site-packages\pandas\_libs\join.cp37-win_amd64.pyd
0x00007ffe76ed0000 - 0x00007ffe76fa3000 	c:\users\jncwi\appdata\local\programs\python\python37\lib\site-packages\pandas\_libs\sparse.cp37-win_amd64.pyd
0x00007ffe9cc80000 - 0x00007ffe9ccbf000 	c:\users\jncwi\appdata\local\programs\python\python37\lib\site-packages\pandas\_libs\reshape.cp37-win_amd64.pyd
0x00007fff183a0000 - 0x00007fff183b0000 	c:\users\jncwi\appdata\local\programs\python\python37\lib\site-packages\pandas\_libs\indexing.cp37-win_amd64.pyd
0x00007ffe9cc10000 - 0x00007ffe9cc43000 	c:\users\jncwi\appdata\local\programs\python\python37\lib\site-packages\pandas\_libs\writers.cp37-win_amd64.pyd
0x00007ffe9c8c0000 - 0x00007ffe9c8fb000 	c:\users\jncwi\appdata\local\programs\python\python37\lib\site-packages\pandas\_libs\internals.cp37-win_amd64.pyd
0x00007ffe76a60000 - 0x00007ffe76abc000 	c:\users\jncwi\appdata\local\programs\python\python37\lib\site-packages\pandas\_libs\window\aggregations.cp37-win_amd64.pyd

dbghelp: loaded successfully - version: 4.0.5 - missing functions: none
symbol engine: initialized successfully - sym options: 0x614 - pdb path: .;c:\users\jncwi\appdata\local\programs\python\python37;C:\WINDOWS\SYSTEM32;c:\users\jncwi\appdata\local\programs\python\python37\DLLs;c:\users\jncwi\appdata\local\programs\python\python37\lib\site-packages\zmq;c:\users\jncwi\appdata\local\programs\python\python37\lib\site-packages\zmq\backend\cython;c:\users\jncwi\appdata\local\programs\python\python37\lib\site-packages\simplejson;c:\users\jncwi\appdata\local\programs\python\python37\lib\site-packages\tornado;c:\users\jncwi\appdata\local\programs\python\python37\lib\site-packages\win32;c:\users\jncwi\appdata\local\programs\python\python37\lib\site-packages\pywin32_system32;c:\users\jncwi\appdata\local\programs\python\python37\lib\site-packages\numpy\.libs;c:\users\jncwi\appdata\local\programs\python\python37\lib\site-packages\numpy\core;c:\users\jncwi\appdata\local\programs\python\python37\lib\site-packages\pickle5;c:\users\jncwi\appdata\local\programs\python\python37\lib\site-packages\numpy\linalg;c:\users\jncwi\appdata\local\programs\python\python37\lib\site-packages\numpy\fft;c:\users\jncwi\appdata\local\programs\python\python37\lib\site-packages\numpy\random;c:\users\jncwi\appdata\local\programs\python\python37\lib\site-packages\pandas\_libs;c:\users\jncwi\appdata\local\programs\python\python37\lib\site-packages\pandas\_libs\tslibs;c:\users\jncwi\appdata\local\programs\python\python37\lib\site-packages\pandas\_libs\window;c:\users\jncwi\appdata\local\programs\python\python37\lib\site-packages\scipy\.libs;c:\users\jncwi\appdata\local\programs\python\python37\lib\site-packages\scipy\_lib;c:\users\jncwi\appdata\local\programs\python\python37\lib\site-packages\scipy\spatial;c:\users\jncwi\appdata\local\programs\python\python37\lib\site-packages\scipy\sparse;c:\users\jncwi\appdata\local\programs\python\python37\lib\site-packages\scipy\sparse\csgraph;c:\users\jncwi\appdata\local\programs\python\python37\lib\site-packages\scipy\linalg;c:\users\jncwi\appdata\local\programs\python\python37\lib\site-packages\scipy\special;c:\users\jncwi\appdata\local\programs\python\python37\lib\site-packages\scipy\spatial\transform;c:\users\jncwi\appdata\local\programs\python\python37\lib\site-packages\scipy\ndimage;c:\users\jncwi\appdata\local\programs\python\python37\lib\site-packages\scipy\optimize;c:\users\jncwi\appdata\local\programs\python\python37\lib\site-packages\scipy\sparse\linalg\isolve;c:\users\jncwi\appdata\local\programs\python\python37\lib\site-packages\scipy\sparse\linalg\dsolve;c:\users\jncwi\appdata\local\programs\python\python37\lib\site-packages\scipy\sparse\linalg\eigen\arpack;c:\users\jncwi\appdata\local\programs\python\python37\lib\site-packages\scipy\optimize\_trlib;c:\users\jncwi\appdata\local\programs\python\python37\lib\site-packages\scipy\optimize\_lsq;c:\users\jncwi\appdata\local\programs\python\python37\lib\site-packages\scipy\optimize\_highs;c:\users\jncwi\appdata\local\programs\python\python37\lib\site-packages\scipy\integrate;c:\users\jncwi\appdata\local\programs\python\python37\lib\site-packages\scipy\interpolate;c:\users\jncwi\appdata\local\programs\python\python37\lib\site-packages\scipy\stats;c:\users\jncwi\appdata\local\programs\python\python37\lib\site-packages\scipy\stats\_boost;C:\WINDOWS\WinSxS\amd64_microsoft.windows.common-controls_6595b64144ccf1df_6.0.19041.1110_none_60b5254171f9507e;c:\users\jncwi\appdata\local\programs\python\python37\lib\site-packages\regex;c:\users\jncwi\appdata\local\programs\python\python37\lib\site-packages\sklearn\.libs;c:\users\jncwi\appdata\local\programs\python\python37\lib\site-packages\sklearn\__check_build;c:\users\jncwi\appdata\local\programs\python\python37\lib\site-packages\sklearn\utils;c:\users\jncwi\appdata\local\programs\python\python37\lib\site-packages\lz4;c:\users\jncwi\appdata\local\programs\python\python37\lib\site-packages\lz4\frame;c:\users\jncwi\appdata\local\programs\python\python37\lib\site-packages\sklearn\feature_extraction;c:\users\jncwi\appdata\local\programs\python\python37\lib\site-packages\sklearn\preprocessing;c:\users\jncwi\appdata\local\programs\python\python37\lib\site-packages\sklearn\datasets;c:\users\jncwi\appdata\local\programs\python\python37\lib\site-packages\scipy\io\matlab;c:\users\jncwi\appdata\local\programs\python\python37\lib\site-packages\sklearn\svm;c:\users\jncwi\appdata\local\programs\python\python37\lib\site-packages\sklearn\metrics\cluster;c:\users\jncwi\appdata\local\programs\python\python37\lib\site-packages\sklearn\metrics;c:\users\jncwi\appdata\local\programs\python\python37\lib\site-packages\sklearn\linear_model;c:\users\jncwi\appdata\local\programs\python\python37\lib\site-packages\jnius;C:\Program Files\Java\jdk-12.0.1\bin\server;C:\Program Files\Java\jdk-12.0.1\bin;C:\Users\jncwi\AppData\Local\Temp

VM Arguments:
java_command: <unknown>
java_class_path (initial): C:\Users\jncwi\.pyterrier\terrier-assemblies-5.6-jar-with-dependencies.jar;C:\Users\jncwi\.pyterrier\terrier-python-helper-0.0.6.jar;c:\users\jncwi\appdata\local\programs\python\python37\lib\site-packages\jnius\src
Launcher Type: generic

[Global flags]
     intx CICompilerCount                          = 12                                        {product} {ergonomic}
     uint ConcGCThreads                            = 3                                         {product} {ergonomic}
     uint G1ConcRefinementThreads                  = 13                                        {product} {ergonomic}
   size_t G1HeapRegionSize                         = 4194304                                   {product} {ergonomic}
    uintx GCDrainStackTargetSize                   = 64                                        {product} {ergonomic}
   size_t InitialHeapSize                          = 1073741824                                {product} {ergonomic}
   size_t MarkStackSize                            = 4194304                                   {product} {ergonomic}
   size_t MaxHeapSize                              = 17163091968                               {product} {ergonomic}
   size_t MaxNewSize                               = 10297016320                               {product} {ergonomic}
   size_t MinHeapDeltaBytes                        = 4194304                                   {product} {ergonomic}
    uintx NonNMethodCodeHeapSize                   = 7594288                                {pd product} {ergonomic}
    uintx NonProfiledCodeHeapSize                  = 122031976                              {pd product} {ergonomic}
    uintx ProfiledCodeHeapSize                     = 122031976                              {pd product} {ergonomic}
    uintx ReservedCodeCacheSize                    = 251658240                              {pd product} {ergonomic}
     bool SegmentedCodeCache                       = true                                      {product} {ergonomic}
     bool UseCompressedClassPointers               = true                                 {lp64_product} {ergonomic}
     bool UseCompressedOops                        = true                                 {lp64_product} {ergonomic}
     bool UseG1GC                                  = true                                      {product} {ergonomic}
     bool UseLargePagesIndividualAllocation        = false                                  {pd product} {ergonomic}

Logging:
Log output configuration:
 #0: stdout all=warning uptime,level,tags
 #1: stderr all=off uptime,level,tags

Environment Variables:
JAVA_HOME=C:\Program Files\Java\jdk-12.0.1in
PATH=c:\users\jncwi\appdata\local\programs\python\python37\lib\site-packages\pywin32_system32;c:\program files\nvidia gpu computing toolkit\cuda\v11.1\bin;c:\program files\nvidia gpu computing toolkit\cuda\v11.1\libnvvp;c:\users\jncwi\appdata\local\programs\protoc\bin\protoc.exe;c:\windows\system32;c:\program files\java\jdk-12.0.1\bin;c:\users\jncwi\php7\php7;c:\program files\nvidia gpu computing toolkit\cuda\v10.2\bin;c:\program files\nvidia gpu computing toolkit\cuda\v10.1\bin;c:\program files\nvidia gpu computing toolkit\cuda\v10.1\libnvvp;c:\program files\nvidia gpu computing toolkit\cuda\v11.2\bin;c:\program files\nvidia gpu computing toolkit\cuda\v11.2\libnvvp;c:\program files\nvidia gpu computing toolkit\cuda\v11.4\bin;c:\program files\nvidia gpu computing toolkit\cuda\v11.4\libnvvp;c:\windows;c:\windows\system32\wbem;c:\windows\system32\windowspowershell\v1.0\;c:\windows\system32\openssh\;c:\program files\apache-maven-3.6.1\bin;c:\program files\common files;c:\windows\system32;c:\windows;c:\windows\system32\wbem;c:\windows\system32\windowspowershell\v1.0\;c:\windows\system32\openssh\;c:\program files\dotnet\;c:\program files\microsoft sql server\130\tools\binn\;c:\program files\git\cmd;c:\program files (x86)\intel\intel(r) management engine components\dal;c:\program files\intel\intel(r) management engine components\dal;c:\program files\intel\wifi\bin\;c:\program;c:\users\jncwi\apache24\bin;c:\program files (x86)\dotnet\;c:\windows\system32;c:\windows;c:\windows\system32\wbem;c:\windows\system32\windowspowershell\v1.0\;c:\windows\system32\openssh\;c:\program files\nvidia corporation\nsight compute 2020.2.0\;;c:\program files\nvidia corporation\nvidia nvdlisr;C:\Program Files (x86)\NVIDIA Corporation\PhysX\Common;C:\Users\jncwi\AppData\Local\Programs\Python\Python37\Scripts\;C:\Users\jncwi\AppData\Local\Programs\Python\Python37\;C:\Program Files\MySQL\MySQL Shell 8.0\bin\;C:\Program Files\Intel\WiFi\bin\;C:\Program Files\Common Files\Intel\WirelessCommon\;C:\User
USERNAME=jncwi
OS=Windows_NT
PROCESSOR_IDENTIFIER=Intel64 Family 6 Model 158 Stepping 12, GenuineIntel



---------------  S Y S T E M  ---------------

OS: Windows 10 , 64 bit Build 19041 (10.0.19041.1566)

CPU:total 16 (initial active 16) (8 cores per cpu, 2 threads per core) family 6 model 158 stepping 12, cmov, cx8, fxsr, mmx, sse, sse2, sse3, ssse3, sse4.1, sse4.2, popcnt, avx, avx2, aes, clmul, erms, rtm, 3dnowpref, lzcnt, ht, tsc, tscinvbit, bmi1, bmi2, adx, fma

Memory: 4k page, system-wide physical 65468M (44028M free)
TotalPageFile size 94140M (AvailPageFile size 51222M)
current process WorkingSet (physical memory assigned to process): 1748M, peak: 1748M
current process commit charge ("private bytes"): 5260M, peak: 5290M

vm_info: Java HotSpot(TM) 64-Bit Server VM (12.0.1+12) for windows-amd64 JRE (12.0.1+12), built on Apr  2 2019 14:02:19 by "mach5one" with MS VC++ 15.5 (VS2017)

END.
