#
# A fatal error has been detected by the Java Runtime Environment:
#
#  EXCEPTION_ACCESS_VIOLATION (0xc0000005) at pc=0x000002273d97f7e0, pid=30444, tid=9552
#
# JRE version: Java(TM) SE Runtime Environment (12.0.1+12) (build 12.0.1+12)
# Java VM: Java HotSpot(TM) 64-Bit Server VM (12.0.1+12, mixed mode, sharing, tiered, compressed oops, g1 gc, windows-amd64)
# Problematic frame:
# J 209 c2 java.lang.String.length()I java.base@12.0.1 (11 bytes) @ 0x000002273d97f7e0 [0x000002273d97f7a0+0x0000000000000040]
#
# No core dump will be written. Minidumps are not enabled by default on client versions of Windows
#
# If you would like to submit a bug report, please visit:
#   http://bugreport.java.com/bugreport/crash.jsp
#

---------------  S U M M A R Y ------------

Command Line: 

Host: Intel(R) Core(TM) i9-9900K CPU @ 3.60GHz, 16 cores, 63G,  Windows 10 , 64 bit Build 19041 (10.0.19041.1566)
Time: Mon Apr 18 12:34:26 2022 Mountain Daylight Time elapsed time: 3 seconds (0d 0h 0m 3s)

---------------  T H R E A D  ---------------

Current thread (0x0000022703270800):  JavaThread "main" [_thread_in_Java, id=9552, stack(0x000000e9aae00000,0x000000e9aaff0000)]

Stack: [0x000000e9aae00000,0x000000e9aaff0000],  sp=0x000000e9aafe8840,  free space=1954k
Native frames: (J=compiled Java code, j=interpreted, Vv=VM code, C=native code)
C  0x000002273d97f7e0


siginfo: EXCEPTION_ACCESS_VIOLATION (0xc0000005), reading address 0x00000003fe00000c


Register to memory mapping:

RIP=0x000002273d97f7e0 is at entry_point+64 in (nmethod*)0x000002273d97f610
RAX={method} {0x0000000800374e18} 'length' '()I' in 'java/lang/String'
RBX={method} {0x0000000800374e18} 'length' '()I' in 'java/lang/String'
RCX=0x000000043f438a60 points into unknown readable memory: 05 00 00 00 00 00 00 00
RDX=0x000000043f438a60 points into unknown readable memory: 05 00 00 00 00 00 00 00
RSP=0x000000e9aafe8840 is pointing into the stack for thread: 0x0000022703270800
RBP=0x000000e9aafe88c8 is pointing into the stack for thread: 0x0000022703270800
RSI=0x0000022703270800 is a thread
RDI=0x0000000000000002 is an unknown value
R8 =0x0 is NULL
R9 =0x0000000000000002 is an unknown value
R10=0x00007ffe8367eb80 points into unknown readable memory: 40 95 dd 35 27 02 00 00
R11=0x000000007fc00000 is an unknown value
R12=0x0 is NULL
R13=0x000000e9aafe8870 is pointing into the stack for thread: 0x0000022703270800
R14=0x000000e9aafe88e0 is pointing into the stack for thread: 0x0000022703270800
R15=0x0000022703270800 is a thread


Registers:
RAX=0x0000000800374e10, RBX=0x0000000800374e10, RCX=0x000000043f438a60, RDX=0x000000043f438a60
RSP=0x000000e9aafe8840, RBP=0x000000e9aafe88c8, RSI=0x0000022703270800, RDI=0x0000000000000002
R8 =0x0000000000000000, R9 =0x0000000000000002, R10=0x00007ffe8367eb80, R11=0x000000007fc00000
R12=0x0000000000000000, R13=0x000000e9aafe8870, R14=0x000000e9aafe88e0, R15=0x0000022703270800
RIP=0x000002273d97f7e0, EFLAGS=0x0000000000010202

Top of Stack: (sp=0x000000e9aafe8840)
0x000000e9aafe8840:   000002276ff03c60 0000000440ce2670
0x000000e9aafe8850:   000000e9aafe88c8 0000022735dd9880
0x000000e9aafe8860:   000000e9aafe8878 0000022735dd9880
0x000000e9aafe8870:   000000043f438a60 000000043f438a70
0x000000e9aafe8880:   000000e9aafe8880 000002276fdc802d
0x000000e9aafe8890:   000000e9aafe88e0 000002276fdc8960
0x000000e9aafe88a0:   000002276ff03ac8 00000004404e88a8
0x000000e9aafe88b0:   000002276fdc8060 000000e9aafe8870
0x000000e9aafe88c0:   000000e9aafe88d8 000000e9aafe8ac0
0x000000e9aafe88d0:   0000022735dd0a90 000000043f438a60
0x000000e9aafe88e0:   000000043f438a70 000000e9aafe89a9
0x000000e9aafe88f0:   000000e9aafe8e20 00007ffe86465e49
0x000000e9aafe8900:   00007ffe866f99e2 000002272da3d230
0x000000e9aafe8910:   000000e9aafe89f0 0000022600000000
0x000000e9aafe8920:   00000227026a14b0 0000000000000000
0x000000e9aafe8930:   000002272c2bfdf8 0000005000000000 

Instructions: (pc=0x000002273d97f7e0)
0x000002273d97f7c0:   f8 66 66 90 0f 1f 84 00 00 00 00 00 66 66 66 90
0x000002273d97f7d0:   89 84 24 00 90 ff ff 55 48 83 ec 10 44 8b 5a 0c
0x000002273d97f7e0:   43 8b 44 dc 0c 0f be 4a 14 d3 f8 48 83 c4 10 5d
0x000002273d97f7f0:   4d 8b 97 08 01 00 00 41 85 02 c3 ba f6 ff ff ff 


Stack slot to memory mapping:
stack at sp + 0 slots: 0x000002276ff03c60 is pointing into metadata
stack at sp + 1 slots: 0x0000000440ce2670 points into unknown readable memory: 01 b5 81 a8 5c 00 00 00
stack at sp + 2 slots: 0x000000e9aafe88c8 is pointing into the stack for thread: 0x0000022703270800
stack at sp + 3 slots: 0x0000022735dd9880 is at code_begin+832 in an Interpreter codelet
invoke return entry points  [0x0000022735dd9540, 0x0000022735dd9f60]  2592 bytes
stack at sp + 4 slots: 0x000000e9aafe8878 is pointing into the stack for thread: 0x0000022703270800
stack at sp + 5 slots: 0x0000022735dd9880 is at code_begin+832 in an Interpreter codelet
invoke return entry points  [0x0000022735dd9540, 0x0000022735dd9f60]  2592 bytes
stack at sp + 6 slots: 0x000000043f438a60 points into unknown readable memory: 05 00 00 00 00 00 00 00
stack at sp + 7 slots: 0x000000043f438a70 is an oop: java.io.StringReader 
{0x000000043f438a70} - klass: 'java/io/StringReader'



---------------  P R O C E S S  ---------------

Threads class SMR info:
_java_thread_list=0x000002276f838850, length=17, elements={
0x0000022703270800, 0x000002270326b800, 0x000002270326c800, 0x000002270326d000,
0x000002270326a800, 0x000002276ef09000, 0x000002276ef0d000, 0x000002270326f000,
0x000002276eee5800, 0x000002276f054000, 0x000002276f089800, 0x000002276f087000,
0x000002276f467000, 0x000002276f86a000, 0x00000227845bb800, 0x0000022779017800,
0x000002278491f000
}

Java Threads: ( => current thread )
=>0x0000022703270800 JavaThread "main" [_thread_in_Java, id=9552, stack(0x000000e9aae00000,0x000000e9aaff0000)]
  0x000002270326b800 JavaThread "Reference Handler" daemon [_thread_blocked, id=24892, stack(0x000000e9b0cf0000,0x000000e9b0ee0000)]
  0x000002270326c800 JavaThread "Finalizer" daemon [_thread_blocked, id=2800, stack(0x000000e9b0ee0000,0x000000e9b10d0000)]
  0x000002270326d000 JavaThread "Signal Dispatcher" daemon [_thread_blocked, id=15720, stack(0x000000e9b10d0000,0x000000e9b12c0000)]
  0x000002270326a800 JavaThread "Attach Listener" daemon [_thread_blocked, id=30236, stack(0x000000e9b12c0000,0x000000e9b14b0000)]
  0x000002276ef09000 JavaThread "C2 CompilerThread0" daemon [_thread_blocked, id=30396, stack(0x000000e9b14b0000,0x000000e9b16a0000)]
  0x000002276ef0d000 JavaThread "C1 CompilerThread0" daemon [_thread_blocked, id=32824, stack(0x000000e9b16a0000,0x000000e9b1890000)]
  0x000002270326f000 JavaThread "Sweeper thread" daemon [_thread_blocked, id=31900, stack(0x000000e9b1890000,0x000000e9b1a80000)]
  0x000002276eee5800 JavaThread "C1 CompilerThread1" daemon [_thread_blocked, id=2292, stack(0x000000e9b1a80000,0x000000e9b1c70000)]
  0x000002276f054000 JavaThread "C1 CompilerThread2" daemon [_thread_blocked, id=35876, stack(0x000000e9b1c70000,0x000000e9b1e60000)]
  0x000002276f089800 JavaThread "Service Thread" daemon [_thread_blocked, id=4828, stack(0x000000e9b1e60000,0x000000e9b2050000)]
  0x000002276f087000 JavaThread "Common-Cleaner" daemon [_thread_blocked, id=2012, stack(0x000000e9b2240000,0x000000e9b2430000)]
  0x000002276f467000 JavaThread "C1 CompilerThread3" daemon [_thread_blocked, id=35816, stack(0x000000e9b2810000,0x000000e9b2a00000)]
  0x000002276f86a000 JavaThread "C2 CompilerThread1" daemon [_thread_blocked, id=35048, stack(0x000000e9b35a0000,0x000000e9b3790000)]
  0x00000227845bb800 JavaThread "C2 CompilerThread2" daemon [_thread_blocked, id=29564, stack(0x000000e9b3790000,0x000000e9b3980000)]
  0x0000022779017800 JavaThread "C2 CompilerThread3" daemon [_thread_blocked, id=36664, stack(0x000000e9b3980000,0x000000e9b3b70000)]
  0x000002278491f000 JavaThread "C2 CompilerThread4" daemon [_thread_blocked, id=35972, stack(0x000000e9b3b70000,0x000000e9b3d60000)]

Other Threads:
  0x000002276ed6e000 VMThread "VM Thread" [stack: 0x000000e9b0b00000,0x000000e9b0cf0000] [id=27864]
  0x000002276f07c000 WatcherThread [stack: 0x000000e9b2050000,0x000000e9b2240000] [id=10852]
  0x0000022702e87000 GCTaskThread "GC Thread#0" [stack: 0x000000e9b0150000,0x000000e9b0340000] [id=26144]
  0x000002272c063800 ConcurrentGCThread "G1 Main Marker" [stack: 0x000000e9b0340000,0x000000e9b0530000] [id=35440]
  0x000002272c2ce000 ConcurrentGCThread "G1 Conc#0" [stack: 0x000000e9b0530000,0x000000e9b0720000] [id=36836]
  0x000002276ed6d800 ConcurrentGCThread "G1 Refine#0" [stack: 0x000000e9b0720000,0x000000e9b0910000] [id=17392]
  0x00000226dcc3d000 ConcurrentGCThread "G1 Refine#1" [stack: 0x000000e9b2430000,0x000000e9b2620000] [id=30664]
  0x00000226dcc38000 ConcurrentGCThread "G1 Refine#2" [stack: 0x000000e9b2620000,0x000000e9b2810000] [id=2532]
  0x00000226dcc3f800 ConcurrentGCThread "G1 Refine#3" [stack: 0x000000e9b2a00000,0x000000e9b2bf0000] [id=11556]
  0x00000226dcc43800 ConcurrentGCThread "G1 Refine#4" [stack: 0x000000e9b2bf0000,0x000000e9b2de0000] [id=15564]
  0x00000226dcc44800 ConcurrentGCThread "G1 Refine#5" [stack: 0x000000e9b2de0000,0x000000e9b2fd0000] [id=1416]
  0x00000226dcc40000 ConcurrentGCThread "G1 Refine#6" [stack: 0x000000e9b2fd0000,0x000000e9b31c0000] [id=23448]
  0x00000226dcc41800 ConcurrentGCThread "G1 Refine#7" [stack: 0x000000e9b31c0000,0x000000e9b33b0000] [id=14856]
  0x00000226dcc41000 ConcurrentGCThread "G1 Refine#8" [stack: 0x000000e9b33b0000,0x000000e9b35a0000] [id=31800]
  0x000002272cb1e800 ConcurrentGCThread "G1 Young RemSet Sampling" [stack: 0x000000e9b0910000,0x000000e9b0b00000] [id=27528]

Threads with active compile tasks:

VM state:not at safepoint (normal execution)

VM Mutex/Monitor currently owned by a thread: None

Heap address: 0x0000000401000000, size: 16368 MB, Compressed Oops mode: Zero based, Oop shift amount: 3
Narrow klass base: 0x0000000800000000, Narrow klass shift: 3
Compressed class space size: 1073741824 Address: 0x00000008011a0000

Heap:
 garbage-first heap   total 1048576K, used 81920K [0x0000000401000000, 0x0000000800000000)
  region size 4096K, 7 young (28672K), 0 survivors (0K)
 Metaspace       used 6060K, capacity 7548K, committed 7808K, reserved 1056768K
  class space    used 620K, capacity 844K, committed 896K, reserved 1048576K
Heap Regions: E=young(eden), S=young(survivor), O=old, HS=humongous(starts), HC=humongous(continues), CS=collection set, F=free, A=archive, TAMS=top-at-mark-start (previous, next)
|   0|0x0000000401000000, 0x0000000401400000, 0x0000000401400000|100%|HS|  |TAMS 0x0000000401000000, 0x0000000401000000| Complete 
|   1|0x0000000401400000, 0x0000000401800000, 0x0000000401800000|100%|HC|  |TAMS 0x0000000401400000, 0x0000000401400000| Complete 
|   2|0x0000000401800000, 0x0000000401c00000, 0x0000000401c00000|100%|HS|  |TAMS 0x0000000401800000, 0x0000000401800000| Complete 
|   3|0x0000000401c00000, 0x0000000402000000, 0x0000000402000000|100%|HC|  |TAMS 0x0000000401c00000, 0x0000000401c00000| Complete 
|   4|0x0000000402000000, 0x0000000402400000, 0x0000000402400000|100%|HC|  |TAMS 0x0000000402000000, 0x0000000402000000| Complete 
|   5|0x0000000402400000, 0x0000000402800000, 0x0000000402800000|100%|HC|  |TAMS 0x0000000402400000, 0x0000000402400000| Complete 
|   6|0x0000000402800000, 0x0000000402c00000, 0x0000000402c00000|100%|HC|  |TAMS 0x0000000402800000, 0x0000000402800000| Complete 
|   7|0x0000000402c00000, 0x0000000403000000, 0x0000000403000000|100%|HC|  |TAMS 0x0000000402c00000, 0x0000000402c00000| Complete 
|   8|0x0000000403000000, 0x0000000403400000, 0x0000000403400000|100%|HS|  |TAMS 0x0000000403000000, 0x0000000403000000| Complete 
|   9|0x0000000403400000, 0x0000000403800000, 0x0000000403800000|100%|HC|  |TAMS 0x0000000403400000, 0x0000000403400000| Complete 
|  10|0x0000000403800000, 0x0000000403c00000, 0x0000000403c00000|100%|HC|  |TAMS 0x0000000403800000, 0x0000000403800000| Complete 
|  11|0x0000000403c00000, 0x0000000404000000, 0x0000000404000000|100%|HC|  |TAMS 0x0000000403c00000, 0x0000000403c00000| Complete 
|  12|0x0000000404000000, 0x0000000404400000, 0x0000000404400000|100%|HC|  |TAMS 0x0000000404000000, 0x0000000404000000| Complete 
|  13|0x0000000404400000, 0x0000000404800000, 0x0000000404800000|100%|HC|  |TAMS 0x0000000404400000, 0x0000000404400000| Complete 
|  14|0x0000000404800000, 0x0000000404800000, 0x0000000404c00000|  0%| F|  |TAMS 0x0000000404800000, 0x0000000404800000| Untracked 
|  15|0x0000000404c00000, 0x0000000404c00000, 0x0000000405000000|  0%| F|  |TAMS 0x0000000404c00000, 0x0000000404c00000| Untracked 
|  16|0x0000000405000000, 0x0000000405000000, 0x0000000405400000|  0%| F|  |TAMS 0x0000000405000000, 0x0000000405000000| Untracked 
|  17|0x0000000405400000, 0x0000000405400000, 0x0000000405800000|  0%| F|  |TAMS 0x0000000405400000, 0x0000000405400000| Untracked 
|  18|0x0000000405800000, 0x0000000405800000, 0x0000000405c00000|  0%| F|  |TAMS 0x0000000405800000, 0x0000000405800000| Untracked 
|  19|0x0000000405c00000, 0x0000000405c00000, 0x0000000406000000|  0%| F|  |TAMS 0x0000000405c00000, 0x0000000405c00000| Untracked 
|  20|0x0000000406000000, 0x0000000406000000, 0x0000000406400000|  0%| F|  |TAMS 0x0000000406000000, 0x0000000406000000| Untracked 
|  21|0x0000000406400000, 0x0000000406400000, 0x0000000406800000|  0%| F|  |TAMS 0x0000000406400000, 0x0000000406400000| Untracked 
|  22|0x0000000406800000, 0x0000000406800000, 0x0000000406c00000|  0%| F|  |TAMS 0x0000000406800000, 0x0000000406800000| Untracked 
|  23|0x0000000406c00000, 0x0000000406c00000, 0x0000000407000000|  0%| F|  |TAMS 0x0000000406c00000, 0x0000000406c00000| Untracked 
|  24|0x0000000407000000, 0x0000000407000000, 0x0000000407400000|  0%| F|  |TAMS 0x0000000407000000, 0x0000000407000000| Untracked 
|  25|0x0000000407400000, 0x0000000407400000, 0x0000000407800000|  0%| F|  |TAMS 0x0000000407400000, 0x0000000407400000| Untracked 
|  26|0x0000000407800000, 0x0000000407800000, 0x0000000407c00000|  0%| F|  |TAMS 0x0000000407800000, 0x0000000407800000| Untracked 
|  27|0x0000000407c00000, 0x0000000407c00000, 0x0000000408000000|  0%| F|  |TAMS 0x0000000407c00000, 0x0000000407c00000| Untracked 
|  28|0x0000000408000000, 0x0000000408000000, 0x0000000408400000|  0%| F|  |TAMS 0x0000000408000000, 0x0000000408000000| Untracked 
|  29|0x0000000408400000, 0x0000000408400000, 0x0000000408800000|  0%| F|  |TAMS 0x0000000408400000, 0x0000000408400000| Untracked 
|  30|0x0000000408800000, 0x0000000408800000, 0x0000000408c00000|  0%| F|  |TAMS 0x0000000408800000, 0x0000000408800000| Untracked 
|  31|0x0000000408c00000, 0x0000000408c00000, 0x0000000409000000|  0%| F|  |TAMS 0x0000000408c00000, 0x0000000408c00000| Untracked 
|  32|0x0000000409000000, 0x0000000409000000, 0x0000000409400000|  0%| F|  |TAMS 0x0000000409000000, 0x0000000409000000| Untracked 
|  33|0x0000000409400000, 0x0000000409400000, 0x0000000409800000|  0%| F|  |TAMS 0x0000000409400000, 0x0000000409400000| Untracked 
|  34|0x0000000409800000, 0x0000000409800000, 0x0000000409c00000|  0%| F|  |TAMS 0x0000000409800000, 0x0000000409800000| Untracked 
|  35|0x0000000409c00000, 0x0000000409c00000, 0x000000040a000000|  0%| F|  |TAMS 0x0000000409c00000, 0x0000000409c00000| Untracked 
|  36|0x000000040a000000, 0x000000040a000000, 0x000000040a400000|  0%| F|  |TAMS 0x000000040a000000, 0x000000040a000000| Untracked 
|  37|0x000000040a400000, 0x000000040a400000, 0x000000040a800000|  0%| F|  |TAMS 0x000000040a400000, 0x000000040a400000| Untracked 
|  38|0x000000040a800000, 0x000000040a800000, 0x000000040ac00000|  0%| F|  |TAMS 0x000000040a800000, 0x000000040a800000| Untracked 
|  39|0x000000040ac00000, 0x000000040ac00000, 0x000000040b000000|  0%| F|  |TAMS 0x000000040ac00000, 0x000000040ac00000| Untracked 
|  40|0x000000040b000000, 0x000000040b000000, 0x000000040b400000|  0%| F|  |TAMS 0x000000040b000000, 0x000000040b000000| Untracked 
|  41|0x000000040b400000, 0x000000040b400000, 0x000000040b800000|  0%| F|  |TAMS 0x000000040b400000, 0x000000040b400000| Untracked 
|  42|0x000000040b800000, 0x000000040b800000, 0x000000040bc00000|  0%| F|  |TAMS 0x000000040b800000, 0x000000040b800000| Untracked 
|  43|0x000000040bc00000, 0x000000040bc00000, 0x000000040c000000|  0%| F|  |TAMS 0x000000040bc00000, 0x000000040bc00000| Untracked 
|  44|0x000000040c000000, 0x000000040c000000, 0x000000040c400000|  0%| F|  |TAMS 0x000000040c000000, 0x000000040c000000| Untracked 
|  45|0x000000040c400000, 0x000000040c400000, 0x000000040c800000|  0%| F|  |TAMS 0x000000040c400000, 0x000000040c400000| Untracked 
|  46|0x000000040c800000, 0x000000040c800000, 0x000000040cc00000|  0%| F|  |TAMS 0x000000040c800000, 0x000000040c800000| Untracked 
|  47|0x000000040cc00000, 0x000000040cc00000, 0x000000040d000000|  0%| F|  |TAMS 0x000000040cc00000, 0x000000040cc00000| Untracked 
|  48|0x000000040d000000, 0x000000040d000000, 0x000000040d400000|  0%| F|  |TAMS 0x000000040d000000, 0x000000040d000000| Untracked 
|  49|0x000000040d400000, 0x000000040d400000, 0x000000040d800000|  0%| F|  |TAMS 0x000000040d400000, 0x000000040d400000| Untracked 
|  50|0x000000040d800000, 0x000000040d800000, 0x000000040dc00000|  0%| F|  |TAMS 0x000000040d800000, 0x000000040d800000| Untracked 
|  51|0x000000040dc00000, 0x000000040dc00000, 0x000000040e000000|  0%| F|  |TAMS 0x000000040dc00000, 0x000000040dc00000| Untracked 
|  52|0x000000040e000000, 0x000000040e000000, 0x000000040e400000|  0%| F|  |TAMS 0x000000040e000000, 0x000000040e000000| Untracked 
|  53|0x000000040e400000, 0x000000040e400000, 0x000000040e800000|  0%| F|  |TAMS 0x000000040e400000, 0x000000040e400000| Untracked 
|  54|0x000000040e800000, 0x000000040e800000, 0x000000040ec00000|  0%| F|  |TAMS 0x000000040e800000, 0x000000040e800000| Untracked 
|  55|0x000000040ec00000, 0x000000040ec00000, 0x000000040f000000|  0%| F|  |TAMS 0x000000040ec00000, 0x000000040ec00000| Untracked 
|  56|0x000000040f000000, 0x000000040f000000, 0x000000040f400000|  0%| F|  |TAMS 0x000000040f000000, 0x000000040f000000| Untracked 
|  57|0x000000040f400000, 0x000000040f400000, 0x000000040f800000|  0%| F|  |TAMS 0x000000040f400000, 0x000000040f400000| Untracked 
|  58|0x000000040f800000, 0x000000040f800000, 0x000000040fc00000|  0%| F|  |TAMS 0x000000040f800000, 0x000000040f800000| Untracked 
|  59|0x000000040fc00000, 0x000000040fc00000, 0x0000000410000000|  0%| F|  |TAMS 0x000000040fc00000, 0x000000040fc00000| Untracked 
|  60|0x0000000410000000, 0x0000000410000000, 0x0000000410400000|  0%| F|  |TAMS 0x0000000410000000, 0x0000000410000000| Untracked 
|  61|0x0000000410400000, 0x0000000410400000, 0x0000000410800000|  0%| F|  |TAMS 0x0000000410400000, 0x0000000410400000| Untracked 
|  62|0x0000000410800000, 0x0000000410800000, 0x0000000410c00000|  0%| F|  |TAMS 0x0000000410800000, 0x0000000410800000| Untracked 
|  63|0x0000000410c00000, 0x0000000410c00000, 0x0000000411000000|  0%| F|  |TAMS 0x0000000410c00000, 0x0000000410c00000| Untracked 
|  64|0x0000000411000000, 0x0000000411000000, 0x0000000411400000|  0%| F|  |TAMS 0x0000000411000000, 0x0000000411000000| Untracked 
|  65|0x0000000411400000, 0x0000000411400000, 0x0000000411800000|  0%| F|  |TAMS 0x0000000411400000, 0x0000000411400000| Untracked 
|  66|0x0000000411800000, 0x0000000411800000, 0x0000000411c00000|  0%| F|  |TAMS 0x0000000411800000, 0x0000000411800000| Untracked 
|  67|0x0000000411c00000, 0x0000000411c00000, 0x0000000412000000|  0%| F|  |TAMS 0x0000000411c00000, 0x0000000411c00000| Untracked 
|  68|0x0000000412000000, 0x0000000412000000, 0x0000000412400000|  0%| F|  |TAMS 0x0000000412000000, 0x0000000412000000| Untracked 
|  69|0x0000000412400000, 0x0000000412400000, 0x0000000412800000|  0%| F|  |TAMS 0x0000000412400000, 0x0000000412400000| Untracked 
|  70|0x0000000412800000, 0x0000000412800000, 0x0000000412c00000|  0%| F|  |TAMS 0x0000000412800000, 0x0000000412800000| Untracked 
|  71|0x0000000412c00000, 0x0000000412c00000, 0x0000000413000000|  0%| F|  |TAMS 0x0000000412c00000, 0x0000000412c00000| Untracked 
|  72|0x0000000413000000, 0x0000000413000000, 0x0000000413400000|  0%| F|  |TAMS 0x0000000413000000, 0x0000000413000000| Untracked 
|  73|0x0000000413400000, 0x0000000413400000, 0x0000000413800000|  0%| F|  |TAMS 0x0000000413400000, 0x0000000413400000| Untracked 
|  74|0x0000000413800000, 0x0000000413800000, 0x0000000413c00000|  0%| F|  |TAMS 0x0000000413800000, 0x0000000413800000| Untracked 
|  75|0x0000000413c00000, 0x0000000413c00000, 0x0000000414000000|  0%| F|  |TAMS 0x0000000413c00000, 0x0000000413c00000| Untracked 
|  76|0x0000000414000000, 0x0000000414000000, 0x0000000414400000|  0%| F|  |TAMS 0x0000000414000000, 0x0000000414000000| Untracked 
|  77|0x0000000414400000, 0x0000000414400000, 0x0000000414800000|  0%| F|  |TAMS 0x0000000414400000, 0x0000000414400000| Untracked 
|  78|0x0000000414800000, 0x0000000414800000, 0x0000000414c00000|  0%| F|  |TAMS 0x0000000414800000, 0x0000000414800000| Untracked 
|  79|0x0000000414c00000, 0x0000000414c00000, 0x0000000415000000|  0%| F|  |TAMS 0x0000000414c00000, 0x0000000414c00000| Untracked 
|  80|0x0000000415000000, 0x0000000415000000, 0x0000000415400000|  0%| F|  |TAMS 0x0000000415000000, 0x0000000415000000| Untracked 
|  81|0x0000000415400000, 0x0000000415400000, 0x0000000415800000|  0%| F|  |TAMS 0x0000000415400000, 0x0000000415400000| Untracked 
|  82|0x0000000415800000, 0x0000000415800000, 0x0000000415c00000|  0%| F|  |TAMS 0x0000000415800000, 0x0000000415800000| Untracked 
|  83|0x0000000415c00000, 0x0000000415c00000, 0x0000000416000000|  0%| F|  |TAMS 0x0000000415c00000, 0x0000000415c00000| Untracked 
|  84|0x0000000416000000, 0x0000000416000000, 0x0000000416400000|  0%| F|  |TAMS 0x0000000416000000, 0x0000000416000000| Untracked 
|  85|0x0000000416400000, 0x0000000416400000, 0x0000000416800000|  0%| F|  |TAMS 0x0000000416400000, 0x0000000416400000| Untracked 
|  86|0x0000000416800000, 0x0000000416800000, 0x0000000416c00000|  0%| F|  |TAMS 0x0000000416800000, 0x0000000416800000| Untracked 
|  87|0x0000000416c00000, 0x0000000416c00000, 0x0000000417000000|  0%| F|  |TAMS 0x0000000416c00000, 0x0000000416c00000| Untracked 
|  88|0x0000000417000000, 0x0000000417000000, 0x0000000417400000|  0%| F|  |TAMS 0x0000000417000000, 0x0000000417000000| Untracked 
|  89|0x0000000417400000, 0x0000000417400000, 0x0000000417800000|  0%| F|  |TAMS 0x0000000417400000, 0x0000000417400000| Untracked 
|  90|0x0000000417800000, 0x0000000417800000, 0x0000000417c00000|  0%| F|  |TAMS 0x0000000417800000, 0x0000000417800000| Untracked 
|  91|0x0000000417c00000, 0x0000000417c00000, 0x0000000418000000|  0%| F|  |TAMS 0x0000000417c00000, 0x0000000417c00000| Untracked 
|  92|0x0000000418000000, 0x0000000418000000, 0x0000000418400000|  0%| F|  |TAMS 0x0000000418000000, 0x0000000418000000| Untracked 
|  93|0x0000000418400000, 0x0000000418400000, 0x0000000418800000|  0%| F|  |TAMS 0x0000000418400000, 0x0000000418400000| Untracked 
|  94|0x0000000418800000, 0x0000000418800000, 0x0000000418c00000|  0%| F|  |TAMS 0x0000000418800000, 0x0000000418800000| Untracked 
|  95|0x0000000418c00000, 0x0000000418c00000, 0x0000000419000000|  0%| F|  |TAMS 0x0000000418c00000, 0x0000000418c00000| Untracked 
|  96|0x0000000419000000, 0x0000000419000000, 0x0000000419400000|  0%| F|  |TAMS 0x0000000419000000, 0x0000000419000000| Untracked 
|  97|0x0000000419400000, 0x0000000419400000, 0x0000000419800000|  0%| F|  |TAMS 0x0000000419400000, 0x0000000419400000| Untracked 
|  98|0x0000000419800000, 0x0000000419800000, 0x0000000419c00000|  0%| F|  |TAMS 0x0000000419800000, 0x0000000419800000| Untracked 
|  99|0x0000000419c00000, 0x0000000419c00000, 0x000000041a000000|  0%| F|  |TAMS 0x0000000419c00000, 0x0000000419c00000| Untracked 
| 100|0x000000041a000000, 0x000000041a000000, 0x000000041a400000|  0%| F|  |TAMS 0x000000041a000000, 0x000000041a000000| Untracked 
| 101|0x000000041a400000, 0x000000041a400000, 0x000000041a800000|  0%| F|  |TAMS 0x000000041a400000, 0x000000041a400000| Untracked 
| 102|0x000000041a800000, 0x000000041a800000, 0x000000041ac00000|  0%| F|  |TAMS 0x000000041a800000, 0x000000041a800000| Untracked 
| 103|0x000000041ac00000, 0x000000041ac00000, 0x000000041b000000|  0%| F|  |TAMS 0x000000041ac00000, 0x000000041ac00000| Untracked 
| 104|0x000000041b000000, 0x000000041b000000, 0x000000041b400000|  0%| F|  |TAMS 0x000000041b000000, 0x000000041b000000| Untracked 
| 105|0x000000041b400000, 0x000000041b400000, 0x000000041b800000|  0%| F|  |TAMS 0x000000041b400000, 0x000000041b400000| Untracked 
| 106|0x000000041b800000, 0x000000041b800000, 0x000000041bc00000|  0%| F|  |TAMS 0x000000041b800000, 0x000000041b800000| Untracked 
| 107|0x000000041bc00000, 0x000000041bc00000, 0x000000041c000000|  0%| F|  |TAMS 0x000000041bc00000, 0x000000041bc00000| Untracked 
| 108|0x000000041c000000, 0x000000041c000000, 0x000000041c400000|  0%| F|  |TAMS 0x000000041c000000, 0x000000041c000000| Untracked 
| 109|0x000000041c400000, 0x000000041c400000, 0x000000041c800000|  0%| F|  |TAMS 0x000000041c400000, 0x000000041c400000| Untracked 
| 110|0x000000041c800000, 0x000000041c800000, 0x000000041cc00000|  0%| F|  |TAMS 0x000000041c800000, 0x000000041c800000| Untracked 
| 111|0x000000041cc00000, 0x000000041cc00000, 0x000000041d000000|  0%| F|  |TAMS 0x000000041cc00000, 0x000000041cc00000| Untracked 
| 112|0x000000041d000000, 0x000000041d000000, 0x000000041d400000|  0%| F|  |TAMS 0x000000041d000000, 0x000000041d000000| Untracked 
| 113|0x000000041d400000, 0x000000041d400000, 0x000000041d800000|  0%| F|  |TAMS 0x000000041d400000, 0x000000041d400000| Untracked 
| 114|0x000000041d800000, 0x000000041d800000, 0x000000041dc00000|  0%| F|  |TAMS 0x000000041d800000, 0x000000041d800000| Untracked 
| 115|0x000000041dc00000, 0x000000041dc00000, 0x000000041e000000|  0%| F|  |TAMS 0x000000041dc00000, 0x000000041dc00000| Untracked 
| 116|0x000000041e000000, 0x000000041e000000, 0x000000041e400000|  0%| F|  |TAMS 0x000000041e000000, 0x000000041e000000| Untracked 
| 117|0x000000041e400000, 0x000000041e400000, 0x000000041e800000|  0%| F|  |TAMS 0x000000041e400000, 0x000000041e400000| Untracked 
| 118|0x000000041e800000, 0x000000041e800000, 0x000000041ec00000|  0%| F|  |TAMS 0x000000041e800000, 0x000000041e800000| Untracked 
| 119|0x000000041ec00000, 0x000000041ec00000, 0x000000041f000000|  0%| F|  |TAMS 0x000000041ec00000, 0x000000041ec00000| Untracked 
| 120|0x000000041f000000, 0x000000041f000000, 0x000000041f400000|  0%| F|  |TAMS 0x000000041f000000, 0x000000041f000000| Untracked 
| 121|0x000000041f400000, 0x000000041f400000, 0x000000041f800000|  0%| F|  |TAMS 0x000000041f400000, 0x000000041f400000| Untracked 
| 122|0x000000041f800000, 0x000000041f800000, 0x000000041fc00000|  0%| F|  |TAMS 0x000000041f800000, 0x000000041f800000| Untracked 
| 123|0x000000041fc00000, 0x000000041fc00000, 0x0000000420000000|  0%| F|  |TAMS 0x000000041fc00000, 0x000000041fc00000| Untracked 
| 124|0x0000000420000000, 0x0000000420000000, 0x0000000420400000|  0%| F|  |TAMS 0x0000000420000000, 0x0000000420000000| Untracked 
| 125|0x0000000420400000, 0x0000000420400000, 0x0000000420800000|  0%| F|  |TAMS 0x0000000420400000, 0x0000000420400000| Untracked 
| 126|0x0000000420800000, 0x0000000420800000, 0x0000000420c00000|  0%| F|  |TAMS 0x0000000420800000, 0x0000000420800000| Untracked 
| 127|0x0000000420c00000, 0x0000000420c00000, 0x0000000421000000|  0%| F|  |TAMS 0x0000000420c00000, 0x0000000420c00000| Untracked 
| 128|0x0000000421000000, 0x0000000421000000, 0x0000000421400000|  0%| F|  |TAMS 0x0000000421000000, 0x0000000421000000| Untracked 
| 129|0x0000000421400000, 0x0000000421400000, 0x0000000421800000|  0%| F|  |TAMS 0x0000000421400000, 0x0000000421400000| Untracked 
| 130|0x0000000421800000, 0x0000000421800000, 0x0000000421c00000|  0%| F|  |TAMS 0x0000000421800000, 0x0000000421800000| Untracked 
| 131|0x0000000421c00000, 0x0000000421c00000, 0x0000000422000000|  0%| F|  |TAMS 0x0000000421c00000, 0x0000000421c00000| Untracked 
| 132|0x0000000422000000, 0x0000000422000000, 0x0000000422400000|  0%| F|  |TAMS 0x0000000422000000, 0x0000000422000000| Untracked 
| 133|0x0000000422400000, 0x0000000422400000, 0x0000000422800000|  0%| F|  |TAMS 0x0000000422400000, 0x0000000422400000| Untracked 
| 134|0x0000000422800000, 0x0000000422800000, 0x0000000422c00000|  0%| F|  |TAMS 0x0000000422800000, 0x0000000422800000| Untracked 
| 135|0x0000000422c00000, 0x0000000422c00000, 0x0000000423000000|  0%| F|  |TAMS 0x0000000422c00000, 0x0000000422c00000| Untracked 
| 136|0x0000000423000000, 0x0000000423000000, 0x0000000423400000|  0%| F|  |TAMS 0x0000000423000000, 0x0000000423000000| Untracked 
| 137|0x0000000423400000, 0x0000000423400000, 0x0000000423800000|  0%| F|  |TAMS 0x0000000423400000, 0x0000000423400000| Untracked 
| 138|0x0000000423800000, 0x0000000423800000, 0x0000000423c00000|  0%| F|  |TAMS 0x0000000423800000, 0x0000000423800000| Untracked 
| 139|0x0000000423c00000, 0x0000000423c00000, 0x0000000424000000|  0%| F|  |TAMS 0x0000000423c00000, 0x0000000423c00000| Untracked 
| 140|0x0000000424000000, 0x0000000424000000, 0x0000000424400000|  0%| F|  |TAMS 0x0000000424000000, 0x0000000424000000| Untracked 
| 141|0x0000000424400000, 0x0000000424400000, 0x0000000424800000|  0%| F|  |TAMS 0x0000000424400000, 0x0000000424400000| Untracked 
| 142|0x0000000424800000, 0x0000000424800000, 0x0000000424c00000|  0%| F|  |TAMS 0x0000000424800000, 0x0000000424800000| Untracked 
| 143|0x0000000424c00000, 0x0000000424c00000, 0x0000000425000000|  0%| F|  |TAMS 0x0000000424c00000, 0x0000000424c00000| Untracked 
| 144|0x0000000425000000, 0x0000000425000000, 0x0000000425400000|  0%| F|  |TAMS 0x0000000425000000, 0x0000000425000000| Untracked 
| 145|0x0000000425400000, 0x0000000425400000, 0x0000000425800000|  0%| F|  |TAMS 0x0000000425400000, 0x0000000425400000| Untracked 
| 146|0x0000000425800000, 0x0000000425800000, 0x0000000425c00000|  0%| F|  |TAMS 0x0000000425800000, 0x0000000425800000| Untracked 
| 147|0x0000000425c00000, 0x0000000425c00000, 0x0000000426000000|  0%| F|  |TAMS 0x0000000425c00000, 0x0000000425c00000| Untracked 
| 148|0x0000000426000000, 0x0000000426000000, 0x0000000426400000|  0%| F|  |TAMS 0x0000000426000000, 0x0000000426000000| Untracked 
| 149|0x0000000426400000, 0x0000000426400000, 0x0000000426800000|  0%| F|  |TAMS 0x0000000426400000, 0x0000000426400000| Untracked 
| 150|0x0000000426800000, 0x0000000426800000, 0x0000000426c00000|  0%| F|  |TAMS 0x0000000426800000, 0x0000000426800000| Untracked 
| 151|0x0000000426c00000, 0x0000000426c00000, 0x0000000427000000|  0%| F|  |TAMS 0x0000000426c00000, 0x0000000426c00000| Untracked 
| 152|0x0000000427000000, 0x0000000427000000, 0x0000000427400000|  0%| F|  |TAMS 0x0000000427000000, 0x0000000427000000| Untracked 
| 153|0x0000000427400000, 0x0000000427400000, 0x0000000427800000|  0%| F|  |TAMS 0x0000000427400000, 0x0000000427400000| Untracked 
| 154|0x0000000427800000, 0x0000000427800000, 0x0000000427c00000|  0%| F|  |TAMS 0x0000000427800000, 0x0000000427800000| Untracked 
| 155|0x0000000427c00000, 0x0000000427c00000, 0x0000000428000000|  0%| F|  |TAMS 0x0000000427c00000, 0x0000000427c00000| Untracked 
| 156|0x0000000428000000, 0x0000000428000000, 0x0000000428400000|  0%| F|  |TAMS 0x0000000428000000, 0x0000000428000000| Untracked 
| 157|0x0000000428400000, 0x0000000428400000, 0x0000000428800000|  0%| F|  |TAMS 0x0000000428400000, 0x0000000428400000| Untracked 
| 158|0x0000000428800000, 0x0000000428800000, 0x0000000428c00000|  0%| F|  |TAMS 0x0000000428800000, 0x0000000428800000| Untracked 
| 159|0x0000000428c00000, 0x0000000428c00000, 0x0000000429000000|  0%| F|  |TAMS 0x0000000428c00000, 0x0000000428c00000| Untracked 
| 160|0x0000000429000000, 0x0000000429000000, 0x0000000429400000|  0%| F|  |TAMS 0x0000000429000000, 0x0000000429000000| Untracked 
| 161|0x0000000429400000, 0x0000000429400000, 0x0000000429800000|  0%| F|  |TAMS 0x0000000429400000, 0x0000000429400000| Untracked 
| 162|0x0000000429800000, 0x0000000429800000, 0x0000000429c00000|  0%| F|  |TAMS 0x0000000429800000, 0x0000000429800000| Untracked 
| 163|0x0000000429c00000, 0x0000000429c00000, 0x000000042a000000|  0%| F|  |TAMS 0x0000000429c00000, 0x0000000429c00000| Untracked 
| 164|0x000000042a000000, 0x000000042a000000, 0x000000042a400000|  0%| F|  |TAMS 0x000000042a000000, 0x000000042a000000| Untracked 
| 165|0x000000042a400000, 0x000000042a400000, 0x000000042a800000|  0%| F|  |TAMS 0x000000042a400000, 0x000000042a400000| Untracked 
| 166|0x000000042a800000, 0x000000042a800000, 0x000000042ac00000|  0%| F|  |TAMS 0x000000042a800000, 0x000000042a800000| Untracked 
| 167|0x000000042ac00000, 0x000000042ac00000, 0x000000042b000000|  0%| F|  |TAMS 0x000000042ac00000, 0x000000042ac00000| Untracked 
| 168|0x000000042b000000, 0x000000042b000000, 0x000000042b400000|  0%| F|  |TAMS 0x000000042b000000, 0x000000042b000000| Untracked 
| 169|0x000000042b400000, 0x000000042b400000, 0x000000042b800000|  0%| F|  |TAMS 0x000000042b400000, 0x000000042b400000| Untracked 
| 170|0x000000042b800000, 0x000000042b800000, 0x000000042bc00000|  0%| F|  |TAMS 0x000000042b800000, 0x000000042b800000| Untracked 
| 171|0x000000042bc00000, 0x000000042bc00000, 0x000000042c000000|  0%| F|  |TAMS 0x000000042bc00000, 0x000000042bc00000| Untracked 
| 172|0x000000042c000000, 0x000000042c000000, 0x000000042c400000|  0%| F|  |TAMS 0x000000042c000000, 0x000000042c000000| Untracked 
| 173|0x000000042c400000, 0x000000042c400000, 0x000000042c800000|  0%| F|  |TAMS 0x000000042c400000, 0x000000042c400000| Untracked 
| 174|0x000000042c800000, 0x000000042c800000, 0x000000042cc00000|  0%| F|  |TAMS 0x000000042c800000, 0x000000042c800000| Untracked 
| 175|0x000000042cc00000, 0x000000042cc00000, 0x000000042d000000|  0%| F|  |TAMS 0x000000042cc00000, 0x000000042cc00000| Untracked 
| 176|0x000000042d000000, 0x000000042d000000, 0x000000042d400000|  0%| F|  |TAMS 0x000000042d000000, 0x000000042d000000| Untracked 
| 177|0x000000042d400000, 0x000000042d400000, 0x000000042d800000|  0%| F|  |TAMS 0x000000042d400000, 0x000000042d400000| Untracked 
| 178|0x000000042d800000, 0x000000042d800000, 0x000000042dc00000|  0%| F|  |TAMS 0x000000042d800000, 0x000000042d800000| Untracked 
| 179|0x000000042dc00000, 0x000000042dc00000, 0x000000042e000000|  0%| F|  |TAMS 0x000000042dc00000, 0x000000042dc00000| Untracked 
| 180|0x000000042e000000, 0x000000042e000000, 0x000000042e400000|  0%| F|  |TAMS 0x000000042e000000, 0x000000042e000000| Untracked 
| 181|0x000000042e400000, 0x000000042e400000, 0x000000042e800000|  0%| F|  |TAMS 0x000000042e400000, 0x000000042e400000| Untracked 
| 182|0x000000042e800000, 0x000000042e800000, 0x000000042ec00000|  0%| F|  |TAMS 0x000000042e800000, 0x000000042e800000| Untracked 
| 183|0x000000042ec00000, 0x000000042ec00000, 0x000000042f000000|  0%| F|  |TAMS 0x000000042ec00000, 0x000000042ec00000| Untracked 
| 184|0x000000042f000000, 0x000000042f000000, 0x000000042f400000|  0%| F|  |TAMS 0x000000042f000000, 0x000000042f000000| Untracked 
| 185|0x000000042f400000, 0x000000042f400000, 0x000000042f800000|  0%| F|  |TAMS 0x000000042f400000, 0x000000042f400000| Untracked 
| 186|0x000000042f800000, 0x000000042f800000, 0x000000042fc00000|  0%| F|  |TAMS 0x000000042f800000, 0x000000042f800000| Untracked 
| 187|0x000000042fc00000, 0x000000042fc00000, 0x0000000430000000|  0%| F|  |TAMS 0x000000042fc00000, 0x000000042fc00000| Untracked 
| 188|0x0000000430000000, 0x0000000430000000, 0x0000000430400000|  0%| F|  |TAMS 0x0000000430000000, 0x0000000430000000| Untracked 
| 189|0x0000000430400000, 0x0000000430400000, 0x0000000430800000|  0%| F|  |TAMS 0x0000000430400000, 0x0000000430400000| Untracked 
| 190|0x0000000430800000, 0x0000000430800000, 0x0000000430c00000|  0%| F|  |TAMS 0x0000000430800000, 0x0000000430800000| Untracked 
| 191|0x0000000430c00000, 0x0000000430c00000, 0x0000000431000000|  0%| F|  |TAMS 0x0000000430c00000, 0x0000000430c00000| Untracked 
| 192|0x0000000431000000, 0x0000000431000000, 0x0000000431400000|  0%| F|  |TAMS 0x0000000431000000, 0x0000000431000000| Untracked 
| 193|0x0000000431400000, 0x0000000431400000, 0x0000000431800000|  0%| F|  |TAMS 0x0000000431400000, 0x0000000431400000| Untracked 
| 194|0x0000000431800000, 0x0000000431800000, 0x0000000431c00000|  0%| F|  |TAMS 0x0000000431800000, 0x0000000431800000| Untracked 
| 195|0x0000000431c00000, 0x0000000431c00000, 0x0000000432000000|  0%| F|  |TAMS 0x0000000431c00000, 0x0000000431c00000| Untracked 
| 196|0x0000000432000000, 0x0000000432000000, 0x0000000432400000|  0%| F|  |TAMS 0x0000000432000000, 0x0000000432000000| Untracked 
| 197|0x0000000432400000, 0x0000000432400000, 0x0000000432800000|  0%| F|  |TAMS 0x0000000432400000, 0x0000000432400000| Untracked 
| 198|0x0000000432800000, 0x0000000432800000, 0x0000000432c00000|  0%| F|  |TAMS 0x0000000432800000, 0x0000000432800000| Untracked 
| 199|0x0000000432c00000, 0x0000000432c00000, 0x0000000433000000|  0%| F|  |TAMS 0x0000000432c00000, 0x0000000432c00000| Untracked 
| 200|0x0000000433000000, 0x0000000433000000, 0x0000000433400000|  0%| F|  |TAMS 0x0000000433000000, 0x0000000433000000| Untracked 
| 201|0x0000000433400000, 0x0000000433400000, 0x0000000433800000|  0%| F|  |TAMS 0x0000000433400000, 0x0000000433400000| Untracked 
| 202|0x0000000433800000, 0x0000000433800000, 0x0000000433c00000|  0%| F|  |TAMS 0x0000000433800000, 0x0000000433800000| Untracked 
| 203|0x0000000433c00000, 0x0000000433c00000, 0x0000000434000000|  0%| F|  |TAMS 0x0000000433c00000, 0x0000000433c00000| Untracked 
| 204|0x0000000434000000, 0x0000000434000000, 0x0000000434400000|  0%| F|  |TAMS 0x0000000434000000, 0x0000000434000000| Untracked 
| 205|0x0000000434400000, 0x0000000434400000, 0x0000000434800000|  0%| F|  |TAMS 0x0000000434400000, 0x0000000434400000| Untracked 
| 206|0x0000000434800000, 0x0000000434800000, 0x0000000434c00000|  0%| F|  |TAMS 0x0000000434800000, 0x0000000434800000| Untracked 
| 207|0x0000000434c00000, 0x0000000434c00000, 0x0000000435000000|  0%| F|  |TAMS 0x0000000434c00000, 0x0000000434c00000| Untracked 
| 208|0x0000000435000000, 0x0000000435000000, 0x0000000435400000|  0%| F|  |TAMS 0x0000000435000000, 0x0000000435000000| Untracked 
| 209|0x0000000435400000, 0x0000000435400000, 0x0000000435800000|  0%| F|  |TAMS 0x0000000435400000, 0x0000000435400000| Untracked 
| 210|0x0000000435800000, 0x0000000435800000, 0x0000000435c00000|  0%| F|  |TAMS 0x0000000435800000, 0x0000000435800000| Untracked 
| 211|0x0000000435c00000, 0x0000000435c00000, 0x0000000436000000|  0%| F|  |TAMS 0x0000000435c00000, 0x0000000435c00000| Untracked 
| 212|0x0000000436000000, 0x0000000436000000, 0x0000000436400000|  0%| F|  |TAMS 0x0000000436000000, 0x0000000436000000| Untracked 
| 213|0x0000000436400000, 0x0000000436400000, 0x0000000436800000|  0%| F|  |TAMS 0x0000000436400000, 0x0000000436400000| Untracked 
| 214|0x0000000436800000, 0x0000000436800000, 0x0000000436c00000|  0%| F|  |TAMS 0x0000000436800000, 0x0000000436800000| Untracked 
| 215|0x0000000436c00000, 0x0000000436c00000, 0x0000000437000000|  0%| F|  |TAMS 0x0000000436c00000, 0x0000000436c00000| Untracked 
| 216|0x0000000437000000, 0x0000000437000000, 0x0000000437400000|  0%| F|  |TAMS 0x0000000437000000, 0x0000000437000000| Untracked 
| 217|0x0000000437400000, 0x0000000437400000, 0x0000000437800000|  0%| F|  |TAMS 0x0000000437400000, 0x0000000437400000| Untracked 
| 218|0x0000000437800000, 0x0000000437800000, 0x0000000437c00000|  0%| F|  |TAMS 0x0000000437800000, 0x0000000437800000| Untracked 
| 219|0x0000000437c00000, 0x0000000437c00000, 0x0000000438000000|  0%| F|  |TAMS 0x0000000437c00000, 0x0000000437c00000| Untracked 
| 220|0x0000000438000000, 0x0000000438000000, 0x0000000438400000|  0%| F|  |TAMS 0x0000000438000000, 0x0000000438000000| Untracked 
| 221|0x0000000438400000, 0x0000000438400000, 0x0000000438800000|  0%| F|  |TAMS 0x0000000438400000, 0x0000000438400000| Untracked 
| 222|0x0000000438800000, 0x0000000438800000, 0x0000000438c00000|  0%| F|  |TAMS 0x0000000438800000, 0x0000000438800000| Untracked 
| 223|0x0000000438c00000, 0x0000000438c00000, 0x0000000439000000|  0%| F|  |TAMS 0x0000000438c00000, 0x0000000438c00000| Untracked 
| 224|0x0000000439000000, 0x0000000439000000, 0x0000000439400000|  0%| F|  |TAMS 0x0000000439000000, 0x0000000439000000| Untracked 
| 225|0x0000000439400000, 0x0000000439400000, 0x0000000439800000|  0%| F|  |TAMS 0x0000000439400000, 0x0000000439400000| Untracked 
| 226|0x0000000439800000, 0x0000000439800000, 0x0000000439c00000|  0%| F|  |TAMS 0x0000000439800000, 0x0000000439800000| Untracked 
| 227|0x0000000439c00000, 0x0000000439c00000, 0x000000043a000000|  0%| F|  |TAMS 0x0000000439c00000, 0x0000000439c00000| Untracked 
| 228|0x000000043a000000, 0x000000043a000000, 0x000000043a400000|  0%| F|  |TAMS 0x000000043a000000, 0x000000043a000000| Untracked 
| 229|0x000000043a400000, 0x000000043a400000, 0x000000043a800000|  0%| F|  |TAMS 0x000000043a400000, 0x000000043a400000| Untracked 
| 230|0x000000043a800000, 0x000000043a800000, 0x000000043ac00000|  0%| F|  |TAMS 0x000000043a800000, 0x000000043a800000| Untracked 
| 231|0x000000043ac00000, 0x000000043ac00000, 0x000000043b000000|  0%| F|  |TAMS 0x000000043ac00000, 0x000000043ac00000| Untracked 
| 232|0x000000043b000000, 0x000000043b000000, 0x000000043b400000|  0%| F|  |TAMS 0x000000043b000000, 0x000000043b000000| Untracked 
| 233|0x000000043b400000, 0x000000043b400000, 0x000000043b800000|  0%| F|  |TAMS 0x000000043b400000, 0x000000043b400000| Untracked 
| 234|0x000000043b800000, 0x000000043b800000, 0x000000043bc00000|  0%| F|  |TAMS 0x000000043b800000, 0x000000043b800000| Untracked 
| 235|0x000000043bc00000, 0x000000043bc00000, 0x000000043c000000|  0%| F|  |TAMS 0x000000043bc00000, 0x000000043bc00000| Untracked 
| 236|0x000000043c000000, 0x000000043c000000, 0x000000043c400000|  0%| F|  |TAMS 0x000000043c000000, 0x000000043c000000| Untracked 
| 237|0x000000043c400000, 0x000000043c400000, 0x000000043c800000|  0%| F|  |TAMS 0x000000043c400000, 0x000000043c400000| Untracked 
| 238|0x000000043c800000, 0x000000043c800000, 0x000000043cc00000|  0%| F|  |TAMS 0x000000043c800000, 0x000000043c800000| Untracked 
| 239|0x000000043cc00000, 0x000000043cc00000, 0x000000043d000000|  0%| F|  |TAMS 0x000000043cc00000, 0x000000043cc00000| Untracked 
| 240|0x000000043d000000, 0x000000043d000000, 0x000000043d400000|  0%| F|  |TAMS 0x000000043d000000, 0x000000043d000000| Untracked 
| 241|0x000000043d400000, 0x000000043d400000, 0x000000043d800000|  0%| F|  |TAMS 0x000000043d400000, 0x000000043d400000| Untracked 
| 242|0x000000043d800000, 0x000000043d800000, 0x000000043dc00000|  0%| F|  |TAMS 0x000000043d800000, 0x000000043d800000| Untracked 
| 243|0x000000043dc00000, 0x000000043dc00000, 0x000000043e000000|  0%| F|  |TAMS 0x000000043dc00000, 0x000000043dc00000| Untracked 
| 244|0x000000043e000000, 0x000000043e000000, 0x000000043e400000|  0%| F|  |TAMS 0x000000043e000000, 0x000000043e000000| Untracked 
| 245|0x000000043e400000, 0x000000043e400000, 0x000000043e800000|  0%| F|  |TAMS 0x000000043e400000, 0x000000043e400000| Untracked 
| 246|0x000000043e800000, 0x000000043e800000, 0x000000043ec00000|  0%| F|  |TAMS 0x000000043e800000, 0x000000043e800000| Untracked 
| 247|0x000000043ec00000, 0x000000043ec00000, 0x000000043f000000|  0%| F|  |TAMS 0x000000043ec00000, 0x000000043ec00000| Untracked 
| 248|0x000000043f000000, 0x000000043f000000, 0x000000043f400000|  0%| F|  |TAMS 0x000000043f000000, 0x000000043f000000| Untracked 
| 249|0x000000043f400000, 0x000000043f4f6440, 0x000000043f800000| 24%| E|  |TAMS 0x000000043f400000, 0x000000043f400000| Complete 
| 250|0x000000043f800000, 0x000000043fc00000, 0x000000043fc00000|100%| E|CS|TAMS 0x000000043f800000, 0x000000043f800000| Complete 
| 251|0x000000043fc00000, 0x0000000440000000, 0x0000000440000000|100%| E|CS|TAMS 0x000000043fc00000, 0x000000043fc00000| Complete 
| 252|0x0000000440000000, 0x0000000440400000, 0x0000000440400000|100%| E|CS|TAMS 0x0000000440000000, 0x0000000440000000| Complete 
| 253|0x0000000440400000, 0x0000000440800000, 0x0000000440800000|100%| E|CS|TAMS 0x0000000440400000, 0x0000000440400000| Complete 
| 254|0x0000000440800000, 0x0000000440c00000, 0x0000000440c00000|100%| E|CS|TAMS 0x0000000440800000, 0x0000000440800000| Complete 
| 255|0x0000000440c00000, 0x0000000441000000, 0x0000000441000000|100%| E|CS|TAMS 0x0000000440c00000, 0x0000000440c00000| Complete 

Card table byte_map: [0x0000022747da0000,0x0000022749da0000] _byte_map_base: 0x0000022745d98000

Marking Bits (Prev, Next): (CMBitMap*) 0x000002272c18ecf8, (CMBitMap*) 0x000002272c18ed38
 Prev Bits: [0x000002274bda0000, 0x000002275bd60000)
 Next Bits: [0x000002275bd60000, 0x000002276bd20000)

Polling page: 0x000002272da80000

Metaspace:

Usage:
  Non-class:      6.55 MB capacity,     5.31 MB ( 81%) used,     1.21 MB ( 18%) free+waste,    24.50 KB ( <1%) overhead. 
      Class:    844.00 KB capacity,   620.96 KB ( 74%) used,   210.04 KB ( 25%) free+waste,    13.00 KB (  2%) overhead. 
       Both:      7.37 MB capacity,     5.92 MB ( 80%) used,     1.42 MB ( 19%) free+waste,    37.50 KB ( <1%) overhead. 

Virtual space:
  Non-class space:        8.00 MB reserved,       6.75 MB ( 84%) committed 
      Class space:        1.00 GB reserved,     896.00 KB ( <1%) committed 
             Both:        1.01 GB reserved,       7.63 MB ( <1%) committed 

Chunk freelists:
   Non-Class:  2.00 KB
       Class:  0 bytes
        Both:  2.00 KB

CodeHeap 'non-profiled nmethods': size=119168Kb used=623Kb max_used=623Kb free=118544Kb
 bounds [0x000002273d970000, 0x000002273dbe0000, 0x0000022744dd0000]
CodeHeap 'profiled nmethods': size=119168Kb used=3280Kb max_used=3280Kb free=115888Kb
 bounds [0x0000022736510000, 0x0000022736850000, 0x000002273d970000]
CodeHeap 'non-nmethods': size=7424Kb used=2824Kb max_used=2858Kb free=4600Kb
 bounds [0x0000022735dd0000, 0x00000227360a0000, 0x0000022736510000]
 total_blobs=2297 nmethods=1547 adapters=358
 compilation: enabled
              stopped_count=0, restarted_count=0
 full_count=0

Compilation events (10 events):
Event: 3.940 Thread 0x000002276ef0d000 1543       3       org.terrier.terms.StemmerTermPipeline::reset (21 bytes)
Event: 3.940 Thread 0x000002276eee5800 1544       3       org.terrier.structures.indexing.DocumentPostingList::makePostingIterator (11 bytes)
Event: 3.940 Thread 0x000002276f467000 nmethod 1540 0x000002273683d090 code [0x000002273683d260, 0x000002273683d618]
Event: 3.940 Thread 0x000002276ef0d000 nmethod 1543 0x000002273683d790 code [0x000002273683d960, 0x000002273683dc10]
Event: 3.940 Thread 0x000002276eee5800 nmethod 1544 0x000002273683dd10 code [0x000002273683dee0, 0x000002273683e318]
Event: 3.942 Thread 0x000002276f054000 nmethod 1534 0x000002273683e490 code [0x000002273683ea80, 0x0000022736841e00]
Event: 3.942 Thread 0x000002276f467000 1546       3       java.lang.Class::getComponentType (14 bytes)
Event: 3.942 Thread 0x000002276f467000 nmethod 1546 0x0000022736842e10 code [0x0000022736842fe0, 0x0000022736843210]
Event: 3.942 Thread 0x000002276ef0d000 1547       3       java.lang.AbstractStringBuilder::setLength (66 bytes)
Event: 3.942 Thread 0x000002276ef0d000 nmethod 1547 0x0000022736843290 code [0x00000227368434e0, 0x0000022736843ce0]

GC Heap History (0 events):
No events

Deoptimization events (9 events):
Event: 0.081 Thread 0x0000022703270800 Uncommon trap: reason=unstable_if action=reinterpret pc=0x000002273d977ab8 method=java.util.zip.ZipFile$Source.isMetaName([BII)Z @ 43 c2
Event: 0.113 Thread 0x0000022703270800 Uncommon trap: reason=unstable_if action=reinterpret pc=0x000002273d974c84 method=java.lang.String.hashCode()I @ 14 c2
Event: 0.161 Thread 0x0000022703270800 Uncommon trap: reason=unstable_if action=reinterpret pc=0x000002273d98bcac method=java.io.BufferedReader.read()I @ 19 c2
Event: 0.162 Thread 0x0000022703270800 Uncommon trap: reason=unstable_if action=reinterpret pc=0x000002273d98b640 method=java.io.BufferedReader.read()I @ 19 c2
Event: 0.189 Thread 0x0000022703270800 Uncommon trap: reason=unstable_if action=reinterpret pc=0x000002273d9804b0 method=java.lang.String.charAt(I)C @ 4 c2
Event: 3.400 Thread 0x0000022703270800 Uncommon trap: reason=unstable_if action=reinterpret pc=0x000002273d99e698 method=java.util.Arrays.fill([Ljava/lang/Object;Ljava/lang/Object;)V @ 7 c2
Event: 3.771 Thread 0x0000022703270800 Uncommon trap: reason=unstable_if action=reinterpret pc=0x000002273d9a362c method=java.util.concurrent.ConcurrentHashMap.get(Ljava/lang/Object;)Ljava/lang/Object; @ 76 c2
Event: 3.931 Thread 0x0000022703270800 Uncommon trap: reason=unstable_if action=reinterpret pc=0x000002273d9e899c method=org.terrier.terms.PorterStemmer.step4()V @ 130 c2
Event: 3.932 Thread 0x0000022703270800 Uncommon trap: reason=unstable_if action=reinterpret pc=0x000002273d9dfce8 method=org.terrier.terms.PorterStemmer.step1()V @ 42 c2

Classes redefined (0 events):
No events

Internal exceptions (10 events):
Event: 3.475 Thread 0x0000022703270800 Exception <a 'java/lang/NoSuchMethodError'{0x00000004400ec1f8}: java.lang.invoke.DirectMethodHandle$Holder.invokeStatic(Ljava/lang/Object;Ljava/lang/Object;Ljava/lang/Object;Ljava/lang/Object;Ljava/lang/Object;Ljava/lang/Object;Ljava/lang/Object;J)Ljava/l
Event: 3.482 Thread 0x0000022703270800 Exception <a 'java/lang/NoSuchMethodError'{0x000000044015fea8}: java.lang.invoke.DirectMethodHandle$Holder.invokeStatic(Ljava/lang/Object;Ljava/lang/Object;Ljava/lang/Object;Ljava/lang/Object;Ljava/lang/Object;Ljava/lang/Object;Ljava/lang/Object;Ljava/lan
Event: 3.500 Thread 0x0000022703270800 Exception <a 'java/lang/NoSuchMethodError'{0x000000044029b958}: java.lang.invoke.DirectMethodHandle$Holder.invokeStatic(Ljava/lang/Object;Ljava/lang/Object;Ljava/lang/Object;Ljava/lang/Object;Ljava/lang/Object;Ljava/lang/Object;Ljava/lang/Object;Ljava/lan
Event: 3.501 Thread 0x0000022703270800 Exception <a 'java/lang/NoSuchMethodError'{0x00000004402a7950}: java.lang.invoke.DirectMethodHandle$Holder.invokeStatic(Ljava/lang/Object;Ljava/lang/Object;Ljava/lang/Object;Ljava/lang/Object;Ljava/lang/Object;Ljava/lang/Object;Ljava/lang/Object;Ljava/lan
Event: 3.501 Thread 0x0000022703270800 Exception <a 'java/lang/NoSuchMethodError'{0x00000004402b3b68}: java.lang.invoke.DirectMethodHandle$Holder.invokeSpecial(Ljava/lang/Object;Ljava/lang/Object;JLjava/lang/Object;Ljava/lang/Object;Ljava/lang/Object;I)Ljava/lang/Object;> (0x00000004402b3b68) 
Event: 3.501 Thread 0x0000022703270800 Exception <a 'java/lang/NoSuchMethodError'{0x00000004402b6c50}: java.lang.invoke.DelegatingMethodHandle$Holder.reinvoke_L(Ljava/lang/Object;JLjava/lang/Object;Ljava/lang/Object;Ljava/lang/Object;I)Ljava/lang/Object;> (0x00000004402b6c50) thrown at [t:/wor
Event: 3.502 Thread 0x0000022703270800 Exception <a 'java/lang/NoSuchMethodError'{0x00000004402caae0}: java.lang.invoke.DirectMethodHandle$Holder.invokeStatic(Ljava/lang/Object;Ljava/lang/Object;Ljava/lang/Object;Ljava/lang/Object;Ljava/lang/Object;J)Ljava/lang/Object;> (0x00000004402caae0) th
Event: 3.503 Thread 0x0000022703270800 Exception <a 'java/lang/NoSuchMethodError'{0x00000004402e8178}: java.lang.invoke.DirectMethodHandle$Holder.invokeSpecial(Ljava/lang/Object;Ljava/lang/Object;Ljava/lang/Object;Ljava/lang/Object;Ljava/lang/Object;I)Ljava/lang/Object;> (0x00000004402e8178) t
Event: 3.513 Thread 0x0000022703270800 Exception <a 'java/lang/NoSuchMethodError'{0x0000000440362160}: java.lang.invoke.DirectMethodHandle$Holder.invokeStaticInit(Ljava/lang/Object;IIII)Ljava/lang/Object;> (0x0000000440362160) thrown at [t:/workspace/open/src/hotspot/share/interpreter/linkReso
Event: 3.704 Thread 0x0000022703270800 Exception <a 'java/lang/NoSuchMethodError'{0x000000044039c720}: java.lang.invoke.DirectMethodHandle$Holder.invokeStaticInit(Ljava/lang/Object;Ljava/lang/Object;IIII)Ljava/lang/Object;> (0x000000044039c720) thrown at [t:/workspace/open/src/hotspot/share/in

Events (10 events):
Event: 3.899 Thread 0x0000022779017800 Thread added: 0x0000022779017800
Event: 3.899 Thread 0x000002278491f000 Thread added: 0x000002278491f000
Event: 3.931 Thread 0x0000022703270800 Uncommon trap: trap_request=0xffffff4d fr.pc=0x000002273d9e899c relative=0x00000000000011fc
Event: 3.931 Thread 0x0000022703270800 DEOPT PACKING pc=0x000002273d9e899c sp=0x000000e9aafe9e30
Event: 3.931 Thread 0x0000022703270800 DEOPT UNPACKING pc=0x0000022735df9c2f sp=0x000000e9aafe9c88 mode 2
Event: 3.932 Thread 0x0000022703270800 Uncommon trap: trap_request=0xffffff4d fr.pc=0x000002273d9dfce8 relative=0x00000000000012e8
Event: 3.932 Thread 0x0000022703270800 DEOPT PACKING pc=0x000002273d9dfce8 sp=0x000000e9aafe9dd0
Event: 3.932 Thread 0x0000022703270800 DEOPT UNPACKING pc=0x0000022735df9c2f sp=0x000000e9aafe9c88 mode 2
Event: 3.941 Thread 0x0000022703270800 DEOPT PACKING pc=0x00000227367e9730 sp=0x000000e9aafe9c90
Event: 3.941 Thread 0x0000022703270800 DEOPT UNPACKING pc=0x0000022735df9a4e sp=0x000000e9aafe9130 mode 0


Dynamic libraries:
0x00007ff6593d0000 - 0x00007ff6593eb000 	c:\users\jncwi\appdata\local\programs\python\python37\python.exe
0x00007fff3eaf0000 - 0x00007fff3ece5000 	C:\WINDOWS\SYSTEM32\ntdll.dll
0x00007fff3de80000 - 0x00007fff3df3e000 	C:\WINDOWS\System32\KERNEL32.DLL
0x00007fff3c310000 - 0x00007fff3c5d8000 	C:\WINDOWS\System32\KERNELBASE.dll
0x00007fff3c630000 - 0x00007fff3c730000 	C:\WINDOWS\System32\ucrtbase.dll
0x00007fff1f6a0000 - 0x00007fff1f6b6000 	c:\users\jncwi\appdata\local\programs\python\python37\VCRUNTIME140.dll
0x00007ffe86440000 - 0x00007ffe86800000 	c:\users\jncwi\appdata\local\programs\python\python37\python37.dll
0x00007fff3cb50000 - 0x00007fff3cba5000 	C:\WINDOWS\System32\SHLWAPI.dll
0x00007fff3d5b0000 - 0x00007fff3d64e000 	C:\WINDOWS\System32\msvcrt.dll
0x00007fff3e7a0000 - 0x00007fff3e80b000 	C:\WINDOWS\System32\WS2_32.dll
0x00007fff35c00000 - 0x00007fff35c0a000 	C:\WINDOWS\SYSTEM32\VERSION.dll
0x00007fff3e660000 - 0x00007fff3e785000 	C:\WINDOWS\System32\RPCRT4.dll
0x00007fff3e070000 - 0x00007fff3e11e000 	C:\WINDOWS\System32\ADVAPI32.dll
0x00007fff3e5c0000 - 0x00007fff3e65c000 	C:\WINDOWS\System32\sechost.dll
0x00007fff3bbd0000 - 0x00007fff3bbe8000 	C:\WINDOWS\SYSTEM32\CRYPTSP.dll
0x00007fff3b2f0000 - 0x00007fff3b324000 	C:\WINDOWS\system32\rsaenh.dll
0x00007fff3cb20000 - 0x00007fff3cb47000 	C:\WINDOWS\System32\bcrypt.dll
0x00007fff3bbf0000 - 0x00007fff3bbfc000 	C:\WINDOWS\SYSTEM32\CRYPTBASE.dll
0x00007fff3c280000 - 0x00007fff3c302000 	C:\WINDOWS\System32\bcryptPrimitives.dll
0x00007fff223d0000 - 0x00007fff223df000 	c:\users\jncwi\appdata\local\programs\python\python37\python3.dll
0x00007fff1f620000 - 0x00007fff1f638000 	c:\users\jncwi\appdata\local\programs\python\python37\DLLs\_bz2.pyd
0x00007fff1c5c0000 - 0x00007fff1c601000 	c:\users\jncwi\appdata\local\programs\python\python37\DLLs\_lzma.pyd
0x00007fff1f610000 - 0x00007fff1f61d000 	c:\users\jncwi\appdata\local\programs\python\python37\DLLs\_hashlib.pyd
0x00007fff183b0000 - 0x00007fff186f5000 	c:\users\jncwi\appdata\local\programs\python\python37\DLLs\libcrypto-1_1.dll
0x00007fff3cdf0000 - 0x00007fff3cf90000 	C:\WINDOWS\System32\USER32.dll
0x00007fff3c730000 - 0x00007fff3c752000 	C:\WINDOWS\System32\win32u.dll
0x00007fff3d700000 - 0x00007fff3d72a000 	C:\WINDOWS\System32\GDI32.dll
0x00007fff3c810000 - 0x00007fff3c91b000 	C:\WINDOWS\System32\gdi32full.dll
0x00007fff3c920000 - 0x00007fff3c9bd000 	C:\WINDOWS\System32\msvcp_win.dll
0x00007fff3e950000 - 0x00007fff3e980000 	C:\WINDOWS\System32\IMM32.DLL
0x00007fff1c4d0000 - 0x00007fff1c4f3000 	c:\users\jncwi\appdata\local\programs\python\python37\DLLs\_ctypes.pyd
0x00007fff3e980000 - 0x00007fff3eaaa000 	C:\WINDOWS\System32\ole32.dll
0x00007fff3e180000 - 0x00007fff3e4d4000 	C:\WINDOWS\System32\combase.dll
0x00007fff3d070000 - 0x00007fff3d13d000 	C:\WINDOWS\System32\OLEAUT32.dll
0x00007fff3d730000 - 0x00007fff3de74000 	C:\WINDOWS\System32\shell32.DLL
0x00007fff1a3d0000 - 0x00007fff1a3e7000 	c:\users\jncwi\appdata\local\programs\python\python37\DLLs\_sqlite3.pyd
0x00007ffef6bb0000 - 0x00007ffef6ce9000 	c:\users\jncwi\appdata\local\programs\python\python37\DLLs\sqlite3.dll
0x00007fff1f5f0000 - 0x00007fff1f605000 	c:\users\jncwi\appdata\local\programs\python\python37\DLLs\_socket.pyd
0x00007fff1f5e0000 - 0x00007fff1f5e9000 	c:\users\jncwi\appdata\local\programs\python\python37\DLLs\select.pyd
0x00007fff1f540000 - 0x00007fff1f55f000 	c:\users\jncwi\appdata\local\programs\python\python37\DLLs\_ssl.pyd
0x00007fff3c9c0000 - 0x00007fff3cb16000 	C:\WINDOWS\System32\CRYPT32.dll
0x00007fff1c510000 - 0x00007fff1c5bc000 	c:\users\jncwi\appdata\local\programs\python\python37\DLLs\libssl-1_1.dll
0x00007fff1c410000 - 0x00007fff1c424000 	c:\users\jncwi\appdata\local\programs\python\python37\DLLs\_asyncio.pyd
0x00007fff1c4b0000 - 0x00007fff1c4bd000 	c:\users\jncwi\appdata\local\programs\python\python37\DLLs\_overlapped.pyd
0x00007fff3b9e0000 - 0x00007fff3ba4a000 	C:\WINDOWS\system32\mswsock.dll
0x00007fff1a650000 - 0x00007fff1a758000 	c:\users\jncwi\appdata\local\programs\python\python37\DLLs\unicodedata.pyd
0x00007fff1d330000 - 0x00007fff1d339000 	c:\users\jncwi\appdata\local\programs\python\python37\DLLs\_queue.pyd
0x00007fff102d0000 - 0x00007fff1035e000 	c:\users\jncwi\appdata\local\programs\python\python37\lib\site-packages\zmq\libzmq.cp37-win_amd64.pyd
0x00007fff3b680000 - 0x00007fff3b6bb000 	C:\WINDOWS\SYSTEM32\IPHLPAPI.DLL
0x00007fff0c5f0000 - 0x00007fff0c68d000 	c:\users\jncwi\appdata\local\programs\python\python37\lib\site-packages\zmq\MSVCP140.dll
0x00007fff1b7b0000 - 0x00007fff1b7c6000 	c:\users\jncwi\appdata\local\programs\python\python37\lib\site-packages\zmq\backend\cython\constants.cp37-win_amd64.pyd
0x00007fff1bf40000 - 0x00007fff1bf4d000 	c:\users\jncwi\appdata\local\programs\python\python37\lib\site-packages\zmq\backend\cython\error.cp37-win_amd64.pyd
0x00007fff1b720000 - 0x00007fff1b73a000 	c:\users\jncwi\appdata\local\programs\python\python37\lib\site-packages\zmq\backend\cython\message.cp37-win_amd64.pyd
0x00007fff1ad00000 - 0x00007fff1ad14000 	c:\users\jncwi\appdata\local\programs\python\python37\lib\site-packages\zmq\backend\cython\context.cp37-win_amd64.pyd
0x00007fff1a870000 - 0x00007fff1a893000 	c:\users\jncwi\appdata\local\programs\python\python37\lib\site-packages\zmq\backend\cython\socket.cp37-win_amd64.pyd
0x00007fff1b710000 - 0x00007fff1b71f000 	c:\users\jncwi\appdata\local\programs\python\python37\lib\site-packages\zmq\backend\cython\utils.cp37-win_amd64.pyd
0x00007fff1a630000 - 0x00007fff1a644000 	c:\users\jncwi\appdata\local\programs\python\python37\lib\site-packages\zmq\backend\cython\_poll.cp37-win_amd64.pyd
0x00007fff1b610000 - 0x00007fff1b61d000 	c:\users\jncwi\appdata\local\programs\python\python37\lib\site-packages\zmq\backend\cython\_version.cp37-win_amd64.pyd
0x00007fff1a3f0000 - 0x00007fff1a401000 	c:\users\jncwi\appdata\local\programs\python\python37\lib\site-packages\zmq\backend\cython\_device.cp37-win_amd64.pyd
0x00007fff1acf0000 - 0x00007fff1ad00000 	c:\users\jncwi\appdata\local\programs\python\python37\lib\site-packages\zmq\backend\cython\_proxy_steerable.cp37-win_amd64.pyd
0x00007fff1a8a0000 - 0x00007fff1a8e4000 	c:\users\jncwi\appdata\local\programs\python\python37\DLLs\_decimal.pyd
0x00007fff1aa50000 - 0x00007fff1aa60000 	c:\users\jncwi\appdata\local\programs\python\python37\lib\site-packages\simplejson\_speedups.cp37-win_amd64.pyd
0x00007fff1c500000 - 0x00007fff1c509000 	c:\users\jncwi\appdata\local\programs\python\python37\lib\site-packages\tornado\speedups.cp37-win_amd64.pyd
0x00007fff3ae30000 - 0x00007fff3ae42000 	C:\WINDOWS\SYSTEM32\kernel.appcore.dll
0x00007fff3e8c0000 - 0x00007fff3e8c8000 	C:\WINDOWS\System32\NSI.dll
0x00007fff34640000 - 0x00007fff34657000 	C:\WINDOWS\SYSTEM32\dhcpcsvc6.DLL
0x00007fff34610000 - 0x00007fff3462d000 	C:\WINDOWS\SYSTEM32\dhcpcsvc.DLL
0x00007fff3b6c0000 - 0x00007fff3b78b000 	C:\WINDOWS\SYSTEM32\DNSAPI.dll
0x00000000772d0000 - 0x00000000772f6000 	c:\users\jncwi\appdata\local\programs\python\python37\lib\site-packages\win32\win32api.pyd
0x0000000076810000 - 0x0000000076837000 	c:\users\jncwi\appdata\local\programs\python\python37\lib\site-packages\pywin32_system32\pywintypes37.dll
0x00007fff1dba0000 - 0x00007fff1dbac000 	C:\WINDOWS\SYSTEM32\secur32.dll
0x00007fff3c0d0000 - 0x00007fff3c102000 	C:\WINDOWS\SYSTEM32\SSPICLI.DLL
0x00000000767e0000 - 0x0000000076808000 	c:\users\jncwi\appdata\local\programs\python\python37\lib\site-packages\win32\win32security.pyd
0x00007fff25b30000 - 0x00007fff25b4a000 	C:\WINDOWS\SYSTEM32\NETAPI32.dll
0x00007fff3b830000 - 0x00007fff3b83c000 	C:\WINDOWS\SYSTEM32\NETUTILS.DLL
0x00000226e2110000 - 0x00000226e2113000 	C:\WINDOWS\SYSTEM32\security.dll
0x00007fff110e0000 - 0x00007fff1110a000 	C:\WINDOWS\SYSTEM32\ntdsapi.dll
0x00007fff3b790000 - 0x00007fff3b7d4000 	C:\WINDOWS\SYSTEM32\LOGONCLI.DLL
0x00007fff108a0000 - 0x00007fff108d5000 	c:\users\jncwi\appdata\local\programs\python\python37\DLLs\_elementtree.pyd
0x00007fff119f0000 - 0x00007fff11a22000 	c:\users\jncwi\appdata\local\programs\python\python37\DLLs\pyexpat.pyd
0x0000000067200000 - 0x0000000068f91000 	c:\users\jncwi\appdata\local\programs\python\python37\lib\site-packages\numpy\.libs\libopenblas.WCDJNK7YVMPZQ2ME2ZZHJJRJ3JIKNDB7.gfortran-win_amd64.dll
0x00007ffe86880000 - 0x00007ffe86b49000 	c:\users\jncwi\appdata\local\programs\python\python37\lib\site-packages\numpy\core\_multiarray_umath.cp37-win_amd64.pyd
0x00007fff18760000 - 0x00007fff18782000 	c:\users\jncwi\appdata\local\programs\python\python37\lib\site-packages\pickle5\_pickle.cp37-win_amd64.pyd
0x00007fff25cc0000 - 0x00007fff25cdf000 	c:\users\jncwi\appdata\local\programs\python\python37\lib\site-packages\numpy\core\_multiarray_tests.cp37-win_amd64.pyd
0x00007fff1f850000 - 0x00007fff1f859000 	c:\users\jncwi\appdata\local\programs\python\python37\lib\site-packages\numpy\linalg\lapack_lite.cp37-win_amd64.pyd
0x00007fff18730000 - 0x00007fff1875a000 	c:\users\jncwi\appdata\local\programs\python\python37\lib\site-packages\numpy\linalg\_umath_linalg.cp37-win_amd64.pyd
0x00007fff1a3b0000 - 0x00007fff1a3d0000 	c:\users\jncwi\appdata\local\programs\python\python37\lib\site-packages\numpy\fft\_pocketfft_internal.cp37-win_amd64.pyd
0x00007ffef86b0000 - 0x00007ffef873f000 	c:\users\jncwi\appdata\local\programs\python\python37\lib\site-packages\numpy\random\mtrand.cp37-win_amd64.pyd
0x00007fff18700000 - 0x00007fff18729000 	c:\users\jncwi\appdata\local\programs\python\python37\lib\site-packages\numpy\random\bit_generator.cp37-win_amd64.pyd
0x00007fff10c10000 - 0x00007fff10c41000 	c:\users\jncwi\appdata\local\programs\python\python37\lib\site-packages\numpy\random\_common.cp37-win_amd64.pyd
0x00007fff0c5b0000 - 0x00007fff0c5f0000 	c:\users\jncwi\appdata\local\programs\python\python37\lib\site-packages\numpy\random\_bounded_integers.cp37-win_amd64.pyd
0x00007fff10fc0000 - 0x00007fff10fd8000 	c:\users\jncwi\appdata\local\programs\python\python37\lib\site-packages\numpy\random\_mt19937.cp37-win_amd64.pyd
0x00007fff10ec0000 - 0x00007fff10ed7000 	c:\users\jncwi\appdata\local\programs\python\python37\lib\site-packages\numpy\random\_philox.cp37-win_amd64.pyd
0x00007fff10e80000 - 0x00007fff10e95000 	c:\users\jncwi\appdata\local\programs\python\python37\lib\site-packages\numpy\random\_pcg64.cp37-win_amd64.pyd
0x00007fff10d70000 - 0x00007fff10d82000 	c:\users\jncwi\appdata\local\programs\python\python37\lib\site-packages\numpy\random\_sfc64.cp37-win_amd64.pyd
0x00007ffef7d50000 - 0x00007ffef7df4000 	c:\users\jncwi\appdata\local\programs\python\python37\lib\site-packages\numpy\random\_generator.cp37-win_amd64.pyd
0x0000000070200000 - 0x0000000070228000 	c:\users\jncwi\appdata\local\programs\python\python37\lib\site-packages\scipy\.libs\libansari.R6EA3HQP5KZ6TAXU4Y4ZVTRPT7UVA53Z.gfortran-win_amd64.dll
0x0000000063f80000 - 0x0000000064026000 	c:\users\jncwi\appdata\local\programs\python\python37\lib\site-packages\scipy\.libs\libbanded5x.R7EYUGKI2FRERESDG73QTEH6T2DPNBTM.gfortran-win_amd64.dll
0x0000000064280000 - 0x0000000065ec0000 	c:\users\jncwi\appdata\local\programs\python\python37\lib\site-packages\scipy\.libs\libopenblas.3HBPCJB5BPQGKWVZAVEBXNNJ2Q2G3TUP.gfortran-win_amd64.dll
0x0000000061c80000 - 0x0000000061e3f000 	c:\users\jncwi\appdata\local\programs\python\python37\lib\site-packages\scipy\.libs\libbispeu.7AH3PCQ2E2NGLC3AQD7FFAH73KGJTZCJ.gfortran-win_amd64.dll
0x0000000061880000 - 0x0000000061923000 	c:\users\jncwi\appdata\local\programs\python\python37\lib\site-packages\scipy\.libs\libblkdta00.DKXGMSWS6MEYNG7ECMS5QH3XMXU557EO.gfortran-win_amd64.dll
0x000000006d540000 - 0x000000006d58a000 	c:\users\jncwi\appdata\local\programs\python\python37\lib\site-packages\scipy\.libs\libchkder.G7WSOGIYYQO3UWFVEZ3PPXCXR53ADVPA.gfortran-win_amd64.dll
0x00000000006b0000 - 0x0000000000751000 	c:\users\jncwi\appdata\local\programs\python\python37\lib\site-packages\scipy\.libs\libcobyla2.25EVUSEBAW7VKISARB7LO3UGZPN2HXE3.gfortran-win_amd64.dll
0x0000000000760000 - 0x0000000000778000 	c:\users\jncwi\appdata\local\programs\python\python37\lib\site-packages\scipy\.libs\libdcsrch.I2AOPDCXAPDRFNPWY55H5UE7XZSU5CVN.gfortran-win_amd64.dll
0x000000006c880000 - 0x000000006c89e000 	c:\users\jncwi\appdata\local\programs\python\python37\lib\site-packages\scipy\.libs\libdet.TH6FYQPHZKSFDGDXHH3WUWQ4R6ABWPF2.gfortran-win_amd64.dll
0x0000000069dc0000 - 0x0000000069f48000 	c:\users\jncwi\appdata\local\programs\python\python37\lib\site-packages\scipy\.libs\libdfft.SIFNID2JOOTLOVQVGNVZ7UGQ2HD3HFGU.gfortran-win_amd64.dll
0x000000006b680000 - 0x000000006b83f000 	c:\users\jncwi\appdata\local\programs\python\python37\lib\site-packages\scipy\.libs\libdfitpack.TCSQXP62XZEF2TJFDUO4ZNU2JINJ5MPX.gfortran-win_amd64.dll
0x000000006a340000 - 0x000000006a5aa000 	c:\users\jncwi\appdata\local\programs\python\python37\lib\site-packages\scipy\.libs\libdgamln.HWUVDBTLHW3KLQH5ZD2MZEOSG3JSUZIC.gfortran-win_amd64.dll
0x000000006d040000 - 0x000000006d103000 	c:\users\jncwi\appdata\local\programs\python\python37\lib\site-packages\scipy\.libs\libdqag.GCPG4I2OGKZD7RP4DBLLVM4YQKWWC2JR.gfortran-win_amd64.dll
0x0000000000780000 - 0x000000000089e000 	c:\users\jncwi\appdata\local\programs\python\python37\lib\site-packages\scipy\.libs\libd_odr.SIJHWKGFN4NSCYMZ42H323VGWZWTWQG3.gfortran-win_amd64.dll
0x00000000008a0000 - 0x00000000008fc000 	c:\users\jncwi\appdata\local\programs\python\python37\lib\site-packages\scipy\.libs\libgetbreak.IT23A4EIH7I5EL6CYJ3CDPOX7GPVJHNP.gfortran-win_amd64.dll
0x00000000668c0000 - 0x000000006696c000 	c:\users\jncwi\appdata\local\programs\python\python37\lib\site-packages\scipy\.libs\liblbfgsb.CTL2SW4ZXE7KJKYEYTHAKYMVYST2C6OG.gfortran-win_amd64.dll
0x000000006ba40000 - 0x000000006bae3000 	c:\users\jncwi\appdata\local\programs\python\python37\lib\site-packages\scipy\.libs\liblsoda-f2.HQP3FUMAYR5243AOEZ4STHBDZ3BYK4RM.gfortran-win_amd64.dll
0x0000000000900000 - 0x0000000000a27000 	c:\users\jncwi\appdata\local\programs\python\python37\lib\site-packages\scipy\.libs\libmvndst.5VXNIPAPINAF5NIHXAFNA4OTHOPNDEWG.gfortran-win_amd64.dll
0x0000000065fc0000 - 0x0000000066042000 	c:\users\jncwi\appdata\local\programs\python\python37\lib\site-packages\scipy\.libs\libnnls.4HUTGAJQTI623WTX372VAIIWXRLC62YU.gfortran-win_amd64.dll
0x00000000625c0000 - 0x0000000062607000 	c:\users\jncwi\appdata\local\programs\python\python37\lib\site-packages\scipy\.libs\libslsqp_op.RGGN6ZOFD2K47X7YRNDYCM7JFP4AGLER.gfortran-win_amd64.dll
0x000000006e9c0000 - 0x000000006eb1b000 	c:\users\jncwi\appdata\local\programs\python\python37\lib\site-packages\scipy\.libs\libspecfun.LQCTHMCYNULEOOGKIO6AGREE6D6V37RU.gfortran-win_amd64.dll
0x0000000066c00000 - 0x0000000066cdd000 	c:\users\jncwi\appdata\local\programs\python\python37\lib\site-packages\scipy\.libs\libvode-f2p.J4SIRKKRH4QX2GGUKQJAYYCNNBEYXHZV.gfortran-win_amd64.dll
0x0000000000a30000 - 0x0000000000a61000 	c:\users\jncwi\appdata\local\programs\python\python37\lib\site-packages\scipy\.libs\libwrap_dum.PK5Z57N77APYG6TM2EI34B2YRKZS4RH6.gfortran-win_amd64.dll
0x0000000063840000 - 0x0000000063858000 	c:\users\jncwi\appdata\local\programs\python\python37\lib\site-packages\scipy\.libs\libwrap_dum.RSYFTVAWQB4TMWXDDFXLEVBVXZYMECRT.gfortran-win_amd64.dll
0x0000000000a70000 - 0x0000000000c00000 	c:\users\jncwi\appdata\local\programs\python\python37\lib\site-packages\scipy\.libs\lib_arpack-.DGM5TPZIFBW3U5BXJ4WVVXRMY4KHCI2S.gfortran-win_amd64.dll
0x0000000070400000 - 0x0000000070428000 	c:\users\jncwi\appdata\local\programs\python\python37\lib\site-packages\scipy\.libs\lib_blas_su.YLJY5MO4UBI2SVQYOWQ7BGEIZAYDBI5M.gfortran-win_amd64.dll
0x0000000000c00000 - 0x0000000000c9a000 	c:\users\jncwi\appdata\local\programs\python\python37\lib\site-packages\scipy\.libs\lib_dop-f2p.H5ICLGM4NKU5EDEIUJIKVMQ6YNOF7IZ6.gfortran-win_amd64.dll
0x0000000062d40000 - 0x0000000062dbc000 	c:\users\jncwi\appdata\local\programs\python\python37\lib\site-packages\scipy\.libs\lib_test_fo.JF5HTWMUPBXWGAYEBVEJU3OZAHTSVKCT.gfortran-win_amd64.dll
0x00007fff35480000 - 0x00007fff3551d000 	c:\users\jncwi\appdata\local\programs\python\python37\lib\site-packages\scipy\.libs\msvcp140.dll
0x00007fff36d70000 - 0x00007fff36d86000 	c:\users\jncwi\appdata\local\programs\python\python37\lib\site-packages\scipy\_lib\_ccallback_c.cp37-win_amd64.pyd
0x00007fff34270000 - 0x00007fff342f3000 	c:\users\jncwi\appdata\local\programs\python\python37\lib\site-packages\scipy\spatial\ckdtree.cp37-win_amd64.pyd
0x00007ffe853b0000 - 0x00007ffe8560f000 	c:\users\jncwi\appdata\local\programs\python\python37\lib\site-packages\scipy\sparse\_sparsetools.cp37-win_amd64.pyd

dbghelp: loaded successfully - version: 4.0.5 - missing functions: none
symbol engine: initialized successfully - sym options: 0x614 - pdb path: .;c:\users\jncwi\appdata\local\programs\python\python37;C:\WINDOWS\SYSTEM32;c:\users\jncwi\appdata\local\programs\python\python37\DLLs;c:\users\jncwi\appdata\local\programs\python\python37\lib\site-packages\zmq;c:\users\jncwi\appdata\local\programs\python\python37\lib\site-packages\zmq\backend\cython;c:\users\jncwi\appdata\local\programs\python\python37\lib\site-packages\simplejson;c:\users\jncwi\appdata\local\programs\python\python37\lib\site-packages\tornado;c:\users\jncwi\appdata\local\programs\python\python37\lib\site-packages\win32;c:\users\jncwi\appdata\local\programs\python\python37\lib\site-packages\pywin32_system32;c:\users\jncwi\appdata\local\programs\python\python37\lib\site-packages\numpy\.libs;c:\users\jncwi\appdata\local\programs\python\python37\lib\site-packages\numpy\core;c:\users\jncwi\appdata\local\programs\python\python37\lib\site-packages\pickle5;c:\users\jncwi\appdata\local\programs\python\python37\lib\site-packages\numpy\linalg;c:\users\jncwi\appdata\local\programs\python\python37\lib\site-packages\numpy\fft;c:\users\jncwi\appdata\local\programs\python\python37\lib\site-packages\numpy\random;c:\users\jncwi\appdata\local\programs\python\python37\lib\site-packages\scipy\.libs;c:\users\jncwi\appdata\local\programs\python\python37\lib\site-packages\scipy\_lib;c:\users\jncwi\appdata\local\programs\python\python37\lib\site-packages\scipy\spatial;c:\users\jncwi\appdata\local\programs\python\python37\lib\site-packages\scipy\sparse;c:\users\jncwi\appdata\local\programs\python\python37\lib\site-packages\scipy\sparse\csgraph;c:\users\jncwi\appdata\local\programs\python\python37\lib\site-packages\scipy\linalg;c:\users\jncwi\appdata\local\programs\python\python37\lib\site-packages\scipy\special;c:\users\jncwi\appdata\local\programs\python\python37\lib\site-packages\scipy\spatial\transform;c:\users\jncwi\appdata\local\programs\python\python37\lib\site-packages\scipy\ndimage;c:\users\jncwi\appdata\local\programs\python\python37\lib\site-packages\scipy\optimize;c:\users\jncwi\appdata\local\programs\python\python37\lib\site-packages\scipy\sparse\linalg\isolve;c:\users\jncwi\appdata\local\programs\python\python37\lib\site-packages\scipy\sparse\linalg\dsolve;c:\users\jncwi\appdata\local\programs\python\python37\lib\site-packages\scipy\sparse\linalg\eigen\arpack;c:\users\jncwi\appdata\local\programs\python\python37\lib\site-packages\scipy\optimize\_trlib;c:\users\jncwi\appdata\local\programs\python\python37\lib\site-packages\scipy\optimize\_lsq;c:\users\jncwi\appdata\local\programs\python\python37\lib\site-packages\scipy\optimize\_highs;c:\users\jncwi\appdata\local\programs\python\python37\lib\site-packages\scipy\integrate;c:\users\jncwi\appdata\local\programs\python\python37\lib\site-packages\scipy\interpolate;c:\users\jncwi\appdata\local\programs\python\python37\lib\site-packages\scipy\stats;c:\users\jncwi\appdata\local\programs\python\python37\lib\site-packages\scipy\stats\_boost;C:\WINDOWS\WinSxS\amd64_microsoft.windows.common-controls_6595b64144ccf1df_6.0.19041.1110_none_60b5254171f9507e;c:\users\jncwi\appdata\local\programs\python\python37\lib\site-packages\regex;c:\users\jncwi\appdata\local\programs\python\python37\lib\site-packages\sklearn\.libs;c:\users\jncwi\appdata\local\programs\python\python37\lib\site-packages\sklearn\__check_build;c:\users\jncwi\appdata\local\programs\python\python37\lib\site-packages\sklearn\utils;c:\users\jncwi\appdata\local\programs\python\python37\lib\site-packages\lz4;c:\users\jncwi\appdata\local\programs\python\python37\lib\site-packages\lz4\frame;c:\users\jncwi\appdata\local\programs\python\python37\lib\site-packages\sklearn\feature_extraction;c:\users\jncwi\appdata\local\programs\python\python37\lib\site-packages\sklearn\preprocessing;c:\users\jncwi\appdata\local\programs\python\python37\lib\site-packages\sklearn\datasets;c:\users\jncwi\appdata\local\programs\python\python37\lib\site-packages\scipy\io\matlab;c:\users\jncwi\appdata\local\programs\python\python37\lib\site-packages\sklearn\svm;c:\users\jncwi\appdata\local\programs\python\python37\lib\site-packages\sklearn\metrics\cluster;c:\users\jncwi\appdata\local\programs\python\python37\lib\site-packages\sklearn\metrics;c:\users\jncwi\appdata\local\programs\python\python37\lib\site-packages\sklearn\linear_model;c:\users\jncwi\appdata\local\programs\python\python37\lib\site-packages\pandas\_libs;c:\users\jncwi\appdata\local\programs\python\python37\lib\site-packages\pandas\_libs\tslibs;c:\users\jncwi\appdata\local\programs\python\python37\lib\site-packages\pandas\_libs\window;c:\users\jncwi\appdata\local\programs\python\python37\lib\site-packages\jnius;C:\Program Files\Java\jdk-12.0.1\bin\server;C:\Program Files\Java\jdk-12.0.1\bin;C:\Users\jncwi\AppData\Local\Temp

VM Arguments:
java_command: <unknown>
java_class_path (initial): C:\Users\jncwi\.pyterrier\terrier-assemblies-5.6-jar-with-dependencies.jar;C:\Users\jncwi\.pyterrier\terrier-python-helper-0.0.6.jar;c:\users\jncwi\appdata\local\programs\python\python37\lib\site-packages\jnius\src
Launcher Type: generic

[Global flags]
     intx CICompilerCount                          = 12                                        {product} {ergonomic}
     uint ConcGCThreads                            = 3                                         {product} {ergonomic}
     uint G1ConcRefinementThreads                  = 13                                        {product} {ergonomic}
   size_t G1HeapRegionSize                         = 4194304                                   {product} {ergonomic}
    uintx GCDrainStackTargetSize                   = 64                                        {product} {ergonomic}
   size_t InitialHeapSize                          = 1073741824                                {product} {ergonomic}
   size_t MarkStackSize                            = 4194304                                   {product} {ergonomic}
   size_t MaxHeapSize                              = 17163091968                               {product} {ergonomic}
   size_t MaxNewSize                               = 10297016320                               {product} {ergonomic}
   size_t MinHeapDeltaBytes                        = 4194304                                   {product} {ergonomic}
    uintx NonNMethodCodeHeapSize                   = 7594288                                {pd product} {ergonomic}
    uintx NonProfiledCodeHeapSize                  = 122031976                              {pd product} {ergonomic}
    uintx ProfiledCodeHeapSize                     = 122031976                              {pd product} {ergonomic}
    uintx ReservedCodeCacheSize                    = 251658240                              {pd product} {ergonomic}
     bool SegmentedCodeCache                       = true                                      {product} {ergonomic}
     bool UseCompressedClassPointers               = true                                 {lp64_product} {ergonomic}
     bool UseCompressedOops                        = true                                 {lp64_product} {ergonomic}
     bool UseG1GC                                  = true                                      {product} {ergonomic}
     bool UseLargePagesIndividualAllocation        = false                                  {pd product} {ergonomic}

Logging:
Log output configuration:
 #0: stdout all=warning uptime,level,tags
 #1: stderr all=off uptime,level,tags

Environment Variables:
JAVA_HOME=C:\Program Files\Java\jdk-12.0.1in
PATH=c:\users\jncwi\appdata\local\programs\python\python37\lib\site-packages\pywin32_system32;c:\program files\nvidia gpu computing toolkit\cuda\v11.1\bin;c:\program files\nvidia gpu computing toolkit\cuda\v11.1\libnvvp;c:\users\jncwi\appdata\local\programs\protoc\bin\protoc.exe;c:\windows\system32;c:\program files\java\jdk-12.0.1\bin;c:\users\jncwi\php7\php7;c:\program files\nvidia gpu computing toolkit\cuda\v10.2\bin;c:\program files\nvidia gpu computing toolkit\cuda\v10.1\bin;c:\program files\nvidia gpu computing toolkit\cuda\v10.1\libnvvp;c:\program files\nvidia gpu computing toolkit\cuda\v11.2\bin;c:\program files\nvidia gpu computing toolkit\cuda\v11.2\libnvvp;c:\program files\nvidia gpu computing toolkit\cuda\v11.4\bin;c:\program files\nvidia gpu computing toolkit\cuda\v11.4\libnvvp;c:\windows;c:\windows\system32\wbem;c:\windows\system32\windowspowershell\v1.0\;c:\windows\system32\openssh\;c:\program files\apache-maven-3.6.1\bin;c:\program files\common files;c:\windows\system32;c:\windows;c:\windows\system32\wbem;c:\windows\system32\windowspowershell\v1.0\;c:\windows\system32\openssh\;c:\program files\dotnet\;c:\program files\microsoft sql server\130\tools\binn\;c:\program files\git\cmd;c:\program files (x86)\intel\intel(r) management engine components\dal;c:\program files\intel\intel(r) management engine components\dal;c:\program files\intel\wifi\bin\;c:\program;c:\users\jncwi\apache24\bin;c:\program files (x86)\dotnet\;c:\windows\system32;c:\windows;c:\windows\system32\wbem;c:\windows\system32\windowspowershell\v1.0\;c:\windows\system32\openssh\;c:\program files\nvidia corporation\nsight compute 2020.2.0\;;c:\program files\nvidia corporation\nvidia nvdlisr;C:\Program Files (x86)\NVIDIA Corporation\PhysX\Common;C:\Users\jncwi\AppData\Local\Programs\Python\Python37\Scripts\;C:\Users\jncwi\AppData\Local\Programs\Python\Python37\;C:\Program Files\MySQL\MySQL Shell 8.0\bin\;C:\Program Files\Intel\WiFi\bin\;C:\Program Files\Common Files\Intel\WirelessCommon\;C:\User
USERNAME=jncwi
OS=Windows_NT
PROCESSOR_IDENTIFIER=Intel64 Family 6 Model 158 Stepping 12, GenuineIntel



---------------  S Y S T E M  ---------------

OS: Windows 10 , 64 bit Build 19041 (10.0.19041.1566)

CPU:total 16 (initial active 16) (8 cores per cpu, 2 threads per core) family 6 model 158 stepping 12, cmov, cx8, fxsr, mmx, sse, sse2, sse3, ssse3, sse4.1, sse4.2, popcnt, avx, avx2, aes, clmul, erms, rtm, 3dnowpref, lzcnt, ht, tsc, tscinvbit, bmi1, bmi2, adx, fma

Memory: 4k page, system-wide physical 65468M (45077M free)
TotalPageFile size 94140M (AvailPageFile size 52796M)
current process WorkingSet (physical memory assigned to process): 674M, peak: 674M
current process commit charge ("private bytes"): 4227M, peak: 4244M

vm_info: Java HotSpot(TM) 64-Bit Server VM (12.0.1+12) for windows-amd64 JRE (12.0.1+12), built on Apr  2 2019 14:02:19 by "mach5one" with MS VC++ 15.5 (VS2017)

END.
